{"level":"error","message":"---------------------Error Creating User--Validation error-----------------------------","timestamp":"2024-04-22 10:24:34"}
{"level":"error","message":"---------------------Error Logging the User--Username or password is incorrect---------------------------","timestamp":"2024-04-22 10:25:08"}
{"level":"error","message":"---------------------Error Logging the User--Username or password is incorrect---------------------------","timestamp":"2024-04-22 10:25:15"}
{"level":"error","message":"-----------------Error fetching given project, message: Cannot read properties of undefined (reading 'rating')-------------------","timestamp":"2024-04-22 10:30:18"}
{"level":"error","message":"-----------------Error fetching given project, message: Cannot read properties of undefined (reading 'rating')-------------------","timestamp":"2024-04-22 10:40:30"}
{"level":"error","message":"---------------------Error Creating User--Validation error-----------------------------","timestamp":"2024-04-22 10:44:54"}
{"level":"error","message":"-----------------Error fetching given project, message: Cannot read properties of undefined (reading 'rating')-------------------","timestamp":"2024-04-22 10:53:10"}
{"level":"error","message":"-----------------Error fetching given project, message: Cannot read properties of undefined (reading 'rating')-------------------","timestamp":"2024-04-22 10:54:15"}
{"level":"error","message":"-----------------Error fetching given project, message: Cannot read properties of undefined (reading 'rating')-------------------","timestamp":"2024-04-22 10:54:19"}
{"level":"error","message":"-----------------Error liking project: User has already liked the post.---------------------------","timestamp":"2024-04-22 10:54:28"}
{"level":"error","message":"-----------------Error liking project: User has already liked the post.---------------------------","timestamp":"2024-04-22 10:54:33"}
{"level":"error","message":"-----------------Error liking project: User has already liked the post.---------------------------","timestamp":"2024-04-22 10:54:35"}
{"level":"error","message":"-----------------Error liking project: User has already liked the post.---------------------------","timestamp":"2024-04-22 10:54:41"}
{"level":"error","message":"-----------------Error liking project: User has already liked the post.---------------------------","timestamp":"2024-04-22 10:55:18"}
{"level":"error","message":"-----------------Error liking project: User has already liked the post.---------------------------","timestamp":"2024-04-22 10:55:29"}
{"level":"error","message":"-----------------Error fetching given project, message: Cannot read properties of undefined (reading 'rating')-------------------","timestamp":"2024-04-22 10:58:25"}
{"level":"error","message":"-----------------Error fetching given project, message: invalid input syntax for type integer: \"undefined\"-------------------","timestamp":"2024-04-22 10:58:27"}
{"level":"error","message":"-----------------Error fetching given project, message: Cannot read properties of undefined (reading 'rating')-------------------","timestamp":"2024-04-22 10:58:30"}
{"level":"error","message":"-----------------Error fetching given project, message: Cannot read properties of undefined (reading 'rating')-------------------","timestamp":"2024-04-22 10:58:34"}
{"level":"error","message":"-----------------Error fetching given project, message: Cannot read properties of undefined (reading 'rating')-------------------","timestamp":"2024-04-22 10:58:42"}
{"level":"error","message":"-----------------Error fetching given project, message: invalid input syntax for type integer: \"undefined\"-------------------","timestamp":"2024-04-22 10:58:45"}
{"level":"error","message":"-----------------Error fetching given project, message: Cannot read properties of undefined (reading 'rating')-------------------","timestamp":"2024-04-22 10:59:13"}
{"level":"error","message":"-----------------Error fetching given project, message: Cannot read properties of undefined (reading 'rating')-------------------","timestamp":"2024-04-22 10:59:20"}
{"level":"error","message":"-----------------Error fetching given project, message: Cannot read properties of undefined (reading 'rating')-------------------","timestamp":"2024-04-22 10:59:34"}
{"level":"error","message":"-----------------Error liking project: User has already liked the post.---------------------------","timestamp":"2024-04-22 11:00:18"}
{"level":"error","message":"-----------------Error fetching given project, message: Cannot read properties of undefined (reading 'rating')-------------------","timestamp":"2024-04-22 11:14:14"}
{"level":"error","message":"-----------------Error fetching given project, message: Cannot read properties of undefined (reading 'rating')-------------------","timestamp":"2024-04-22 11:14:18"}
{"level":"error","message":"-----------------Error fetching given project, message: Cannot read properties of undefined (reading 'rating')-------------------","timestamp":"2024-04-22 11:14:21"}
{"level":"error","message":"-----------------Error fetching given project, message: Cannot read properties of undefined (reading 'rating')-------------------","timestamp":"2024-04-22 11:14:38"}
{"level":"error","message":"-----------------Error fetching given project, message: Cannot read properties of undefined (reading 'rating')-------------------","timestamp":"2024-04-22 11:18:17"}
{"level":"error","message":"-----------------Error fetching given project, message: Cannot read properties of undefined (reading 'rating')-------------------","timestamp":"2024-04-22 11:18:23"}
{"level":"error","message":"-----------------Error fetching given project, message: Cannot read properties of undefined (reading 'rating')-------------------","timestamp":"2024-04-22 11:18:31"}
{"level":"error","message":"-----------------Error fetching given project, message: Cannot read properties of undefined (reading 'rating')-------------------","timestamp":"2024-04-22 11:19:23"}
{"level":"error","message":"-----------------Error fetching given project, message: invalid input syntax for type integer: \"undefined\"-------------------","timestamp":"2024-04-22 11:19:24"}
{"level":"error","message":"-----------------Error liking project: User has already liked the post.---------------------------","timestamp":"2024-04-22 11:19:30"}
{"level":"error","message":"-----------------Error liking project: User has already liked the post.---------------------------","timestamp":"2024-04-22 11:19:34"}
{"level":"error","message":"-----------------Error liking project: User has already liked the post.---------------------------","timestamp":"2024-04-22 11:19:42"}
{"level":"error","message":"-----------------Error liking project: User has already liked the post.---------------------------","timestamp":"2024-04-22 11:19:48"}
{"level":"error","message":"-----------------Error liking project: User has already liked the post.---------------------------","timestamp":"2024-04-22 11:20:53"}
{"level":"error","message":"-----------------Error liking project: User has already liked the post.---------------------------","timestamp":"2024-04-22 11:24:56"}
{"level":"error","message":"-----------------Error fetching given project, message: Cannot read properties of undefined (reading 'rating')-------------------","timestamp":"2024-04-22 12:09:35"}
{"level":"error","message":"-----------------Error fetching given project, message: Cannot read properties of undefined (reading 'rating')-------------------","timestamp":"2024-04-22 12:09:46"}
{"level":"error","message":"-----------------Error fetching given project, message: Cannot read properties of undefined (reading 'rating')-------------------","timestamp":"2024-04-22 12:17:45"}
{"level":"error","message":"-----------------Error fetching given project, message: Cannot read properties of undefined (reading 'rating')-------------------","timestamp":"2024-04-22 12:18:38"}
{"level":"error","message":"-----------------Error fetching given project, message: invalid input syntax for type integer: \"undefined\"-------------------","timestamp":"2024-04-22 12:18:39"}
{"level":"error","message":"-----------------Error fetching given project, message: Cannot read properties of undefined (reading 'rating')-------------------","timestamp":"2024-04-22 12:20:26"}
{"level":"error","message":"-----------------Error fetching given project, message: Cannot read properties of undefined (reading 'rating')-------------------","timestamp":"2024-04-22 12:21:26"}
{"level":"error","message":"-----------------Error fetching given project, message: Cannot read properties of undefined (reading 'rating')-------------------","timestamp":"2024-04-22 12:21:36"}
{"level":"error","message":"-----------------Error fetching given project, message: invalid input syntax for type integer: \"undefined\"-------------------","timestamp":"2024-04-22 12:21:46"}
{"level":"error","message":"---------------Error Commenting project: invalid input syntax for type integer: \"undefined\"------------------------","timestamp":"2024-04-22 12:21:49"}
{"level":"error","message":"---------------Error Commenting project: invalid input syntax for type integer: \"undefined\"------------------------","timestamp":"2024-04-22 12:21:56"}
{"level":"error","message":"-----------------Error fetching given project, message: Cannot read properties of undefined (reading 'rating')-------------------","timestamp":"2024-04-22 13:34:04"}
{"level":"error","message":"-----------------Error fetching given project, message: Cannot read properties of undefined (reading 'rating')-------------------","timestamp":"2024-04-22 13:34:29"}
{"level":"error","message":"-----------------Error fetching given project, message: Cannot read properties of undefined (reading 'rating')-------------------","timestamp":"2024-04-22 13:35:17"}
{"level":"error","message":"-----------------Error fetching given project, message: Cannot read properties of undefined (reading 'rating')-------------------","timestamp":"2024-04-22 13:35:26"}
{"level":"error","message":"-----------------Error fetching given project, message: Cannot read properties of undefined (reading 'rating')-------------------","timestamp":"2024-04-22 13:35:31"}
{"level":"error","message":"-----------------Error fetching given project, message: Cannot read properties of undefined (reading 'rating')-------------------","timestamp":"2024-04-22 13:35:42"}
{"level":"error","message":"-----------------Error fetching given project, message: Cannot read properties of undefined (reading 'rating')-------------------","timestamp":"2024-04-22 13:37:02"}
{"level":"error","message":"-----------------Error fetching given project, message: Cannot read properties of undefined (reading 'rating')-------------------","timestamp":"2024-04-22 13:37:04"}
{"level":"error","message":"-----------------Error fetching given project, message: Cannot read properties of undefined (reading 'rating')-------------------","timestamp":"2024-04-22 13:37:31"}
{"level":"error","message":"-----------------Error fetching given project, message: Cannot read properties of undefined (reading 'rating')-------------------","timestamp":"2024-04-22 13:40:23"}
{"level":"error","message":"-----------------Error fetching given project, message: Cannot read properties of undefined (reading 'rating')-------------------","timestamp":"2024-04-22 13:40:28"}
{"level":"error","message":"-----------------Error fetching given project, message: Cannot read properties of undefined (reading 'rating')-------------------","timestamp":"2024-04-22 13:41:20"}
{"level":"error","message":"-----------------Error liking project: User has already liked the post.---------------------------","timestamp":"2024-04-22 13:41:21"}
{"level":"error","message":"-----------------Error fetching given project, message: Cannot read properties of undefined (reading 'rating')-------------------","timestamp":"2024-04-22 13:45:07"}
{"level":"error","message":"-----------------Error liking project: User has already liked the post.---------------------------","timestamp":"2024-04-22 13:45:09"}
{"level":"error","message":"-----------------Error liking project: User has already liked the post.---------------------------","timestamp":"2024-04-22 13:45:12"}
{"level":"error","message":"-----------------Error liking project: User has already liked the post.---------------------------","timestamp":"2024-04-22 13:45:14"}
{"level":"error","message":"-----------------Error liking project: User has already liked the post.---------------------------","timestamp":"2024-04-22 13:45:16"}
{"level":"error","message":"-----------------Error liking project: User has already liked the post.---------------------------","timestamp":"2024-04-22 13:45:18"}
{"level":"error","message":"-----------------Error liking project: User has already liked the post.---------------------------","timestamp":"2024-04-22 13:45:21"}
{"level":"error","message":"-----------------Error liking project: User has already liked the post.---------------------------","timestamp":"2024-04-22 13:45:23"}
{"level":"error","message":"-----------------Error liking project: User has already liked the post.---------------------------","timestamp":"2024-04-22 13:45:25"}
{"level":"error","message":"-----------------Error liking project: User has already liked the post.---------------------------","timestamp":"2024-04-22 13:45:26"}
{"level":"error","message":"-----------------Error liking project: User has already liked the post.---------------------------","timestamp":"2024-04-22 13:45:26"}
{"level":"error","message":"-----------------Error fetching given project, message: Cannot read properties of undefined (reading 'rating')-------------------","timestamp":"2024-04-22 13:45:50"}
{"level":"error","message":"-----------------Error liking project: User has already liked the post.---------------------------","timestamp":"2024-04-22 13:45:52"}
{"level":"error","message":"-----------------Error fetching given project, message: Cannot read properties of undefined (reading 'rating')-------------------","timestamp":"2024-04-22 13:45:53"}
{"level":"error","message":"-----------------Error liking project: User has already liked the post.---------------------------","timestamp":"2024-04-22 13:45:55"}
{"level":"error","message":"-----------------Error liking project: User has already liked the post.---------------------------","timestamp":"2024-04-22 13:45:57"}
{"level":"error","message":"-----------------Error fetching given project, message: Cannot read properties of undefined (reading 'rating')-------------------","timestamp":"2024-04-22 13:48:13"}
{"level":"error","message":"-----------------Error liking project: User has already liked the post.---------------------------","timestamp":"2024-04-22 13:48:15"}
{"level":"error","message":"-----------------Error fetching given project, message: Cannot read properties of undefined (reading 'rating')-------------------","timestamp":"2024-04-22 13:48:16"}
{"level":"error","message":"-----------------Error liking project: User has already liked the post.---------------------------","timestamp":"2024-04-22 13:48:18"}
{"level":"error","message":"-----------------Error fetching given project, message: Cannot read properties of undefined (reading 'rating')-------------------","timestamp":"2024-04-22 13:48:18"}
{"level":"error","message":"-----------------Error liking project: User has already liked the post.---------------------------","timestamp":"2024-04-22 13:48:20"}
{"level":"error","message":"-----------------Error liking project: User has already liked the post.---------------------------","timestamp":"2024-04-22 13:49:07"}
{"level":"error","message":"-----------------Error liking project: User has already liked the post.---------------------------","timestamp":"2024-04-22 13:49:13"}
{"level":"error","message":"-----------------Error fetching given project, message: Cannot read properties of undefined (reading 'rating')-------------------","timestamp":"2024-04-22 14:04:07"}
{"level":"error","message":"-----------------Error liking project: invalid input syntax for type integer: \"null\"---------------------------","timestamp":"2024-04-22 14:04:09"}
{"level":"error","message":"-----------------Error fetching given project, message: Cannot read properties of undefined (reading 'rating')-------------------","timestamp":"2024-04-22 14:04:30"}
{"level":"error","message":"-----------------Error fetching given project, message: Cannot read properties of undefined (reading 'rating')-------------------","timestamp":"2024-04-22 14:04:38"}
{"level":"error","message":"-----------------Error fetching given project, message: Cannot read properties of undefined (reading 'rating')-------------------","timestamp":"2024-04-22 14:04:42"}
{"level":"error","message":"-----------------Error fetching given project, message: Cannot read properties of undefined (reading 'rating')-------------------","timestamp":"2024-04-22 14:04:47"}
{"level":"error","message":"-----------------Error fetching given project, message: Cannot read properties of undefined (reading 'rating')-------------------","timestamp":"2024-04-22 14:04:55"}
{"level":"error","message":"-----------------Error fetching given project, message: invalid input syntax for type integer: \"undefined\"-------------------","timestamp":"2024-04-22 14:04:58"}
{"level":"error","message":"---------------Error Commenting project: invalid input syntax for type integer: \"undefined\"------------------------","timestamp":"2024-04-22 14:05:03"}
{"level":"error","message":"---------------Error Commenting project: invalid input syntax for type integer: \"undefined\"------------------------","timestamp":"2024-04-22 14:05:08"}
{"level":"error","message":"-----------------Error fetching given project, message: Cannot read properties of undefined (reading 'rating')-------------------","timestamp":"2024-04-22 14:05:15"}
{"level":"error","message":"-----------------Error fetching given project, message: Cannot read properties of undefined (reading 'rating')-------------------","timestamp":"2024-04-22 15:17:20"}
{"level":"error","message":"-----------------Error liking project: User has already liked the post.---------------------------","timestamp":"2024-04-22 15:17:27"}
{"level":"error","message":"-----------------Error fetching given project, message: Cannot read properties of undefined (reading 'rating')-------------------","timestamp":"2024-04-22 15:52:32"}
{"level":"error","message":"-----------------Error fetching given project, message: Cannot read properties of undefined (reading 'rating')-------------------","timestamp":"2024-04-22 15:52:42"}
{"level":"error","message":"-----------------Error fetching given project, message: Cannot read properties of undefined (reading 'rating')-------------------","timestamp":"2024-04-22 15:52:46"}
{"level":"error","message":"-----------------Error fetching given project, message: Cannot read properties of undefined (reading 'rating')-------------------","timestamp":"2024-04-22 15:52:48"}
{"level":"error","message":"-----------------Error fetching given project, message: Cannot read properties of undefined (reading 'rating')-------------------","timestamp":"2024-04-22 15:52:55"}
{"level":"error","message":"-----------------Error liking project: User has already liked the post.---------------------------","timestamp":"2024-04-22 15:53:46"}
{"level":"error","message":"-----------------Error liking project: User has already liked the post.---------------------------","timestamp":"2024-04-22 15:53:51"}
{"level":"error","message":"-----------------Error liking project: User has already liked the post.---------------------------","timestamp":"2024-04-22 15:53:53"}
{"level":"error","message":"-----------------Error liking project: User has already liked the post.---------------------------","timestamp":"2024-04-22 15:53:57"}
{"level":"error","message":"-----------------Error fetching given project, message: Cannot read properties of undefined (reading 'rating')-------------------","timestamp":"2024-04-22 15:54:16"}
{"level":"error","message":"-----------------Error fetching given project, message: Cannot read properties of undefined (reading 'rating')-------------------","timestamp":"2024-04-22 15:54:27"}
{"level":"error","message":"-----------------Error fetching given project, message: Cannot read properties of undefined (reading 'rating')-------------------","timestamp":"2024-04-22 15:54:29"}
{"level":"error","message":"-----------------Error fetching given project, message: Cannot read properties of undefined (reading 'rating')-------------------","timestamp":"2024-04-22 15:54:35"}
{"level":"error","message":"-----------------Error fetching given project, message: Cannot read properties of undefined (reading 'rating')-------------------","timestamp":"2024-04-22 15:54:37"}
{"level":"error","message":"-----------------Error fetching given project, message: Cannot read properties of undefined (reading 'rating')-------------------","timestamp":"2024-04-22 15:54:39"}
{"level":"error","message":"---------------Error Commenting project: invalid input syntax for type integer: \"\"------------------------","timestamp":"2024-04-22 15:54:43"}
{"level":"error","message":"-----------------Error liking project: User has already liked the post.---------------------------","timestamp":"2024-04-22 15:57:26"}
{"level":"error","message":"-----------------Error liking project: User has already liked the post.---------------------------","timestamp":"2024-04-22 18:52:02"}
{"level":"error","message":"-----------------Error liking project: User has already liked the post.---------------------------","timestamp":"2024-04-22 18:53:04"}
{"level":"error","message":"-----------------Error fetching given project, message: Cannot read properties of undefined (reading 'rating')-------------------","timestamp":"2024-04-22 19:03:26"}
{"level":"error","message":"-----------------Error liking project: invalid input syntax for type integer: \"null\"---------------------------","timestamp":"2024-04-22 19:03:30"}
{"level":"error","message":"-----------------Error fetching given project, message: Cannot read properties of undefined (reading 'rating')-------------------","timestamp":"2024-04-22 19:03:38"}
{"level":"error","message":"-----------------Error liking project: invalid input syntax for type integer: \"null\"---------------------------","timestamp":"2024-04-22 19:03:47"}
{"level":"error","message":"-----------------Error fetching given project, message: Cannot read properties of undefined (reading 'rating')-------------------","timestamp":"2024-04-22 20:18:20"}
{"level":"error","message":"-----------------Error liking project: User has already liked the post.---------------------------","timestamp":"2024-04-22 20:18:23"}
{"level":"error","message":"-----------------Error fetching given project, message: Cannot read properties of undefined (reading 'rating')-------------------","timestamp":"2024-04-22 20:18:25"}
{"level":"error","message":"-----------------Error fetching given project, message: Cannot read properties of undefined (reading 'rating')-------------------","timestamp":"2024-04-22 20:18:29"}
{"level":"error","message":"-----------------Error liking project: User has already liked the post.---------------------------","timestamp":"2024-04-22 20:18:30"}
{"level":"error","message":"-----------------Error fetching given project, message: Cannot read properties of undefined (reading 'rating')-------------------","timestamp":"2024-04-22 20:18:34"}
{"level":"error","message":"-----------------Error liking project: User has already liked the post.---------------------------","timestamp":"2024-04-22 20:18:35"}
{"level":"error","message":"-----------------Error fetching given project, message: Cannot read properties of undefined (reading 'rating')-------------------","timestamp":"2024-04-22 20:18:37"}
{"level":"error","message":"-----------------Error liking project: User has already liked the post.---------------------------","timestamp":"2024-04-22 20:18:44"}
{"level":"error","message":"-----------------Error fetching given project, message: Cannot read properties of undefined (reading 'rating')-------------------","timestamp":"2024-04-22 20:18:45"}
{"level":"error","message":"-----------------Error liking project: User has already liked the post.---------------------------","timestamp":"2024-04-22 20:18:51"}
{"level":"error","message":"-----------------Error fetching given project, message: Cannot read properties of undefined (reading 'rating')-------------------","timestamp":"2024-04-22 20:18:57"}
{"level":"error","message":"-----------------Error liking project: User has already liked the post.---------------------------","timestamp":"2024-04-22 20:18:58"}
{"level":"error","message":"-----------------Error fetching given project, message: Cannot read properties of undefined (reading 'rating')-------------------","timestamp":"2024-04-22 20:18:59"}
{"level":"error","message":"-----------------Error fetching given project, message: Cannot read properties of undefined (reading 'rating')-------------------","timestamp":"2024-04-22 20:19:08"}
{"level":"error","message":"-----------------Error liking project: User has already liked the post.---------------------------","timestamp":"2024-04-22 20:19:12"}
{"level":"error","message":"-----------------Error fetching given project, message: Cannot read properties of undefined (reading 'rating')-------------------","timestamp":"2024-04-22 20:19:14"}
{"level":"error","message":"-----------------Error liking project: User has already liked the post.---------------------------","timestamp":"2024-04-22 20:19:15"}
{"level":"error","message":"-----------------Error liking project: User has already liked the post.---------------------------","timestamp":"2024-04-22 20:19:18"}
{"level":"error","message":"-----------------Error fetching given project, message: Cannot read properties of undefined (reading 'rating')-------------------","timestamp":"2024-04-22 20:19:19"}
{"level":"error","message":"-----------------Error liking project: User has already liked the post.---------------------------","timestamp":"2024-04-22 20:19:21"}
{"level":"error","message":"-----------------Error liking project: User has already liked the post.---------------------------","timestamp":"2024-04-22 20:19:24"}
{"level":"error","message":"-----------------Error fetching given project, message: Cannot read properties of undefined (reading 'rating')-------------------","timestamp":"2024-04-22 20:19:25"}
{"level":"error","message":"-----------------Error liking project: User has already liked the post.---------------------------","timestamp":"2024-04-22 20:19:29"}
{"level":"error","message":"-----------------Error liking project: User has already liked the post.---------------------------","timestamp":"2024-04-22 20:19:34"}
{"level":"error","message":"---------------------Error Logging the User--Username or password is incorrect---------------------------","timestamp":"2024-04-22 23:41:52"}
{"level":"error","message":"---------------------Error Logging the User--Username or password is incorrect---------------------------","timestamp":"2024-04-22 23:42:01"}
{"level":"error","message":"-----------------Error fetching given project, message: Cannot read properties of undefined (reading 'rating')-------------------","timestamp":"2024-04-22 23:43:47"}
{"level":"error","message":"-----------------Error fetching given project, message: Cannot read properties of undefined (reading 'rating')-------------------","timestamp":"2024-04-22 23:50:30"}
{"level":"error","message":"-----------------Error fetching given project, message: Cannot read properties of undefined (reading 'rating')-------------------","timestamp":"2024-04-22 23:53:50"}
{"level":"error","message":"-----------------Error fetching given project, message: invalid input syntax for type integer: \"undefined\"-------------------","timestamp":"2024-04-22 23:53:54"}
{"level":"error","message":"---------------Error Commenting project: invalid input syntax for type integer: \"undefined\"------------------------","timestamp":"2024-04-22 23:53:57"}
{"level":"error","message":"-----------------Error fetching given project, message: Cannot read properties of undefined (reading 'rating')-------------------","timestamp":"2024-04-22 23:54:03"}
{"level":"error","message":"-----------------Error fetching given project, message: invalid input syntax for type integer: \"undefined\"-------------------","timestamp":"2024-04-22 23:54:04"}
{"level":"error","message":"-----------------Error fetching given project, message: Cannot read properties of undefined (reading 'rating')-------------------","timestamp":"2024-04-23 00:15:12"}
{"level":"error","message":"-----------------Error fetching given project, message: Cannot read properties of undefined (reading 'rating')-------------------","timestamp":"2024-04-23 00:15:26"}
{"level":"error","message":"-----------------Error fetching given project, message: Cannot read properties of undefined (reading 'rating')-------------------","timestamp":"2024-04-23 00:15:35"}
{"level":"error","message":"-----------------Error fetching given project, message: Cannot read properties of undefined (reading 'rating')-------------------","timestamp":"2024-04-23 00:15:40"}
{"level":"error","message":"-----------------Error fetching given project, message: Cannot read properties of undefined (reading 'rating')-------------------","timestamp":"2024-04-23 00:15:45"}
{"level":"error","message":"-----------------Error fetching given project, message: Cannot read properties of undefined (reading 'rating')-------------------","timestamp":"2024-04-23 00:15:52"}
{"level":"error","message":"-----------------Error fetching given project, message: Cannot read properties of undefined (reading 'rating')-------------------","timestamp":"2024-04-23 00:16:03"}
{"level":"error","message":"-----------------Error fetching given project, message: Cannot read properties of undefined (reading 'rating')-------------------","timestamp":"2024-04-23 00:16:09"}
{"level":"error","message":"-----------------Error fetching given project, message: Cannot read properties of undefined (reading 'rating')-------------------","timestamp":"2024-04-23 00:16:23"}
{"level":"error","message":"-----------------Error fetching given project, message: Cannot read properties of undefined (reading 'rating')-------------------","timestamp":"2024-04-23 00:17:24"}
{"level":"error","message":"-----------------Error fetching given project, message: Cannot read properties of undefined (reading 'rating')-------------------","timestamp":"2024-04-23 00:17:56"}
{"level":"error","message":"-----------------Error fetching given project, message: Cannot read properties of undefined (reading 'rating')-------------------","timestamp":"2024-04-23 00:18:07"}
{"level":"error","message":"-----------------Error fetching given project, message: Cannot read properties of undefined (reading 'rating')-------------------","timestamp":"2024-04-23 00:20:12"}
{"level":"error","message":"-----------------Error liking project: User has already liked the post.---------------------------","timestamp":"2024-04-22 16:20:06"}
{"level":"error","message":"-----------------Error liking project: User has already liked the post.---------------------------","timestamp":"2024-04-22 16:20:24"}
{"level":"error","message":"-----------------Error liking project: invalid input syntax for type integer: \"null\"---------------------------","timestamp":"2024-04-22 16:20:56"}
{"level":"error","message":"-----------------Error liking project: User has already liked the post.---------------------------","timestamp":"2024-04-23 13:51:18"}
{"level":"error","message":"-----------------Error liking project: User has already liked the post.---------------------------","timestamp":"2024-04-23 13:51:41"}
{"level":"error","message":"-----------------Error liking project: User has already liked the post.---------------------------","timestamp":"2024-04-23 13:51:48"}
{"level":"error","message":"-----------------Error liking project: User has already liked the post.---------------------------","timestamp":"2024-04-23 13:52:27"}
{"level":"error","message":"---------------------Error Creating User--Validation error-----------------------------","timestamp":"2024-04-23 13:54:54"}
{"level":"error","message":"---------------------Error Logging the User--Username or password is incorrect---------------------------","timestamp":"2024-04-23 13:59:17"}
{"level":"error","message":"---------------------Error Logging the User--Username or password is incorrect---------------------------","timestamp":"2024-04-23 13:59:34"}
{"level":"error","message":"-----------------Error liking project: User has already liked the post.---------------------------","timestamp":"2024-04-23 14:14:43"}
