{"level":"error","message":"-----------------Error liking project: User has already liked the post.---------------------------","timestamp":"2024-04-18 05:43:16"}
{"level":"error","message":"-----------------Error liking project: User has already liked the post.---------------------------","timestamp":"2024-04-18 06:55:55"}
{"level":"error","message":"-----------------Error liking project: User has already liked the post.---------------------------","timestamp":"2024-04-18 06:57:08"}
{"level":"error","message":"-----------------Error liking project: User has already liked the post.---------------------------","timestamp":"2024-04-18 06:57:12"}
{"level":"error","message":"-----------------Error fetching given project, message: Cannot read properties of undefined (reading 'rating')-------------------","timestamp":"2024-04-18 07:04:46"}
{"level":"error","message":"-----------------Error fetching given project, message: Cannot read properties of undefined (reading 'rating')-------------------","timestamp":"2024-04-18 07:05:12"}
{"level":"error","message":"-----------------Error liking project: User has already liked the post.---------------------------","timestamp":"2024-04-18 07:06:25"}
{"level":"error","message":"---------------------Error Logging the User--Username or password is incorrect---------------------------","timestamp":"2024-04-18 13:13:38"}
{"level":"error","message":"-----------------Error liking project: User has already liked the post.---------------------------","timestamp":"2024-04-18 13:14:39"}
{"level":"error","message":"-----------------Error liking project: User has already liked the post.---------------------------","timestamp":"2024-04-18 13:15:52"}
{"level":"error","message":"-----------------Error liking project: User has already liked the post.---------------------------","timestamp":"2024-04-18 13:18:32"}
{"level":"error","message":"---------------------Error Logging the User--Username or password is incorrect---------------------------","timestamp":"2024-04-18 13:23:23"}
{"level":"error","message":"---------------------Error Logging the User--Username or password is incorrect---------------------------","timestamp":"2024-04-18 13:23:28"}
{"level":"error","message":"-----------------Error liking project: User has already liked the post.---------------------------","timestamp":"2024-04-18 13:27:16"}
{"level":"error","message":"-----------------Error liking project: User has already liked the post.---------------------------","timestamp":"2024-04-18 13:28:03"}
{"level":"error","message":"-----------------Error liking project: User has already liked the post.---------------------------","timestamp":"2024-04-18 13:28:47"}
{"level":"error","message":"-----------------Error liking project: User has already liked the post.---------------------------","timestamp":"2024-04-18 13:29:30"}
{"level":"error","message":"-----------------Error liking project: User has already liked the post.---------------------------","timestamp":"2024-04-18 13:30:12"}
{"level":"error","message":"-----------------Error liking project: User has already liked the post.---------------------------","timestamp":"2024-04-18 13:32:21"}
{"level":"error","message":"-----------------Error liking project: User has already liked the post.---------------------------","timestamp":"2024-04-18 13:37:55"}
{"level":"error","message":"-----------------Error liking project: User has already liked the post.---------------------------","timestamp":"2024-04-18 13:38:11"}
{"level":"error","message":"-----------------Error liking project: User has already liked the post.---------------------------","timestamp":"2024-04-18 13:38:49"}
{"level":"error","message":"-----------------Error liking project: User has already liked the post.---------------------------","timestamp":"2024-04-18 13:39:06"}
{"level":"error","message":"-----------------Error liking project: User has already liked the post.---------------------------","timestamp":"2024-04-18 13:39:29"}
{"level":"error","message":"-----------------Error liking project: User has already liked the post.---------------------------","timestamp":"2024-04-18 13:39:43"}
{"level":"error","message":"---------------------Error Creating User--Validation error-----------------------------","timestamp":"2024-04-18 14:22:47"}
{"level":"error","message":"---------------------Error Logging the User--Username or password is incorrect---------------------------","timestamp":"2024-04-18 14:23:01"}
{"level":"error","message":"---------------------Error Logging the User--Username or password is incorrect---------------------------","timestamp":"2024-04-18 14:23:54"}
{"level":"error","message":"---------------------Error Logging the User--Username or password is incorrect---------------------------","timestamp":"2024-04-18 14:27:13"}
{"level":"error","message":"---------------------Error Logging the User--Username or password is incorrect---------------------------","timestamp":"2024-04-18 14:28:16"}
{"level":"error","message":"---------------------Error Logging the User--Username or password is incorrect---------------------------","timestamp":"2024-04-18 14:28:23"}
{"level":"error","message":"---------------------Error Logging the User--Username or password is incorrect---------------------------","timestamp":"2024-04-18 14:28:33"}
{"level":"error","message":"---------------------Error Creating User--Validation error-----------------------------","timestamp":"2024-04-18 14:29:07"}
{"level":"error","message":"---------------------Error Logging the User--Username or password is incorrect---------------------------","timestamp":"2024-04-18 14:29:17"}
{"level":"error","message":"---------------------Error Logging the User--Require Permission from admin for login---------------------------","timestamp":"2024-04-18 14:29:26"}
{"level":"error","message":"---------------------Error Logging the User--Username or password is incorrect---------------------------","timestamp":"2024-04-18 14:30:39"}
{"level":"error","message":"---------------------Error Logging the User--Username or password is incorrect---------------------------","timestamp":"2024-04-18 14:30:49"}
{"level":"error","message":"---------------------Error Logging the User--Username or password is incorrect---------------------------","timestamp":"2024-04-18 14:31:27"}
{"level":"error","message":"---------------------Error Logging the User--Require Permission from admin for login---------------------------","timestamp":"2024-04-18 14:33:28"}
{"level":"error","message":"---------------------Error Logging the User--Username or password is incorrect---------------------------","timestamp":"2024-04-18 14:33:36"}
{"level":"error","message":"---------------------Error Logging the User--Require Permission from admin for login---------------------------","timestamp":"2024-04-18 14:34:37"}
{"level":"error","message":"---------------------Error Logging the User--Require Permission from admin for login---------------------------","timestamp":"2024-04-18 14:34:49"}
{"level":"error","message":"-----------------Error fetching given project, message: Cannot read properties of undefined (reading 'rating')-------------------","timestamp":"2024-04-18 14:50:40"}
{"level":"error","message":"---------------------Error Logging the User--Username or password is incorrect---------------------------","timestamp":"2024-04-18 15:06:03"}
{"level":"error","message":"---------------------Error Logging the User--Require Permission from admin for login---------------------------","timestamp":"2024-04-18 15:06:41"}
{"level":"error","message":"---------------------Error Creating User--Validation error-----------------------------","timestamp":"2024-04-18 15:08:48"}
{"level":"error","message":"---------------------Error Creating User--Validation error-----------------------------","timestamp":"2024-04-18 15:09:20"}
{"level":"error","message":"---------------------Error Logging the User--Require Permission from admin for login---------------------------","timestamp":"2024-04-18 15:10:34"}
{"level":"error","message":"---------------------Error Creating User--Validation error-----------------------------","timestamp":"2024-04-18 15:18:17"}
{"level":"error","message":"-----------------Error fetching given project, message: Cannot read properties of undefined (reading 'rating')-------------------","timestamp":"2024-04-18 19:28:40"}
{"level":"error","message":"---------------------Error Logging the User--Username or password is incorrect---------------------------","timestamp":"2024-04-18 19:30:53"}
{"level":"error","message":"-----------------Error fetching given project, message: Cannot read properties of undefined (reading 'rating')-------------------","timestamp":"2024-04-18 19:50:57"}
{"level":"error","message":"-----------------Error fetching given project, message: Cannot read properties of undefined (reading 'rating')-------------------","timestamp":"2024-04-18 19:57:51"}
