{"level":"error","message":"---------------------Error Logging the User--WHERE parameter \"email\" has invalid \"undefined\" value---------------------------","timestamp":"2024-04-01 09:23:04"}
{"level":"error","message":"---------------------Error Logging the User--WHERE parameter \"email\" has invalid \"undefined\" value---------------------------","timestamp":"2024-04-01 09:23:21"}
{"level":"error","message":"---------------------Error Logging the User--Username or password is incorrect---------------------------","timestamp":"2024-04-01 09:35:01"}
{"level":"error","message":"---------------------Error Creating User--Validation error-----------------------------","timestamp":"2024-04-01 09:55:00"}
{"level":"error","message":"---------------------Error Creating User--Validation error-----------------------------","timestamp":"2024-04-01 10:04:21"}
{"level":"error","message":"---------------------Error Creating User--Validation error-----------------------------","timestamp":"2024-04-01 10:05:34"}
{"level":"error","message":"---------------------Error Logging the User--Username or password is incorrect---------------------------","timestamp":"2024-04-01 10:14:18"}
{"level":"error","message":"---------------Error Commenting project: notNull Violation: Comment.content cannot be null,\nnotNull Violation: Comment.userId cannot be null------------------------","timestamp":"2024-04-01 18:15:05"}
{"level":"error","message":"---------------------Error Logging the User--Username or password is incorrect---------------------------","timestamp":"2024-04-01 18:22:42"}
{"level":"error","message":"---------------------Error Logging the User--Username or password is incorrect---------------------------","timestamp":"2024-04-01 18:22:56"}
{"level":"error","message":"---------------------Error Logging the User--Require Permission from admin for login---------------------------","timestamp":"2024-04-01 18:23:40"}
{"level":"error","message":"---------------------Error Logging the User--Require Permission from admin for login---------------------------","timestamp":"2024-04-01 18:25:39"}
{"level":"error","message":"---------------------Error Logging the User--Username or password is incorrect---------------------------","timestamp":"2024-04-01 18:26:13"}
{"level":"error","message":"---------------------Error Logging the User--Username or password is incorrect---------------------------","timestamp":"2024-04-01 18:26:34"}
{"level":"error","message":"---------------------Error Logging the User--Require Permission from admin for login---------------------------","timestamp":"2024-04-01 18:26:41"}
{"level":"error","message":"---------------------Error Logging the User--Require Permission from admin for login---------------------------","timestamp":"2024-04-01 18:27:02"}
{"level":"error","message":"---------------------Error Logging the User--Require Permission from admin for login---------------------------","timestamp":"2024-04-01 18:27:33"}
{"level":"error","message":"---------------------Error Logging the User--Require Permission from admin for login---------------------------","timestamp":"2024-04-01 18:29:09"}
{"level":"error","message":"---------------------Error Logging the User--Require Permission from admin for login---------------------------","timestamp":"2024-04-01 18:29:23"}
{"level":"error","message":"---------------------Error Logging the User--Require Permission from admin for login---------------------------","timestamp":"2024-04-01 18:29:42"}
{"level":"error","message":"---------------------Error Logging the User--Require Permission from admin for login---------------------------","timestamp":"2024-04-01 18:30:03"}
{"level":"error","message":"---------------------Error Logging the User--Require Permission from admin for login---------------------------","timestamp":"2024-04-01 18:30:28"}
{"level":"error","message":"---------------------Error Logging the User--Require Permission from admin for login---------------------------","timestamp":"2024-04-01 18:30:41"}
{"level":"error","message":"---------------------Error Logging the User--Require Permission from admin for login---------------------------","timestamp":"2024-04-01 18:31:22"}
{"level":"error","message":"---------------------Error Logging the User--Require Permission from admin for login---------------------------","timestamp":"2024-04-01 18:32:41"}
{"level":"error","message":"---------------------Error Logging the User--Require Permission from admin for login---------------------------","timestamp":"2024-04-01 18:33:00"}
{"level":"error","message":"---------------------Error Logging the User--Require Permission from admin for login---------------------------","timestamp":"2024-04-01 18:33:15"}
{"level":"error","message":"---------------------Error Logging the User--Require Permission from admin for login---------------------------","timestamp":"2024-04-01 18:33:35"}
{"level":"error","message":"---------------------Error Logging the User--Require Permission from admin for login---------------------------","timestamp":"2024-04-01 18:33:42"}
{"level":"error","message":"-----------------Error updating project status: Project not found------------------------","timestamp":"2024-04-01 20:19:24"}
{"level":"error","message":"-----------------Error liking project: User has already liked the post.---------------------------","timestamp":"2024-04-01 22:17:15"}
{"level":"error","message":"-----------------Error liking project: User has already liked the post.---------------------------","timestamp":"2024-04-01 22:28:36"}
{"level":"error","message":"---------------Error Commenting project: notNull Violation: Comment.content cannot be null,\nnotNull Violation: Comment.userId cannot be null------------------------","timestamp":"2024-04-01 22:30:28"}
{"level":"error","message":"---------------Error Commenting project: notNull Violation: Comment.content cannot be null,\nnotNull Violation: Comment.userId cannot be null------------------------","timestamp":"2024-04-01 22:30:29"}
{"level":"error","message":"---------------Error Commenting project: notNull Violation: Comment.content cannot be null,\nnotNull Violation: Comment.userId cannot be null------------------------","timestamp":"2024-04-01 22:30:56"}
{"level":"error","message":"---------------Error Commenting project: notNull Violation: Comment.content cannot be null,\nnotNull Violation: Comment.userId cannot be null------------------------","timestamp":"2024-04-01 22:34:31"}
{"level":"error","message":"-----------------Error liking project: invalid input syntax for type integer: \"null\"---------------------------","timestamp":"2024-04-01 22:39:43"}
{"level":"error","message":"-----------------Error liking project: invalid input syntax for type integer: \"null\"---------------------------","timestamp":"2024-04-01 22:39:54"}
{"level":"error","message":"-----------------Error liking project: invalid input syntax for type integer: \"null\"---------------------------","timestamp":"2024-04-01 22:43:05"}
{"level":"error","message":"-----------------Error liking project: invalid input syntax for type integer: \"null\"---------------------------","timestamp":"2024-04-01 22:48:06"}
{"level":"error","message":"-----------------Error liking project: invalid input syntax for type integer: \"null\"---------------------------","timestamp":"2024-04-01 22:48:14"}
