{"level":"error","message":"---------------------Error Logging the User--Username or password is incorrect---------------------------","timestamp":"2024-04-10 20:38:22"}
{"level":"error","message":"---------------Error Commenting project: notNull Violation: Comment.content cannot be null,\nnotNull Violation: Comment.userId cannot be null------------------------","timestamp":"2024-04-10 20:46:48"}
{"level":"error","message":"---------------Error Commenting project: notNull Violation: Comment.content cannot be null,\nnotNull Violation: Comment.userId cannot be null------------------------","timestamp":"2024-04-10 20:46:51"}
{"level":"error","message":"---------------Error Commenting project: notNull Violation: Comment.content cannot be null,\nnotNull Violation: Comment.userId cannot be null------------------------","timestamp":"2024-04-10 20:46:56"}
{"level":"error","message":"---------------Error Commenting project: notNull Violation: Comment.content cannot be null,\nnotNull Violation: Comment.userId cannot be null------------------------","timestamp":"2024-04-10 20:48:09"}
{"level":"error","message":"---------------Error Commenting project: notNull Violation: Comment.content cannot be null,\nnotNull Violation: Comment.userId cannot be null------------------------","timestamp":"2024-04-10 20:49:39"}
{"level":"error","message":"---------------Error Commenting project: notNull Violation: Comment.content cannot be null,\nnotNull Violation: Comment.userId cannot be null------------------------","timestamp":"2024-04-10 20:50:02"}
{"level":"error","message":"---------------Error Commenting project: notNull Violation: Comment.content cannot be null,\nnotNull Violation: Comment.userId cannot be null------------------------","timestamp":"2024-04-10 20:50:13"}
{"level":"error","message":"---------------Error Commenting project: notNull Violation: Comment.content cannot be null,\nnotNull Violation: Comment.userId cannot be null------------------------","timestamp":"2024-04-10 20:50:23"}
{"level":"error","message":"---------------Error Commenting project: notNull Violation: Comment.content cannot be null,\nnotNull Violation: Comment.userId cannot be null------------------------","timestamp":"2024-04-10 20:50:26"}
{"level":"error","message":"---------------Error Commenting project: notNull Violation: Comment.content cannot be null,\nnotNull Violation: Comment.userId cannot be null------------------------","timestamp":"2024-04-10 20:50:49"}
{"level":"error","message":"---------------Error Commenting project: notNull Violation: Comment.content cannot be null,\nnotNull Violation: Comment.userId cannot be null------------------------","timestamp":"2024-04-10 20:50:54"}
{"level":"error","message":"---------------Error Commenting project: notNull Violation: Comment.content cannot be null,\nnotNull Violation: Comment.userId cannot be null------------------------","timestamp":"2024-04-10 20:51:49"}
{"level":"error","message":"---------------Error Commenting project: data is not defined------------------------","timestamp":"2024-04-10 20:55:13"}
{"level":"error","message":"---------------Error Commenting project: data is not defined------------------------","timestamp":"2024-04-10 20:55:15"}
{"level":"error","message":"---------------Error Commenting project: data is not defined------------------------","timestamp":"2024-04-10 20:56:06"}
{"level":"error","message":"---------------Error Commenting project: data is not defined------------------------","timestamp":"2024-04-10 20:56:56"}
{"level":"error","message":"---------------Error Commenting project: data is not defined------------------------","timestamp":"2024-04-10 20:58:41"}
{"level":"error","message":"---------------Error Commenting project: data is not defined------------------------","timestamp":"2024-04-10 20:58:44"}
{"level":"error","message":"---------------Error Commenting project: data is not defined------------------------","timestamp":"2024-04-10 20:58:53"}
{"level":"error","message":"---------------Error Commenting project: data is not defined------------------------","timestamp":"2024-04-10 20:59:28"}
{"level":"error","message":"---------------Error Commenting project: data is not defined------------------------","timestamp":"2024-04-10 21:05:47"}
{"level":"error","message":"---------------Error Commenting project: invalid input syntax for type integer: \"1b32c99a-cfda-4622-97c7-c135049b58f3\"------------------------","timestamp":"2024-04-10 23:18:44"}
{"level":"error","message":"---------------Error Commenting project: notNull Violation: Comment.content cannot be null------------------------","timestamp":"2024-04-10 23:21:45"}
{"level":"error","message":"---------------Error Commenting project: notNull Violation: Comment.content cannot be null------------------------","timestamp":"2024-04-10 23:27:26"}
{"level":"error","message":"---------------Error Commenting project: notNull Violation: Comment.content cannot be null,\nnotNull Violation: Comment.userId cannot be null------------------------","timestamp":"2024-04-10 23:30:46"}
{"level":"error","message":"---------------Error Commenting project: notNull Violation: Comment.content cannot be null,\nnotNull Violation: Comment.userId cannot be null------------------------","timestamp":"2024-04-10 23:31:00"}
{"level":"error","message":"---------------Error Commenting project: notNull Violation: Comment.content cannot be null,\nnotNull Violation: Comment.userId cannot be null------------------------","timestamp":"2024-04-10 23:31:54"}
{"level":"error","message":"---------------Error Commenting project: notNull Violation: Comment.content cannot be null,\nnotNull Violation: Comment.userId cannot be null------------------------","timestamp":"2024-04-10 23:31:55"}
{"level":"error","message":"---------------Error Commenting project: notNull Violation: Comment.content cannot be null,\nnotNull Violation: Comment.userId cannot be null------------------------","timestamp":"2024-04-10 23:32:22"}
{"level":"error","message":"-----------------Error fetching projects, message: relation \"Comments\" does not exist-------------------","timestamp":"2024-04-10 23:53:25"}
{"level":"error","message":"---------------Error Commenting project: notNull Violation: Comment.content cannot be null,\nnotNull Violation: Comment.userId cannot be null------------------------","timestamp":"2024-04-10 23:54:47"}
{"level":"error","message":"---------------Error Commenting project: notNull Violation: Comment.content cannot be null,\nnotNull Violation: Comment.userId cannot be null------------------------","timestamp":"2024-04-10 23:58:06"}
{"level":"error","message":"---------------Error Commenting project: notNull Violation: Comment.content cannot be null,\nnotNull Violation: Comment.userId cannot be null------------------------","timestamp":"2024-04-10 23:59:05"}
{"level":"error","message":"---------------Error Commenting project: notNull Violation: Comment.content cannot be null,\nnotNull Violation: Comment.userId cannot be null------------------------","timestamp":"2024-04-11 00:02:41"}
{"level":"error","message":"---------------Error Commenting project: notNull Violation: Comment.content cannot be null,\nnotNull Violation: Comment.userId cannot be null------------------------","timestamp":"2024-04-11 00:02:46"}
{"level":"error","message":"---------------Error Commenting project: notNull Violation: Comment.content cannot be null,\nnotNull Violation: Comment.userId cannot be null------------------------","timestamp":"2024-04-11 00:03:06"}
{"level":"error","message":"---------------Error Commenting project: notNull Violation: Comment.content cannot be null,\nnotNull Violation: Comment.userId cannot be null------------------------","timestamp":"2024-04-11 00:04:27"}
{"level":"error","message":"---------------Error Commenting project: notNull Violation: Comment.content cannot be null,\nnotNull Violation: Comment.userId cannot be null------------------------","timestamp":"2024-04-11 00:05:44"}
{"level":"error","message":"-----------------Error fetching given project, message: invalid input syntax for type integer: \"undefined\"-------------------","timestamp":"2024-04-11 00:41:10"}
{"level":"error","message":"---------------------Error Logging the User--Username or password is incorrect---------------------------","timestamp":"2024-04-11 00:55:21"}
