{"level":"error","message":"-----------------Error liking project: User has already liked the post.---------------------------","timestamp":"2024-04-17 08:52:14"}
{"level":"error","message":"-----------------Error liking project: User has already liked the post.---------------------------","timestamp":"2024-04-17 08:52:19"}
{"level":"error","message":"-----------------Error liking project: User has already liked the post.---------------------------","timestamp":"2024-04-17 08:52:23"}
{"level":"error","message":"-----------------Error liking project: User has already liked the post.---------------------------","timestamp":"2024-04-17 09:00:10"}
{"level":"error","message":"-----------------Error liking project: User has already liked the post.---------------------------","timestamp":"2024-04-17 09:01:57"}
{"level":"error","message":"-----------------Error liking project: rate is not defined---------------------------","timestamp":"2024-04-17 09:47:50"}
{"level":"error","message":"-----------------Error liking project: notNull Violation: Rating.Rating cannot be null---------------------------","timestamp":"2024-04-17 09:51:21"}
{"level":"error","message":"-----------------Error liking project: notNull Violation: Rating.Rating cannot be null---------------------------","timestamp":"2024-04-17 09:55:01"}
{"level":"error","message":"-----------------Error liking project: notNull Violation: Rating.Rating cannot be null---------------------------","timestamp":"2024-04-17 09:56:07"}
{"level":"error","message":"-----------------Error liking project: project.getRateCount is not a function---------------------------","timestamp":"2024-04-17 09:58:34"}
{"level":"error","message":"-----------------Error fetching given project, message: Assignment to constant variable.-------------------","timestamp":"2024-04-17 10:52:38"}
{"level":"error","message":"-----------------Error fetching given project, message: Rating.find is not a function-------------------","timestamp":"2024-04-17 10:59:56"}
{"level":"error","message":"-----------------Error fetching given project, message: WHERE parameter \"projectId\" has invalid \"undefined\" value-------------------","timestamp":"2024-04-17 11:02:37"}
{"level":"error","message":"-----------------Error fetching given project, message: invalid input syntax for type integer: \"undefined\"-------------------","timestamp":"2024-04-17 11:44:49"}
{"level":"error","message":"-----------------Error liking project: User has already liked the post.---------------------------","timestamp":"2024-04-17 12:51:13"}
{"level":"error","message":"-----------------Error fetching given project, message: Cannot read properties of undefined (reading 'rating')-------------------","timestamp":"2024-04-17 12:52:50"}
{"level":"error","message":"-----------------Error liking project: User has already liked the post.---------------------------","timestamp":"2024-04-17 12:53:03"}
{"level":"error","message":"-----------------Error fetching given project, message: Cannot read properties of undefined (reading 'rating')-------------------","timestamp":"2024-04-17 12:53:31"}
{"level":"error","message":"-----------------Error fetching given project, message: Cannot read properties of undefined (reading 'rating')-------------------","timestamp":"2024-04-17 12:53:45"}
{"level":"error","message":"-----------------Error fetching given project, message: Cannot read properties of undefined (reading 'rating')-------------------","timestamp":"2024-04-17 12:58:12"}
{"level":"error","message":"-----------------Error fetching given project, message: Cannot read properties of undefined (reading 'rating')-------------------","timestamp":"2024-04-17 12:58:17"}
{"level":"error","message":"-----------------Error fetching given project, message: Cannot read properties of undefined (reading 'rating')-------------------","timestamp":"2024-04-17 12:59:03"}
{"level":"error","message":"---------------------Error Logging the User--Username or password is incorrect---------------------------","timestamp":"2024-04-17 12:59:23"}
{"level":"error","message":"-----------------Error fetching given project, message: Cannot read properties of undefined (reading 'rating')-------------------","timestamp":"2024-04-17 12:59:41"}
{"level":"error","message":"---------------------Error Logging the User--WHERE parameter \"email\" has invalid \"undefined\" value---------------------------","timestamp":"2024-04-17 17:53:21"}
{"level":"error","message":"---------------------Error Logging the User--WHERE parameter \"email\" has invalid \"undefined\" value---------------------------","timestamp":"2024-04-17 17:53:41"}
{"level":"error","message":"---------------------Error Creating User--Validation error-----------------------------","timestamp":"2024-04-17 17:53:50"}
{"level":"error","message":"---------------------Error Creating User--Validation error-----------------------------","timestamp":"2024-04-17 18:00:11"}
{"level":"error","message":"---------------------Error Creating User--Validation error-----------------------------","timestamp":"2024-04-17 18:00:23"}
{"level":"error","message":"---------------------Error Logging the User--Username or password is incorrect---------------------------","timestamp":"2024-04-17 18:09:51"}
{"level":"error","message":"-----------------Error fetching given project, message: Cannot read properties of undefined (reading 'rating')-------------------","timestamp":"2024-04-17 18:41:44"}
{"level":"error","message":"-----------------Error fetching given project, message: Cannot read properties of undefined (reading 'rating')-------------------","timestamp":"2024-04-17 18:44:03"}
{"level":"error","message":"-----------------Error fetching given project, message: Cannot read properties of undefined (reading 'rating')-------------------","timestamp":"2024-04-17 18:48:09"}
{"level":"error","message":"-----------------Error fetching given project, message: invalid input syntax for type integer: \"undefined\"-------------------","timestamp":"2024-04-17 18:48:12"}
{"level":"error","message":"---------------Error Commenting project: invalid input syntax for type integer: \"undefined\"------------------------","timestamp":"2024-04-17 18:48:18"}
{"level":"error","message":"-----------------Error fetching given project, message: Cannot read properties of undefined (reading 'rating')-------------------","timestamp":"2024-04-17 18:48:31"}
{"level":"error","message":"-----------------Error fetching given project, message: Cannot read properties of undefined (reading 'rating')-------------------","timestamp":"2024-04-17 18:49:01"}
{"level":"error","message":"-----------------Error fetching given project, message: invalid input syntax for type integer: \"undefined\"-------------------","timestamp":"2024-04-17 18:49:07"}
{"level":"error","message":"-----------------Error fetching given project, message: Cannot read properties of undefined (reading 'rating')-------------------","timestamp":"2024-04-17 18:49:48"}
{"level":"error","message":"-----------------Error fetching given project, message: Cannot read properties of undefined (reading 'rating')-------------------","timestamp":"2024-04-17 18:51:12"}
{"level":"error","message":"-----------------Error liking project: User has already liked the post.---------------------------","timestamp":"2024-04-17 18:51:26"}
{"level":"error","message":"---------------------Error Logging the User--Username or password is incorrect---------------------------","timestamp":"2024-04-17 19:05:49"}
{"level":"error","message":"-----------------Error liking project: User has already liked the post.---------------------------","timestamp":"2024-04-17 20:18:30"}
{"level":"error","message":"-----------------Error liking project: User has already liked the post.---------------------------","timestamp":"2024-04-17 20:19:22"}
{"level":"error","message":"-----------------Error liking project: User has already liked the post.---------------------------","timestamp":"2024-04-17 20:20:11"}
{"level":"error","message":"-----------------Error fetching given project, message: Cannot read properties of undefined (reading 'rating')-------------------","timestamp":"2024-04-17 20:22:00"}
{"level":"error","message":"-----------------Error fetching given project, message: Cannot read properties of undefined (reading 'rating')-------------------","timestamp":"2024-04-17 20:22:48"}
{"level":"error","message":"-----------------Error fetching given project, message: Cannot read properties of undefined (reading 'rating')-------------------","timestamp":"2024-04-17 20:23:32"}
{"level":"error","message":"-----------------Error liking project: insert or update on table \"Likes\" violates foreign key constraint \"Likes_projectId_fkey\"---------------------------","timestamp":"2024-04-17 20:24:40"}
{"level":"error","message":"-----------------Error liking project: User has already liked the post.---------------------------","timestamp":"2024-04-17 20:29:32"}
{"level":"error","message":"-----------------Error liking project: User has already liked the post.---------------------------","timestamp":"2024-04-17 20:29:48"}
{"level":"error","message":"-----------------Error liking project: User has already liked the post.---------------------------","timestamp":"2024-04-17 20:36:05"}
