{"level":"info","message":"---------------------Route accessed: //projects--------------------------","timestamp":"2024-04-09 13:04:19"}
{"level":"info","message":"-------------------Projects fetched Successfully----------------------------","timestamp":"2024-04-09 13:04:19"}
{"level":"info","message":"---------------------Route accessed: //user/3--------------------------","timestamp":"2024-04-09 13:04:44"}
{"level":"info","message":"----------userRollNo: 3---------------------","timestamp":"2024-04-09 13:04:44"}
{"level":"info","message":"-------------------Successfully Fetched the USer------------------------------------------","timestamp":"2024-04-09 13:04:44"}
{"level":"info","message":"---------------------Route accessed: //projects--------------------------","timestamp":"2024-04-09 13:13:51"}
{"level":"info","message":"-------------------Projects fetched Successfully----------------------------","timestamp":"2024-04-09 13:13:51"}
{"level":"info","message":"---------------------Route accessed: //projects--------------------------","timestamp":"2024-04-09 13:13:56"}
{"level":"info","message":"-------------------Projects fetched Successfully----------------------------","timestamp":"2024-04-09 13:13:56"}
{"level":"info","message":"---------------------Route accessed: //projects--------------------------","timestamp":"2024-04-09 13:14:24"}
{"level":"info","message":"-------------------Projects fetched Successfully----------------------------","timestamp":"2024-04-09 13:14:24"}
{"level":"info","message":"---------------------Route accessed: //projects--------------------------","timestamp":"2024-04-09 13:14:26"}
{"level":"info","message":"-------------------Projects fetched Successfully----------------------------","timestamp":"2024-04-09 13:14:26"}
{"level":"info","message":"---------------------Route accessed: //projects--------------------------","timestamp":"2024-04-09 13:14:27"}
{"level":"info","message":"-------------------Projects fetched Successfully----------------------------","timestamp":"2024-04-09 13:14:27"}
{"level":"info","message":"---------------------Route accessed: //projects--------------------------","timestamp":"2024-04-09 13:14:31"}
{"level":"info","message":"-------------------Projects fetched Successfully----------------------------","timestamp":"2024-04-09 13:14:31"}
{"level":"info","message":"---------------------Route accessed: //projects--------------------------","timestamp":"2024-04-09 13:14:35"}
{"level":"info","message":"-------------------Projects fetched Successfully----------------------------","timestamp":"2024-04-09 13:14:35"}
{"level":"info","message":"---------------------Route accessed: //projects--------------------------","timestamp":"2024-04-09 13:14:57"}
{"level":"info","message":"-------------------Projects fetched Successfully----------------------------","timestamp":"2024-04-09 13:14:57"}
{"level":"info","message":"---------------------Route accessed: //projects--------------------------","timestamp":"2024-04-09 13:15:23"}
{"level":"info","message":"-------------------Projects fetched Successfully----------------------------","timestamp":"2024-04-09 13:15:23"}
{"level":"info","message":"---------------------Route accessed: //projects--------------------------","timestamp":"2024-04-09 13:15:38"}
{"level":"info","message":"-------------------Projects fetched Successfully----------------------------","timestamp":"2024-04-09 13:15:38"}
{"level":"info","message":"---------------------Route accessed: //projects--------------------------","timestamp":"2024-04-09 13:21:12"}
{"level":"info","message":"-------------------Projects fetched Successfully----------------------------","timestamp":"2024-04-09 13:21:13"}
{"level":"info","message":"---------------------Route accessed: //user/3--------------------------","timestamp":"2024-04-09 13:21:23"}
{"level":"info","message":"----------userRollNo: 3---------------------","timestamp":"2024-04-09 13:21:23"}
{"level":"info","message":"-------------------Successfully Fetched the USer------------------------------------------","timestamp":"2024-04-09 13:21:23"}
{"level":"info","message":"---------------------Route accessed: //user/3--------------------------","timestamp":"2024-04-09 13:26:49"}
{"level":"info","message":"----------userRollNo: 3---------------------","timestamp":"2024-04-09 13:26:49"}
{"level":"info","message":"-------------------Successfully Fetched the USer------------------------------------------","timestamp":"2024-04-09 13:26:49"}
{"level":"info","message":"---------------------Route accessed: //user/3--------------------------","timestamp":"2024-04-09 13:26:51"}
{"level":"info","message":"----------userRollNo: 3---------------------","timestamp":"2024-04-09 13:26:51"}
{"level":"info","message":"-------------------Successfully Fetched the USer------------------------------------------","timestamp":"2024-04-09 13:26:51"}
{"level":"info","message":"---------------------Route accessed: //user/3--------------------------","timestamp":"2024-04-09 13:27:04"}
{"level":"info","message":"----------userRollNo: 3---------------------","timestamp":"2024-04-09 13:27:04"}
{"level":"info","message":"-------------------Successfully Fetched the USer------------------------------------------","timestamp":"2024-04-09 13:27:04"}
{"level":"info","message":"---------------------Route accessed: //user/3--------------------------","timestamp":"2024-04-09 13:27:41"}
{"level":"info","message":"----------userRollNo: 3---------------------","timestamp":"2024-04-09 13:27:41"}
{"level":"info","message":"-------------------Successfully Fetched the USer------------------------------------------","timestamp":"2024-04-09 13:27:41"}
{"level":"info","message":"---------------------Route accessed: //user/3--------------------------","timestamp":"2024-04-09 13:30:41"}
{"level":"info","message":"----------userRollNo: 3---------------------","timestamp":"2024-04-09 13:30:41"}
{"level":"info","message":"-------------------Successfully Fetched the USer------------------------------------------","timestamp":"2024-04-09 13:30:41"}
{"level":"info","message":"---------------------Route accessed: //user/3--------------------------","timestamp":"2024-04-09 13:30:54"}
{"level":"info","message":"----------userRollNo: 3---------------------","timestamp":"2024-04-09 13:30:54"}
{"level":"info","message":"-------------------Successfully Fetched the USer------------------------------------------","timestamp":"2024-04-09 13:30:54"}
{"level":"info","message":"---------------------Route accessed: //user/3--------------------------","timestamp":"2024-04-09 13:31:04"}
{"level":"info","message":"----------userRollNo: 3---------------------","timestamp":"2024-04-09 13:31:04"}
{"level":"info","message":"-------------------Successfully Fetched the USer------------------------------------------","timestamp":"2024-04-09 13:31:04"}
{"level":"info","message":"---------------------Route accessed: //user/3--------------------------","timestamp":"2024-04-09 13:31:08"}
{"level":"info","message":"----------userRollNo: 3---------------------","timestamp":"2024-04-09 13:31:08"}
{"level":"info","message":"-------------------Successfully Fetched the USer------------------------------------------","timestamp":"2024-04-09 13:31:08"}
{"level":"info","message":"---------------------Route accessed: //user/3--------------------------","timestamp":"2024-04-09 13:31:24"}
{"level":"info","message":"----------userRollNo: 3---------------------","timestamp":"2024-04-09 13:31:24"}
{"level":"info","message":"-------------------Successfully Fetched the USer------------------------------------------","timestamp":"2024-04-09 13:31:24"}
{"level":"info","message":"---------------------Route accessed: //user/3--------------------------","timestamp":"2024-04-09 13:36:25"}
{"level":"info","message":"----------userRollNo: 3---------------------","timestamp":"2024-04-09 13:36:25"}
{"level":"info","message":"-------------------Successfully Fetched the USer------------------------------------------","timestamp":"2024-04-09 13:36:25"}
{"level":"info","message":"---------------------Route accessed: //user/3--------------------------","timestamp":"2024-04-09 13:36:42"}
{"level":"info","message":"----------userRollNo: 3---------------------","timestamp":"2024-04-09 13:36:42"}
{"level":"info","message":"-------------------Successfully Fetched the USer------------------------------------------","timestamp":"2024-04-09 13:36:42"}
{"level":"info","message":"---------------------Route accessed: //user/3--------------------------","timestamp":"2024-04-09 13:36:50"}
{"level":"info","message":"----------userRollNo: 3---------------------","timestamp":"2024-04-09 13:36:50"}
{"level":"info","message":"-------------------Successfully Fetched the USer------------------------------------------","timestamp":"2024-04-09 13:36:50"}
{"level":"info","message":"---------------------Route accessed: //user/3--------------------------","timestamp":"2024-04-09 13:36:54"}
{"level":"info","message":"----------userRollNo: 3---------------------","timestamp":"2024-04-09 13:36:54"}
{"level":"info","message":"-------------------Successfully Fetched the USer------------------------------------------","timestamp":"2024-04-09 13:36:54"}
{"level":"info","message":"---------------------Route accessed: //user/3--------------------------","timestamp":"2024-04-09 13:36:58"}
{"level":"info","message":"----------userRollNo: 3---------------------","timestamp":"2024-04-09 13:36:58"}
{"level":"info","message":"-------------------Successfully Fetched the USer------------------------------------------","timestamp":"2024-04-09 13:36:58"}
{"level":"info","message":"---------------------Route accessed: //user/3--------------------------","timestamp":"2024-04-09 13:37:02"}
{"level":"info","message":"----------userRollNo: 3---------------------","timestamp":"2024-04-09 13:37:02"}
{"level":"info","message":"-------------------Successfully Fetched the USer------------------------------------------","timestamp":"2024-04-09 13:37:02"}
{"level":"info","message":"---------------------Route accessed: //user/3--------------------------","timestamp":"2024-04-09 13:37:05"}
{"level":"info","message":"----------userRollNo: 3---------------------","timestamp":"2024-04-09 13:37:05"}
{"level":"info","message":"-------------------Successfully Fetched the USer------------------------------------------","timestamp":"2024-04-09 13:37:05"}
{"level":"info","message":"---------------------Route accessed: //user/3--------------------------","timestamp":"2024-04-09 13:37:09"}
{"level":"info","message":"----------userRollNo: 3---------------------","timestamp":"2024-04-09 13:37:09"}
{"level":"info","message":"-------------------Successfully Fetched the USer------------------------------------------","timestamp":"2024-04-09 13:37:09"}
{"level":"info","message":"---------------------Route accessed: //user/3--------------------------","timestamp":"2024-04-09 13:37:12"}
{"level":"info","message":"----------userRollNo: 3---------------------","timestamp":"2024-04-09 13:37:12"}
{"level":"info","message":"-------------------Successfully Fetched the USer------------------------------------------","timestamp":"2024-04-09 13:37:12"}
{"level":"info","message":"---------------------Route accessed: //user/3--------------------------","timestamp":"2024-04-09 13:37:17"}
{"level":"info","message":"----------userRollNo: 3---------------------","timestamp":"2024-04-09 13:37:17"}
{"level":"info","message":"-------------------Successfully Fetched the USer------------------------------------------","timestamp":"2024-04-09 13:37:17"}
{"level":"info","message":"---------------------Route accessed: //user/3--------------------------","timestamp":"2024-04-09 13:37:20"}
{"level":"info","message":"----------userRollNo: 3---------------------","timestamp":"2024-04-09 13:37:20"}
{"level":"info","message":"-------------------Successfully Fetched the USer------------------------------------------","timestamp":"2024-04-09 13:37:20"}
{"level":"info","message":"---------------------Route accessed: //user/3--------------------------","timestamp":"2024-04-09 13:37:23"}
{"level":"info","message":"----------userRollNo: 3---------------------","timestamp":"2024-04-09 13:37:23"}
{"level":"info","message":"-------------------Successfully Fetched the USer------------------------------------------","timestamp":"2024-04-09 13:37:23"}
{"level":"info","message":"---------------------Route accessed: //user/3--------------------------","timestamp":"2024-04-09 13:38:59"}
{"level":"info","message":"----------userRollNo: 3---------------------","timestamp":"2024-04-09 13:38:59"}
{"level":"info","message":"-------------------Successfully Fetched the USer------------------------------------------","timestamp":"2024-04-09 13:38:59"}
{"level":"info","message":"---------------------Route accessed: //user/3--------------------------","timestamp":"2024-04-09 13:39:02"}
{"level":"info","message":"----------userRollNo: 3---------------------","timestamp":"2024-04-09 13:39:02"}
{"level":"info","message":"-------------------Successfully Fetched the USer------------------------------------------","timestamp":"2024-04-09 13:39:02"}
{"level":"info","message":"---------------------Route accessed: //user/3--------------------------","timestamp":"2024-04-09 13:39:19"}
{"level":"info","message":"----------userRollNo: 3---------------------","timestamp":"2024-04-09 13:39:19"}
{"level":"info","message":"-------------------Successfully Fetched the USer------------------------------------------","timestamp":"2024-04-09 13:39:19"}
{"level":"info","message":"---------------------Route accessed: //user/3--------------------------","timestamp":"2024-04-09 13:41:55"}
{"level":"info","message":"----------userRollNo: 3---------------------","timestamp":"2024-04-09 13:41:55"}
{"level":"info","message":"-------------------Successfully Fetched the USer------------------------------------------","timestamp":"2024-04-09 13:41:55"}
{"level":"info","message":"---------------------Route accessed: //file/upload--------------------------","timestamp":"2024-04-09 13:42:00"}
{"level":"info","message":"---------------------Route accessed: //user/3--------------------------","timestamp":"2024-04-09 13:45:47"}
{"level":"info","message":"----------userRollNo: 3---------------------","timestamp":"2024-04-09 13:45:47"}
{"level":"info","message":"-------------------Successfully Fetched the USer------------------------------------------","timestamp":"2024-04-09 13:45:47"}
{"level":"info","message":"---------------------Route accessed: //user/3--------------------------","timestamp":"2024-04-09 13:46:03"}
{"level":"info","message":"----------userRollNo: 3---------------------","timestamp":"2024-04-09 13:46:03"}
{"level":"info","message":"-------------------Successfully Fetched the USer------------------------------------------","timestamp":"2024-04-09 13:46:03"}
{"level":"info","message":"---------------------Route accessed: //user/3--------------------------","timestamp":"2024-04-09 13:46:11"}
{"level":"info","message":"----------userRollNo: 3---------------------","timestamp":"2024-04-09 13:46:11"}
{"level":"info","message":"-------------------Successfully Fetched the USer------------------------------------------","timestamp":"2024-04-09 13:46:11"}
{"level":"info","message":"---------------------Route accessed: //user/3--------------------------","timestamp":"2024-04-09 13:46:15"}
{"level":"info","message":"----------userRollNo: 3---------------------","timestamp":"2024-04-09 13:46:15"}
{"level":"info","message":"-------------------Successfully Fetched the USer------------------------------------------","timestamp":"2024-04-09 13:46:15"}
{"level":"info","message":"---------------------Route accessed: //user/3--------------------------","timestamp":"2024-04-09 13:46:43"}
{"level":"info","message":"----------userRollNo: 3---------------------","timestamp":"2024-04-09 13:46:43"}
{"level":"info","message":"-------------------Successfully Fetched the USer------------------------------------------","timestamp":"2024-04-09 13:46:43"}
{"level":"info","message":"---------------------Route accessed: //user/3--------------------------","timestamp":"2024-04-09 13:46:50"}
{"level":"info","message":"----------userRollNo: 3---------------------","timestamp":"2024-04-09 13:46:50"}
{"level":"info","message":"-------------------Successfully Fetched the USer------------------------------------------","timestamp":"2024-04-09 13:46:50"}
{"level":"info","message":"---------------------Route accessed: //user/3--------------------------","timestamp":"2024-04-09 13:47:01"}
{"level":"info","message":"----------userRollNo: 3---------------------","timestamp":"2024-04-09 13:47:01"}
{"level":"info","message":"-------------------Successfully Fetched the USer------------------------------------------","timestamp":"2024-04-09 13:47:01"}
{"level":"info","message":"---------------------Route accessed: //user/3--------------------------","timestamp":"2024-04-09 13:47:25"}
{"level":"info","message":"----------userRollNo: 3---------------------","timestamp":"2024-04-09 13:47:25"}
{"level":"info","message":"-------------------Successfully Fetched the USer------------------------------------------","timestamp":"2024-04-09 13:47:25"}
{"level":"info","message":"---------------------Route accessed: //user/3--------------------------","timestamp":"2024-04-09 13:47:27"}
{"level":"info","message":"----------userRollNo: 3---------------------","timestamp":"2024-04-09 13:47:27"}
{"level":"info","message":"-------------------Successfully Fetched the USer------------------------------------------","timestamp":"2024-04-09 13:47:27"}
{"level":"info","message":"---------------------Route accessed: //user/3--------------------------","timestamp":"2024-04-09 13:47:30"}
{"level":"info","message":"----------userRollNo: 3---------------------","timestamp":"2024-04-09 13:47:30"}
{"level":"info","message":"-------------------Successfully Fetched the USer------------------------------------------","timestamp":"2024-04-09 13:47:30"}
{"level":"info","message":"---------------------Route accessed: //user/3--------------------------","timestamp":"2024-04-09 13:47:33"}
{"level":"info","message":"----------userRollNo: 3---------------------","timestamp":"2024-04-09 13:47:33"}
{"level":"info","message":"-------------------Successfully Fetched the USer------------------------------------------","timestamp":"2024-04-09 13:47:33"}
{"level":"info","message":"---------------------Route accessed: //user/3--------------------------","timestamp":"2024-04-09 13:49:26"}
{"level":"info","message":"----------userRollNo: 3---------------------","timestamp":"2024-04-09 13:49:26"}
{"level":"info","message":"-------------------Successfully Fetched the USer------------------------------------------","timestamp":"2024-04-09 13:49:27"}
{"level":"info","message":"---------------------Route accessed: //user/3--------------------------","timestamp":"2024-04-09 13:49:52"}
{"level":"info","message":"----------userRollNo: 3---------------------","timestamp":"2024-04-09 13:49:52"}
{"level":"info","message":"-------------------Successfully Fetched the USer------------------------------------------","timestamp":"2024-04-09 13:49:52"}
{"level":"info","message":"---------------------Route accessed: //user/3--------------------------","timestamp":"2024-04-09 13:50:27"}
{"level":"info","message":"----------userRollNo: 3---------------------","timestamp":"2024-04-09 13:50:27"}
{"level":"info","message":"-------------------Successfully Fetched the USer------------------------------------------","timestamp":"2024-04-09 13:50:27"}
{"level":"info","message":"---------------------Route accessed: //user/3--------------------------","timestamp":"2024-04-09 13:50:32"}
{"level":"info","message":"----------userRollNo: 3---------------------","timestamp":"2024-04-09 13:50:32"}
{"level":"info","message":"-------------------Successfully Fetched the USer------------------------------------------","timestamp":"2024-04-09 13:50:32"}
{"level":"info","message":"---------------------Route accessed: //user/3--------------------------","timestamp":"2024-04-09 13:50:34"}
{"level":"info","message":"----------userRollNo: 3---------------------","timestamp":"2024-04-09 13:50:34"}
{"level":"info","message":"-------------------Successfully Fetched the USer------------------------------------------","timestamp":"2024-04-09 13:50:34"}
{"level":"info","message":"---------------------Route accessed: //user/3--------------------------","timestamp":"2024-04-09 13:50:37"}
{"level":"info","message":"----------userRollNo: 3---------------------","timestamp":"2024-04-09 13:50:37"}
{"level":"info","message":"-------------------Successfully Fetched the USer------------------------------------------","timestamp":"2024-04-09 13:50:37"}
{"level":"info","message":"---------------------Route accessed: //user/3--------------------------","timestamp":"2024-04-09 13:50:43"}
{"level":"info","message":"----------userRollNo: 3---------------------","timestamp":"2024-04-09 13:50:43"}
{"level":"info","message":"-------------------Successfully Fetched the USer------------------------------------------","timestamp":"2024-04-09 13:50:43"}
{"level":"info","message":"---------------------Route accessed: //user/3--------------------------","timestamp":"2024-04-09 13:53:40"}
{"level":"info","message":"----------userRollNo: 3---------------------","timestamp":"2024-04-09 13:53:40"}
{"level":"info","message":"-------------------Successfully Fetched the USer------------------------------------------","timestamp":"2024-04-09 13:53:40"}
{"level":"info","message":"---------------------Route accessed: //user/3--------------------------","timestamp":"2024-04-09 13:53:47"}
{"level":"info","message":"----------userRollNo: 3---------------------","timestamp":"2024-04-09 13:53:47"}
{"level":"info","message":"-------------------Successfully Fetched the USer------------------------------------------","timestamp":"2024-04-09 13:53:47"}
{"level":"info","message":"---------------------Route accessed: //user/3--------------------------","timestamp":"2024-04-09 13:53:58"}
{"level":"info","message":"----------userRollNo: 3---------------------","timestamp":"2024-04-09 13:53:58"}
{"level":"info","message":"-------------------Successfully Fetched the USer------------------------------------------","timestamp":"2024-04-09 13:53:58"}
{"level":"info","message":"---------------------Route accessed: //user/3--------------------------","timestamp":"2024-04-09 13:54:07"}
{"level":"info","message":"----------userRollNo: 3---------------------","timestamp":"2024-04-09 13:54:07"}
{"level":"info","message":"-------------------Successfully Fetched the USer------------------------------------------","timestamp":"2024-04-09 13:54:07"}
{"level":"info","message":"---------------------Route accessed: //user/3--------------------------","timestamp":"2024-04-09 13:54:08"}
{"level":"info","message":"----------userRollNo: 3---------------------","timestamp":"2024-04-09 13:54:08"}
{"level":"info","message":"-------------------Successfully Fetched the USer------------------------------------------","timestamp":"2024-04-09 13:54:08"}
{"level":"info","message":"---------------------Route accessed: //user/3--------------------------","timestamp":"2024-04-09 13:54:11"}
{"level":"info","message":"----------userRollNo: 3---------------------","timestamp":"2024-04-09 13:54:11"}
{"level":"info","message":"-------------------Successfully Fetched the USer------------------------------------------","timestamp":"2024-04-09 13:54:11"}
{"level":"info","message":"---------------------Route accessed: //user/3--------------------------","timestamp":"2024-04-09 13:54:13"}
{"level":"info","message":"----------userRollNo: 3---------------------","timestamp":"2024-04-09 13:54:13"}
{"level":"info","message":"-------------------Successfully Fetched the USer------------------------------------------","timestamp":"2024-04-09 13:54:13"}
{"level":"info","message":"---------------------Route accessed: //user/3--------------------------","timestamp":"2024-04-09 13:56:07"}
{"level":"info","message":"----------userRollNo: 3---------------------","timestamp":"2024-04-09 13:56:07"}
{"level":"info","message":"-------------------Successfully Fetched the USer------------------------------------------","timestamp":"2024-04-09 13:56:08"}
{"level":"info","message":"---------------------Route accessed: //user/3--------------------------","timestamp":"2024-04-09 13:56:14"}
{"level":"info","message":"----------userRollNo: 3---------------------","timestamp":"2024-04-09 13:56:14"}
{"level":"info","message":"-------------------Successfully Fetched the USer------------------------------------------","timestamp":"2024-04-09 13:56:14"}
{"level":"info","message":"---------------------Route accessed: //user/3--------------------------","timestamp":"2024-04-09 13:56:18"}
{"level":"info","message":"----------userRollNo: 3---------------------","timestamp":"2024-04-09 13:56:18"}
{"level":"info","message":"-------------------Successfully Fetched the USer------------------------------------------","timestamp":"2024-04-09 13:56:18"}
{"level":"info","message":"---------------------Route accessed: //user/3--------------------------","timestamp":"2024-04-09 13:56:25"}
{"level":"info","message":"----------userRollNo: 3---------------------","timestamp":"2024-04-09 13:56:25"}
{"level":"info","message":"-------------------Successfully Fetched the USer------------------------------------------","timestamp":"2024-04-09 13:56:25"}
{"level":"info","message":"---------------------Route accessed: //user/3--------------------------","timestamp":"2024-04-09 13:56:27"}
{"level":"info","message":"----------userRollNo: 3---------------------","timestamp":"2024-04-09 13:56:27"}
{"level":"info","message":"-------------------Successfully Fetched the USer------------------------------------------","timestamp":"2024-04-09 13:56:27"}
{"level":"info","message":"---------------------Route accessed: //user/3--------------------------","timestamp":"2024-04-09 13:57:02"}
{"level":"info","message":"----------userRollNo: 3---------------------","timestamp":"2024-04-09 13:57:02"}
{"level":"info","message":"-------------------Successfully Fetched the USer------------------------------------------","timestamp":"2024-04-09 13:57:02"}
{"level":"info","message":"---------------------Route accessed: //user/3--------------------------","timestamp":"2024-04-09 13:57:11"}
{"level":"info","message":"----------userRollNo: 3---------------------","timestamp":"2024-04-09 13:57:11"}
{"level":"info","message":"-------------------Successfully Fetched the USer------------------------------------------","timestamp":"2024-04-09 13:57:11"}
{"level":"info","message":"---------------------Route accessed: //user/3--------------------------","timestamp":"2024-04-09 13:57:15"}
{"level":"info","message":"----------userRollNo: 3---------------------","timestamp":"2024-04-09 13:57:15"}
{"level":"info","message":"-------------------Successfully Fetched the USer------------------------------------------","timestamp":"2024-04-09 13:57:15"}
{"level":"info","message":"---------------------Route accessed: //user/3--------------------------","timestamp":"2024-04-09 13:57:17"}
{"level":"info","message":"----------userRollNo: 3---------------------","timestamp":"2024-04-09 13:57:17"}
{"level":"info","message":"-------------------Successfully Fetched the USer------------------------------------------","timestamp":"2024-04-09 13:57:17"}
{"level":"info","message":"---------------------Route accessed: //user/3--------------------------","timestamp":"2024-04-09 13:57:39"}
{"level":"info","message":"----------userRollNo: 3---------------------","timestamp":"2024-04-09 13:57:39"}
{"level":"info","message":"-------------------Successfully Fetched the USer------------------------------------------","timestamp":"2024-04-09 13:57:39"}
{"level":"info","message":"---------------------Route accessed: //user/3--------------------------","timestamp":"2024-04-09 13:59:34"}
{"level":"info","message":"----------userRollNo: 3---------------------","timestamp":"2024-04-09 13:59:34"}
{"level":"info","message":"-------------------Successfully Fetched the USer------------------------------------------","timestamp":"2024-04-09 13:59:34"}
{"level":"info","message":"---------------------Route accessed: //user/3--------------------------","timestamp":"2024-04-09 13:59:36"}
{"level":"info","message":"----------userRollNo: 3---------------------","timestamp":"2024-04-09 13:59:36"}
{"level":"info","message":"-------------------Successfully Fetched the USer------------------------------------------","timestamp":"2024-04-09 13:59:36"}
{"level":"info","message":"---------------------Route accessed: //user/3--------------------------","timestamp":"2024-04-09 13:59:44"}
{"level":"info","message":"----------userRollNo: 3---------------------","timestamp":"2024-04-09 13:59:44"}
{"level":"info","message":"-------------------Successfully Fetched the USer------------------------------------------","timestamp":"2024-04-09 13:59:44"}
{"level":"info","message":"---------------------Route accessed: //user/3--------------------------","timestamp":"2024-04-09 14:00:10"}
{"level":"info","message":"----------userRollNo: 3---------------------","timestamp":"2024-04-09 14:00:10"}
{"level":"info","message":"-------------------Successfully Fetched the USer------------------------------------------","timestamp":"2024-04-09 14:00:10"}
{"level":"info","message":"---------------------Route accessed: //user/3--------------------------","timestamp":"2024-04-09 14:00:23"}
{"level":"info","message":"----------userRollNo: 3---------------------","timestamp":"2024-04-09 14:00:23"}
{"level":"info","message":"-------------------Successfully Fetched the USer------------------------------------------","timestamp":"2024-04-09 14:00:23"}
{"level":"info","message":"---------------------Route accessed: //user/3--------------------------","timestamp":"2024-04-09 14:00:30"}
{"level":"info","message":"----------userRollNo: 3---------------------","timestamp":"2024-04-09 14:00:30"}
{"level":"info","message":"-------------------Successfully Fetched the USer------------------------------------------","timestamp":"2024-04-09 14:00:30"}
{"level":"info","message":"---------------------Route accessed: //user/3--------------------------","timestamp":"2024-04-09 14:01:01"}
{"level":"info","message":"----------userRollNo: 3---------------------","timestamp":"2024-04-09 14:01:01"}
{"level":"info","message":"-------------------Successfully Fetched the USer------------------------------------------","timestamp":"2024-04-09 14:01:01"}
{"level":"info","message":"---------------------Route accessed: //user/3--------------------------","timestamp":"2024-04-09 14:03:41"}
{"level":"info","message":"----------userRollNo: 3---------------------","timestamp":"2024-04-09 14:03:41"}
{"level":"info","message":"-------------------Successfully Fetched the USer------------------------------------------","timestamp":"2024-04-09 14:03:41"}
{"level":"info","message":"---------------------Route accessed: //user/3--------------------------","timestamp":"2024-04-09 14:03:57"}
{"level":"info","message":"----------userRollNo: 3---------------------","timestamp":"2024-04-09 14:03:57"}
{"level":"info","message":"-------------------Successfully Fetched the USer------------------------------------------","timestamp":"2024-04-09 14:03:57"}
{"level":"info","message":"---------------------Route accessed: //user/3--------------------------","timestamp":"2024-04-09 14:04:01"}
{"level":"info","message":"----------userRollNo: 3---------------------","timestamp":"2024-04-09 14:04:01"}
{"level":"info","message":"-------------------Successfully Fetched the USer------------------------------------------","timestamp":"2024-04-09 14:04:01"}
{"level":"info","message":"---------------------Route accessed: //user/3--------------------------","timestamp":"2024-04-09 14:04:11"}
{"level":"info","message":"----------userRollNo: 3---------------------","timestamp":"2024-04-09 14:04:11"}
{"level":"info","message":"-------------------Successfully Fetched the USer------------------------------------------","timestamp":"2024-04-09 14:04:11"}
{"level":"info","message":"---------------------Route accessed: //user/3--------------------------","timestamp":"2024-04-09 14:04:17"}
{"level":"info","message":"----------userRollNo: 3---------------------","timestamp":"2024-04-09 14:04:17"}
{"level":"info","message":"-------------------Successfully Fetched the USer------------------------------------------","timestamp":"2024-04-09 14:04:17"}
{"level":"info","message":"---------------------Route accessed: //user/3--------------------------","timestamp":"2024-04-09 14:04:23"}
{"level":"info","message":"----------userRollNo: 3---------------------","timestamp":"2024-04-09 14:04:23"}
{"level":"info","message":"-------------------Successfully Fetched the USer------------------------------------------","timestamp":"2024-04-09 14:04:23"}
{"level":"info","message":"---------------------Route accessed: //user/3--------------------------","timestamp":"2024-04-09 14:04:36"}
{"level":"info","message":"----------userRollNo: 3---------------------","timestamp":"2024-04-09 14:04:36"}
{"level":"info","message":"-------------------Successfully Fetched the USer------------------------------------------","timestamp":"2024-04-09 14:04:38"}
{"level":"info","message":"---------------------Route accessed: //user/3--------------------------","timestamp":"2024-04-09 14:05:15"}
{"level":"info","message":"----------userRollNo: 3---------------------","timestamp":"2024-04-09 14:05:15"}
{"level":"info","message":"-------------------Successfully Fetched the USer------------------------------------------","timestamp":"2024-04-09 14:05:16"}
{"level":"info","message":"---------------------Route accessed: //user/3--------------------------","timestamp":"2024-04-09 14:06:51"}
{"level":"info","message":"----------userRollNo: 3---------------------","timestamp":"2024-04-09 14:06:51"}
{"level":"info","message":"-------------------Successfully Fetched the USer------------------------------------------","timestamp":"2024-04-09 14:06:51"}
{"level":"info","message":"---------------------Route accessed: //user/3--------------------------","timestamp":"2024-04-09 14:07:00"}
{"level":"info","message":"----------userRollNo: 3---------------------","timestamp":"2024-04-09 14:07:00"}
{"level":"info","message":"-------------------Successfully Fetched the USer------------------------------------------","timestamp":"2024-04-09 14:07:00"}
{"level":"info","message":"---------------------Route accessed: //user/3--------------------------","timestamp":"2024-04-09 14:07:06"}
{"level":"info","message":"----------userRollNo: 3---------------------","timestamp":"2024-04-09 14:07:06"}
{"level":"info","message":"-------------------Successfully Fetched the USer------------------------------------------","timestamp":"2024-04-09 14:07:06"}
{"level":"info","message":"---------------------Route accessed: //user/3--------------------------","timestamp":"2024-04-09 14:07:25"}
{"level":"info","message":"----------userRollNo: 3---------------------","timestamp":"2024-04-09 14:07:25"}
{"level":"info","message":"-------------------Successfully Fetched the USer------------------------------------------","timestamp":"2024-04-09 14:07:25"}
{"level":"info","message":"---------------------Route accessed: //user/3--------------------------","timestamp":"2024-04-09 14:07:27"}
{"level":"info","message":"----------userRollNo: 3---------------------","timestamp":"2024-04-09 14:07:27"}
{"level":"info","message":"-------------------Successfully Fetched the USer------------------------------------------","timestamp":"2024-04-09 14:07:27"}
{"level":"info","message":"---------------------Route accessed: //user/3--------------------------","timestamp":"2024-04-09 14:07:47"}
{"level":"info","message":"----------userRollNo: 3---------------------","timestamp":"2024-04-09 14:07:47"}
{"level":"info","message":"-------------------Successfully Fetched the USer------------------------------------------","timestamp":"2024-04-09 14:07:47"}
{"level":"info","message":"---------------------Route accessed: //user/3--------------------------","timestamp":"2024-04-09 14:07:48"}
{"level":"info","message":"----------userRollNo: 3---------------------","timestamp":"2024-04-09 14:07:48"}
{"level":"info","message":"-------------------Successfully Fetched the USer------------------------------------------","timestamp":"2024-04-09 14:07:48"}
{"level":"info","message":"---------------------Route accessed: //user/3--------------------------","timestamp":"2024-04-09 14:07:53"}
{"level":"info","message":"----------userRollNo: 3---------------------","timestamp":"2024-04-09 14:07:53"}
{"level":"info","message":"-------------------Successfully Fetched the USer------------------------------------------","timestamp":"2024-04-09 14:07:53"}
{"level":"info","message":"---------------------Route accessed: //user/3--------------------------","timestamp":"2024-04-09 14:08:55"}
{"level":"info","message":"----------userRollNo: 3---------------------","timestamp":"2024-04-09 14:08:55"}
{"level":"info","message":"-------------------Successfully Fetched the USer------------------------------------------","timestamp":"2024-04-09 14:08:55"}
{"level":"info","message":"---------------------Route accessed: //user/3--------------------------","timestamp":"2024-04-09 14:08:59"}
{"level":"info","message":"----------userRollNo: 3---------------------","timestamp":"2024-04-09 14:08:59"}
{"level":"info","message":"-------------------Successfully Fetched the USer------------------------------------------","timestamp":"2024-04-09 14:08:59"}
{"level":"info","message":"---------------------Route accessed: //user/3--------------------------","timestamp":"2024-04-09 14:09:15"}
{"level":"info","message":"----------userRollNo: 3---------------------","timestamp":"2024-04-09 14:09:15"}
{"level":"info","message":"-------------------Successfully Fetched the USer------------------------------------------","timestamp":"2024-04-09 14:09:15"}
{"level":"info","message":"---------------------Route accessed: //file/upload--------------------------","timestamp":"2024-04-09 14:09:29"}
{"level":"info","message":"---------------------Route accessed: //user_profile/3--------------------------","timestamp":"2024-04-09 14:09:32"}
{"level":"info","message":"-------------UserId:3-------------------------------------","timestamp":"2024-04-09 14:09:32"}
{"level":"info","message":{"displayPictureUrl":"https://my-bucket-pg.s3.amazonaws.com/bundlelistings.jpg","email":"admin@mailinator.com","name":"Admin"},"timestamp":"2024-04-09 14:09:32"}
{"level":"info","message":"-------------------Successfully Updated the User Profile------------------------------------------","timestamp":"2024-04-09 14:09:32"}
{"level":"info","message":"---------------------Route accessed: //user/3--------------------------","timestamp":"2024-04-09 14:10:01"}
{"level":"info","message":"----------userRollNo: 3---------------------","timestamp":"2024-04-09 14:10:01"}
{"level":"info","message":"-------------------Successfully Fetched the USer------------------------------------------","timestamp":"2024-04-09 14:10:01"}
{"level":"info","message":"---------------------Route accessed: //login--------------------------","timestamp":"2024-04-09 14:11:18"}
{"level":"info","message":{"password":"admin","userEmail":"student@mailinator.com"},"timestamp":"2024-04-09 14:11:18"}
{"level":"info","message":"--------------------------Logged In Successfully---------------------------------","timestamp":"2024-04-09 14:11:19"}
{"level":"info","message":"---------------------Route accessed: //projects--------------------------","timestamp":"2024-04-09 14:11:19"}
{"level":"info","message":"-------------------Projects fetched Successfully----------------------------","timestamp":"2024-04-09 14:11:19"}
{"level":"info","message":"---------------------Route accessed: //projects/2--------------------------","timestamp":"2024-04-09 14:11:23"}
{"level":"info","message":"-------USerId: 2------------","timestamp":"2024-04-09 14:11:23"}
{"level":"info","message":"-------------------Projects Fetched Successfully----------------------------","timestamp":"2024-04-09 14:11:23"}
{"level":"info","message":"---------------------Route accessed: //projects--------------------------","timestamp":"2024-04-09 14:11:38"}
{"level":"info","message":"-------------------Projects fetched Successfully----------------------------","timestamp":"2024-04-09 14:11:38"}
{"level":"info","message":"---------------------Route accessed: //user/1--------------------------","timestamp":"2024-04-09 14:11:41"}
{"level":"info","message":"----------userRollNo: 1---------------------","timestamp":"2024-04-09 14:11:41"}
{"level":"info","message":"-------------------Successfully Fetched the USer------------------------------------------","timestamp":"2024-04-09 14:11:41"}
{"level":"info","message":"---------------------Route accessed: //file/upload--------------------------","timestamp":"2024-04-09 14:11:52"}
{"level":"info","message":"---------------------Route accessed: //user_profile/1--------------------------","timestamp":"2024-04-09 14:11:57"}
{"level":"info","message":"-------------UserId:1-------------------------------------","timestamp":"2024-04-09 14:11:57"}
{"level":"info","message":{"displayPictureUrl":"https://my-bucket-pg.s3.amazonaws.com/GinCrackers.jpg","email":"reviewer@mailinator.com","name":"Reviewer"},"timestamp":"2024-04-09 14:11:57"}
{"level":"info","message":"-------------------Successfully Updated the User Profile------------------------------------------","timestamp":"2024-04-09 14:11:57"}
{"level":"info","message":"---------------------Route accessed: //login--------------------------","timestamp":"2024-04-09 14:12:29"}
{"level":"info","message":{"password":"admin@123","userEmail":"reviewer@mailinator.com"},"timestamp":"2024-04-09 14:12:29"}
{"level":"info","message":"--------------------------Logged In Successfully---------------------------------","timestamp":"2024-04-09 14:12:29"}
{"level":"info","message":"---------------------Route accessed: //projects--------------------------","timestamp":"2024-04-09 14:12:29"}
{"level":"info","message":"-------------------Projects fetched Successfully----------------------------","timestamp":"2024-04-09 14:12:29"}
{"level":"info","message":"---------------------Route accessed: //projects--------------------------","timestamp":"2024-04-09 14:12:32"}
{"level":"info","message":"-------------------Projects fetched Successfully----------------------------","timestamp":"2024-04-09 14:12:32"}
{"level":"info","message":"---------------------Route accessed: //project/1--------------------------","timestamp":"2024-04-09 14:12:34"}
{"level":"info","message":"--------------ProjectId:1----------------------------------","timestamp":"2024-04-09 14:12:34"}
{"level":"info","message":"-------------------Project found Successfully----------------------------","timestamp":"2024-04-09 14:12:34"}
{"level":"info","message":"---------------------Route accessed: //project/1--------------------------","timestamp":"2024-04-09 14:12:36"}
{"level":"info","message":"--------------ProjectId:1----------------------------------","timestamp":"2024-04-09 14:12:36"}
{"level":"info","message":"-------------------Project found Successfully----------------------------","timestamp":"2024-04-09 14:12:36"}
{"level":"info","message":"---------------------Route accessed: //user/2--------------------------","timestamp":"2024-04-09 19:47:17"}
{"level":"info","message":"----------userRollNo: 2---------------------","timestamp":"2024-04-09 19:47:17"}
{"level":"info","message":"-------------------Successfully Fetched the USer------------------------------------------","timestamp":"2024-04-09 19:47:18"}
{"level":"info","message":"---------------------Route accessed: //project/comment/1--------------------------","timestamp":"2024-04-09 20:10:49"}
{"level":"info","message":"-------ProjectId: 1------------","timestamp":"2024-04-09 20:10:49"}
{"level":"info","message":{},"timestamp":"2024-04-09 20:10:49"}
{"level":"error","message":"---------------Error Commenting project: notNull Violation: Comment.content cannot be null,\nnotNull Violation: Comment.userId cannot be null------------------------","timestamp":"2024-04-09 20:10:49"}
{"level":"info","message":"---------------------Route accessed: //user/1--------------------------","timestamp":"2024-04-09 20:10:49"}
{"level":"info","message":"----------userRollNo: 1---------------------","timestamp":"2024-04-09 20:10:49"}
{"level":"info","message":"-------------------Successfully Fetched the USer------------------------------------------","timestamp":"2024-04-09 20:10:49"}
{"level":"info","message":"---------------------Route accessed: //user/2--------------------------","timestamp":"2024-04-09 20:13:26"}
{"level":"info","message":"----------userRollNo: 2---------------------","timestamp":"2024-04-09 20:13:26"}
{"level":"info","message":"-------------------Successfully Fetched the USer------------------------------------------","timestamp":"2024-04-09 20:13:26"}
{"level":"info","message":"---------------------Route accessed: //file/upload--------------------------","timestamp":"2024-04-09 20:13:54"}
{"level":"info","message":"---------------------Route accessed: //user_profile/2--------------------------","timestamp":"2024-04-09 20:13:56"}
{"level":"info","message":"-------------UserId:2-------------------------------------","timestamp":"2024-04-09 20:13:56"}
{"level":"info","message":{"displayPictureUrl":"https://my-bucket-pg.s3.amazonaws.com/bundlelistings.jpg","email":"student@mailinator.com","name":"Student"},"timestamp":"2024-04-09 20:13:56"}
{"level":"info","message":"-------------------Successfully Updated the User Profile------------------------------------------","timestamp":"2024-04-09 20:13:56"}
{"level":"info","message":"---------------------Route accessed: //user/2--------------------------","timestamp":"2024-04-09 20:14:10"}
{"level":"info","message":"----------userRollNo: 2---------------------","timestamp":"2024-04-09 20:14:10"}
{"level":"info","message":"-------------------Successfully Fetched the USer------------------------------------------","timestamp":"2024-04-09 20:14:10"}
{"level":"info","message":"---------------------Route accessed: //projects--------------------------","timestamp":"2024-04-09 20:15:17"}
{"level":"info","message":"-------------------Projects fetched Successfully----------------------------","timestamp":"2024-04-09 20:15:18"}
{"level":"info","message":"---------------------Route accessed: //projects--------------------------","timestamp":"2024-04-09 20:15:28"}
{"level":"info","message":"-------------------Projects fetched Successfully----------------------------","timestamp":"2024-04-09 20:15:28"}
{"level":"info","message":"---------------------Route accessed: //user/1--------------------------","timestamp":"2024-04-09 20:15:31"}
{"level":"info","message":"----------userRollNo: 1---------------------","timestamp":"2024-04-09 20:15:31"}
{"level":"info","message":"-------------------Successfully Fetched the USer------------------------------------------","timestamp":"2024-04-09 20:15:31"}
{"level":"info","message":"---------------------Route accessed: //projects/2--------------------------","timestamp":"2024-04-09 20:20:12"}
{"level":"info","message":"-------USerId: 2------------","timestamp":"2024-04-09 20:20:12"}
{"level":"info","message":"-------------------Projects Fetched Successfully----------------------------","timestamp":"2024-04-09 20:20:12"}
{"level":"info","message":"---------------------Route accessed: //project/1--------------------------","timestamp":"2024-04-09 20:20:15"}
{"level":"info","message":"--------------ProjectId:1----------------------------------","timestamp":"2024-04-09 20:20:15"}
{"level":"info","message":"-------------------Project found Successfully----------------------------","timestamp":"2024-04-09 20:20:15"}
{"level":"info","message":"---------------------Route accessed: //project/1--------------------------","timestamp":"2024-04-09 20:20:17"}
{"level":"info","message":"--------------ProjectId:1----------------------------------","timestamp":"2024-04-09 20:20:17"}
{"level":"info","message":"-------------------Project found Successfully----------------------------","timestamp":"2024-04-09 20:20:17"}
