{"level":"info","message":"---------------------Route accessed: //user--------------------------","timestamp":"2024-04-02 00:25:10"}
{"level":"info","message":{"email":"rahulspdf@gmail.com","name":"Pranav Rai","password":"11111111","role":"admin","rollNo":"185"},"timestamp":"2024-04-02 00:25:10"}
{"level":"info","message":"---------------------New User Created Successfully---------------------------------------","timestamp":"2024-04-02 00:25:10"}
{"level":"info","message":"---------------------Route accessed: //users--------------------------","timestamp":"2024-04-02 00:25:51"}
{"level":"info","message":"---------Empty Body-----------------","timestamp":"2024-04-02 00:25:51"}
{"level":"info","message":"-------------------Successfully Fetched the Users--------------------------------","timestamp":"2024-04-02 00:25:51"}
{"level":"info","message":"---------------------Route accessed: //login--------------------------","timestamp":"2024-04-02 00:30:59"}
{"level":"info","message":{"password":"Deepak13","userEmail":"deepak@anymail.com"},"timestamp":"2024-04-02 00:30:59"}
{"level":"error","message":"---------------------Error Logging the User--Username or password is incorrect---------------------------","timestamp":"2024-04-02 00:30:59"}
{"level":"info","message":"---------------------Route accessed: //login--------------------------","timestamp":"2024-04-02 00:31:37"}
{"level":"info","message":{"password":"hsjsjnsns","userEmail":"hsjsjsj"},"timestamp":"2024-04-02 00:31:37"}
{"level":"error","message":"---------------------Error Logging the User--Username or password is incorrect---------------------------","timestamp":"2024-04-02 00:31:37"}
{"level":"info","message":"---------------------Route accessed: //login--------------------------","timestamp":"2024-04-02 00:32:11"}
{"level":"info","message":{"password":"Sarthak123","userEmail":"sarthak@anymail.com"},"timestamp":"2024-04-02 00:32:11"}
{"level":"info","message":"--------------------------Logged In Successfully---------------------------------","timestamp":"2024-04-02 00:32:11"}
{"level":"info","message":"---------------------Route accessed: //login--------------------------","timestamp":"2024-04-02 00:33:57"}
{"level":"info","message":{"password":"hejjdjddj","userEmail":"jsjsjjs"},"timestamp":"2024-04-02 00:33:57"}
{"level":"error","message":"---------------------Error Logging the User--Username or password is incorrect---------------------------","timestamp":"2024-04-02 00:33:57"}
{"level":"info","message":"---------------------Route accessed: //login--------------------------","timestamp":"2024-04-02 00:34:49"}
{"level":"info","message":{"password":"Sarthak123","userEmail":"sarthak@anymail.com"},"timestamp":"2024-04-02 00:34:49"}
{"level":"info","message":"--------------------------Logged In Successfully---------------------------------","timestamp":"2024-04-02 00:34:49"}
{"level":"info","message":"---------------------Route accessed: //login--------------------------","timestamp":"2024-04-02 00:34:56"}
{"level":"info","message":{"password":"Sarthak123","userEmail":"sarthak@anymail.com"},"timestamp":"2024-04-02 00:34:56"}
{"level":"info","message":"--------------------------Logged In Successfully---------------------------------","timestamp":"2024-04-02 00:34:57"}
{"level":"info","message":"---------------------Route accessed: //login--------------------------","timestamp":"2024-04-02 00:35:18"}
{"level":"info","message":{"password":"Sarthak123","userEmail":"sarthak@anymail.com"},"timestamp":"2024-04-02 00:35:18"}
{"level":"info","message":"--------------------------Logged In Successfully---------------------------------","timestamp":"2024-04-02 00:35:19"}
{"level":"info","message":"---------------------Route accessed: //login--------------------------","timestamp":"2024-04-02 00:35:55"}
{"level":"info","message":{"password":"Sarthak123","userEmail":"sarthak@anymail.com"},"timestamp":"2024-04-02 00:35:55"}
{"level":"info","message":"--------------------------Logged In Successfully---------------------------------","timestamp":"2024-04-02 00:35:55"}
{"level":"info","message":"---------------------Route accessed: //login--------------------------","timestamp":"2024-04-02 00:37:23"}
{"level":"info","message":{"password":"Sarthak123","userEmail":"sarthak@anymail.com"},"timestamp":"2024-04-02 00:37:23"}
{"level":"info","message":"--------------------------Logged In Successfully---------------------------------","timestamp":"2024-04-02 00:37:23"}
{"level":"info","message":"---------------------Route accessed: //login--------------------------","timestamp":"2024-04-02 00:42:35"}
{"level":"info","message":{"password":"Sarthak123","userEmail":"sarthak@anymail.com"},"timestamp":"2024-04-02 00:42:35"}
{"level":"info","message":"--------------------------Logged In Successfully---------------------------------","timestamp":"2024-04-02 00:42:35"}
{"level":"info","message":"---------------------Route accessed: //login--------------------------","timestamp":"2024-04-02 00:50:06"}
{"level":"info","message":{"password":"Sarthak123","userEmail":"sarthak@anymail.com"},"timestamp":"2024-04-02 00:50:06"}
{"level":"info","message":"--------------------------Logged In Successfully---------------------------------","timestamp":"2024-04-02 00:50:07"}
{"level":"info","message":"---------------------Route accessed: //login--------------------------","timestamp":"2024-04-02 00:52:54"}
{"level":"info","message":{"password":"Sarthak123","userEmail":"sarthak@anymail.com"},"timestamp":"2024-04-02 00:52:54"}
{"level":"info","message":"--------------------------Logged In Successfully---------------------------------","timestamp":"2024-04-02 00:52:55"}
{"level":"info","message":"---------------------Route accessed: //login--------------------------","timestamp":"2024-04-02 00:54:31"}
{"level":"info","message":{"password":"Sarthak@123","userEmail":"sarthak@anymail.com"},"timestamp":"2024-04-02 00:54:31"}
{"level":"error","message":"---------------------Error Logging the User--Username or password is incorrect---------------------------","timestamp":"2024-04-02 00:54:32"}
{"level":"info","message":"---------------------Route accessed: //login--------------------------","timestamp":"2024-04-02 00:54:43"}
{"level":"info","message":{"password":"Sarthak123","userEmail":"sarthak@anymail.com"},"timestamp":"2024-04-02 00:54:43"}
{"level":"info","message":"--------------------------Logged In Successfully---------------------------------","timestamp":"2024-04-02 00:54:43"}
{"level":"info","message":"---------------------Route accessed: //login--------------------------","timestamp":"2024-04-02 00:57:32"}
{"level":"info","message":{"password":"Sarthak123","userEmail":"sarthak@anymail.com"},"timestamp":"2024-04-02 00:57:32"}
{"level":"info","message":"--------------------------Logged In Successfully---------------------------------","timestamp":"2024-04-02 00:57:33"}
{"level":"info","message":"---------------------Route accessed: //login--------------------------","timestamp":"2024-04-02 00:58:59"}
{"level":"info","message":{"password":"","userEmail":""},"timestamp":"2024-04-02 00:58:59"}
{"level":"error","message":"---------------------Error Logging the User--Username or password is incorrect---------------------------","timestamp":"2024-04-02 00:58:59"}
{"level":"info","message":"---------------------Route accessed: //login--------------------------","timestamp":"2024-04-02 00:59:11"}
{"level":"info","message":{"password":"Sarthak123","userEmail":"sarthak@anymail.com"},"timestamp":"2024-04-02 00:59:11"}
{"level":"info","message":"--------------------------Logged In Successfully---------------------------------","timestamp":"2024-04-02 00:59:11"}
{"level":"info","message":"---------------------Route accessed: //login--------------------------","timestamp":"2024-04-02 01:00:14"}
{"level":"info","message":{"password":"Sarthak123","userEmail":"sarthak@anymail.com"},"timestamp":"2024-04-02 01:00:14"}
{"level":"info","message":"--------------------------Logged In Successfully---------------------------------","timestamp":"2024-04-02 01:00:14"}
{"level":"info","message":"---------------------Route accessed: //login--------------------------","timestamp":"2024-04-02 01:04:16"}
{"level":"info","message":{"password":"Sarthak123","userEmail":"sarthak@anymail.com"},"timestamp":"2024-04-02 01:04:16"}
{"level":"info","message":"--------------------------Logged In Successfully---------------------------------","timestamp":"2024-04-02 01:04:17"}
{"level":"info","message":"---------------------Route accessed: //login--------------------------","timestamp":"2024-04-02 01:05:56"}
{"level":"info","message":{"password":"Sarthak123","userEmail":"sarthak@anymail.com"},"timestamp":"2024-04-02 01:05:56"}
{"level":"info","message":"--------------------------Logged In Successfully---------------------------------","timestamp":"2024-04-02 01:05:57"}
{"level":"info","message":"---------------------Route accessed: //login--------------------------","timestamp":"2024-04-02 01:11:57"}
{"level":"info","message":{"password":"Sarthakq23","userEmail":"sarthak@anymail.com"},"timestamp":"2024-04-02 01:11:57"}
{"level":"error","message":"---------------------Error Logging the User--Username or password is incorrect---------------------------","timestamp":"2024-04-02 01:11:58"}
{"level":"info","message":"---------------------Route accessed: //login--------------------------","timestamp":"2024-04-02 01:12:06"}
{"level":"info","message":{"password":"Sartjak123","userEmail":"sarthak@anymail.com"},"timestamp":"2024-04-02 01:12:06"}
{"level":"error","message":"---------------------Error Logging the User--Username or password is incorrect---------------------------","timestamp":"2024-04-02 01:12:06"}
{"level":"info","message":"---------------------Route accessed: //login--------------------------","timestamp":"2024-04-02 01:12:28"}
{"level":"info","message":{"password":"Sarthak123","userEmail":"sarthak@anymail.com"},"timestamp":"2024-04-02 01:12:28"}
{"level":"info","message":"--------------------------Logged In Successfully---------------------------------","timestamp":"2024-04-02 01:12:29"}
{"level":"info","message":"---------------------Route accessed: //project/6--------------------------","timestamp":"2024-04-02 01:16:47"}
{"level":"info","message":"--------------ProjectId:6----------------------------------","timestamp":"2024-04-02 01:16:47"}
{"level":"info","message":"-------------------Project found Successfully----------------------------","timestamp":"2024-04-02 01:16:47"}
{"level":"info","message":"---------------------Route accessed: //login--------------------------","timestamp":"2024-04-02 01:32:16"}
{"level":"info","message":{"password":"","userEmail":""},"timestamp":"2024-04-02 01:32:16"}
{"level":"error","message":"---------------------Error Logging the User--Username or password is incorrect---------------------------","timestamp":"2024-04-02 01:32:17"}
{"level":"info","message":"---------------------Route accessed: //login--------------------------","timestamp":"2024-04-02 01:32:27"}
{"level":"info","message":{"password":"Sarthak123","userEmail":"sarthak@anymail.com"},"timestamp":"2024-04-02 01:32:27"}
{"level":"info","message":"--------------------------Logged In Successfully---------------------------------","timestamp":"2024-04-02 01:32:28"}
{"level":"info","message":"---------------------Route accessed: //login--------------------------","timestamp":"2024-04-02 01:36:18"}
{"level":"info","message":{"password":"Sarthak123","userEmail":"sarthak@anymail.com"},"timestamp":"2024-04-02 01:36:18"}
{"level":"info","message":"--------------------------Logged In Successfully---------------------------------","timestamp":"2024-04-02 01:36:19"}
{"level":"info","message":"---------------------Route accessed: //login--------------------------","timestamp":"2024-04-02 01:37:14"}
{"level":"info","message":{"password":"Sarthak123","userEmail":"sarthak@anymail.com"},"timestamp":"2024-04-02 01:37:14"}
{"level":"info","message":"--------------------------Logged In Successfully---------------------------------","timestamp":"2024-04-02 01:37:14"}
{"level":"info","message":"---------------------Route accessed: //login--------------------------","timestamp":"2024-04-02 01:38:08"}
{"level":"info","message":{"password":"Sarthak123","userEmail":"sarthak@anymail.com"},"timestamp":"2024-04-02 01:38:08"}
{"level":"info","message":"--------------------------Logged In Successfully---------------------------------","timestamp":"2024-04-02 01:38:09"}
{"level":"info","message":"---------------------Route accessed: //login--------------------------","timestamp":"2024-04-02 01:39:19"}
{"level":"info","message":{"password":"Sarthak123","userEmail":"sarthak@anymail.com"},"timestamp":"2024-04-02 01:39:19"}
{"level":"info","message":"--------------------------Logged In Successfully---------------------------------","timestamp":"2024-04-02 01:39:20"}
{"level":"info","message":"---------------------Route accessed: //login--------------------------","timestamp":"2024-04-02 01:40:48"}
{"level":"info","message":{"password":"Sarthak123","userEmail":"sarthak@anymail.com"},"timestamp":"2024-04-02 01:40:48"}
{"level":"info","message":"--------------------------Logged In Successfully---------------------------------","timestamp":"2024-04-02 01:40:48"}
{"level":"info","message":"---------------------Route accessed: //users--------------------------","timestamp":"2024-04-02 01:42:17"}
{"level":"info","message":"---------Empty Body-----------------","timestamp":"2024-04-02 01:42:17"}
{"level":"info","message":"-------------------Successfully Fetched the Users--------------------------------","timestamp":"2024-04-02 01:42:17"}
{"level":"info","message":"---------------------Route accessed: //projects/17--------------------------","timestamp":"2024-04-02 01:42:35"}
{"level":"info","message":"-------USerId: 17------------","timestamp":"2024-04-02 01:42:35"}
{"level":"info","message":"-------------------Projects Fetched Successfully----------------------------","timestamp":"2024-04-02 01:42:35"}
{"level":"info","message":"---------------------Route accessed: //login--------------------------","timestamp":"2024-04-02 01:53:29"}
{"level":"info","message":{"password":"Sarthak123","userEmail":"sarthak@anymail.com"},"timestamp":"2024-04-02 01:53:29"}
{"level":"info","message":"--------------------------Logged In Successfully---------------------------------","timestamp":"2024-04-02 01:53:29"}
{"level":"info","message":"---------------------Route accessed: //projects/--------------------------","timestamp":"2024-04-02 01:53:33"}
{"level":"info","message":"-------------------Projects fetched Successfully----------------------------","timestamp":"2024-04-02 01:53:33"}
{"level":"info","message":"---------------------Route accessed: //login--------------------------","timestamp":"2024-04-02 01:56:04"}
{"level":"info","message":{"password":"Sarthak123","userEmail":"sarthak@anymail.com"},"timestamp":"2024-04-02 01:56:04"}
{"level":"info","message":"--------------------------Logged In Successfully---------------------------------","timestamp":"2024-04-02 01:56:04"}
{"level":"info","message":"---------------------Route accessed: //projects/--------------------------","timestamp":"2024-04-02 01:56:06"}
{"level":"info","message":"-------------------Projects fetched Successfully----------------------------","timestamp":"2024-04-02 01:56:06"}
{"level":"info","message":"---------------------Route accessed: //login--------------------------","timestamp":"2024-04-02 01:57:52"}
{"level":"info","message":{"password":"Sarthak123","userEmail":"sarthak@anymail.com"},"timestamp":"2024-04-02 01:57:52"}
{"level":"info","message":"--------------------------Logged In Successfully---------------------------------","timestamp":"2024-04-02 01:57:52"}
{"level":"info","message":"---------------------Route accessed: //projects/--------------------------","timestamp":"2024-04-02 01:57:54"}
{"level":"info","message":"-------------------Projects fetched Successfully----------------------------","timestamp":"2024-04-02 01:57:54"}
{"level":"info","message":"---------------------Route accessed: //login--------------------------","timestamp":"2024-04-02 01:59:46"}
{"level":"info","message":{"password":"Sarthak123","userEmail":"sarthak@anymail.com"},"timestamp":"2024-04-02 01:59:46"}
{"level":"info","message":"--------------------------Logged In Successfully---------------------------------","timestamp":"2024-04-02 01:59:46"}
{"level":"info","message":"---------------------Route accessed: //projects/--------------------------","timestamp":"2024-04-02 01:59:48"}
{"level":"info","message":"-------------------Projects fetched Successfully----------------------------","timestamp":"2024-04-02 01:59:48"}
{"level":"info","message":"---------------------Route accessed: //projects/17--------------------------","timestamp":"2024-04-02 02:00:10"}
{"level":"info","message":"-------USerId: 17------------","timestamp":"2024-04-02 02:00:10"}
{"level":"info","message":"-------------------Projects Fetched Successfully----------------------------","timestamp":"2024-04-02 02:00:10"}
{"level":"info","message":"---------------------Route accessed: //login--------------------------","timestamp":"2024-04-02 02:01:24"}
{"level":"info","message":{"password":"Sarthak123","userEmail":"sarthak@anymail.com"},"timestamp":"2024-04-02 02:01:24"}
{"level":"info","message":"--------------------------Logged In Successfully---------------------------------","timestamp":"2024-04-02 02:01:25"}
{"level":"info","message":"---------------------Route accessed: //projects/17--------------------------","timestamp":"2024-04-02 02:01:26"}
{"level":"info","message":"-------USerId: 17------------","timestamp":"2024-04-02 02:01:26"}
{"level":"info","message":"-------------------Projects Fetched Successfully----------------------------","timestamp":"2024-04-02 02:01:26"}
{"level":"info","message":"---------------------Route accessed: //login--------------------------","timestamp":"2024-04-02 02:04:14"}
{"level":"info","message":{"password":"Sarthak123","userEmail":"sarthak@anymail.com"},"timestamp":"2024-04-02 02:04:14"}
{"level":"info","message":"--------------------------Logged In Successfully---------------------------------","timestamp":"2024-04-02 02:04:14"}
{"level":"info","message":"---------------------Route accessed: //projects/--------------------------","timestamp":"2024-04-02 02:04:16"}
{"level":"info","message":"-------------------Projects fetched Successfully----------------------------","timestamp":"2024-04-02 02:04:16"}
{"level":"info","message":"---------------------Route accessed: //login--------------------------","timestamp":"2024-04-02 02:07:02"}
{"level":"info","message":{"password":"Sarthak123","userEmail":"sarthak@anymail.com"},"timestamp":"2024-04-02 02:07:02"}
{"level":"info","message":"--------------------------Logged In Successfully---------------------------------","timestamp":"2024-04-02 02:07:03"}
{"level":"info","message":"---------------------Route accessed: //projects/17--------------------------","timestamp":"2024-04-02 02:07:05"}
{"level":"info","message":"-------USerId: 17------------","timestamp":"2024-04-02 02:07:05"}
{"level":"info","message":"-------------------Projects Fetched Successfully----------------------------","timestamp":"2024-04-02 02:07:05"}
{"level":"info","message":"---------------------Route accessed: //projects/17--------------------------","timestamp":"2024-04-02 02:08:17"}
{"level":"info","message":"-------USerId: 17------------","timestamp":"2024-04-02 02:08:17"}
{"level":"info","message":"-------------------Projects Fetched Successfully----------------------------","timestamp":"2024-04-02 02:08:18"}
{"level":"info","message":"---------------------Route accessed: //projects/17--------------------------","timestamp":"2024-04-02 02:10:30"}
{"level":"info","message":"-------USerId: 17------------","timestamp":"2024-04-02 02:10:30"}
{"level":"info","message":"-------------------Projects Fetched Successfully----------------------------","timestamp":"2024-04-02 02:10:30"}
{"level":"info","message":"---------------------Route accessed: //projects/17--------------------------","timestamp":"2024-04-02 02:10:39"}
{"level":"info","message":"-------USerId: 17------------","timestamp":"2024-04-02 02:10:39"}
{"level":"info","message":"-------------------Projects Fetched Successfully----------------------------","timestamp":"2024-04-02 02:10:39"}
{"level":"info","message":"---------------------Route accessed: //projects/17--------------------------","timestamp":"2024-04-02 02:10:44"}
{"level":"info","message":"-------USerId: 17------------","timestamp":"2024-04-02 02:10:44"}
{"level":"info","message":"-------------------Projects Fetched Successfully----------------------------","timestamp":"2024-04-02 02:10:44"}
{"level":"info","message":"---------------------Route accessed: //projects/17--------------------------","timestamp":"2024-04-02 02:21:22"}
{"level":"info","message":"-------USerId: 17------------","timestamp":"2024-04-02 02:21:22"}
{"level":"info","message":"-------------------Projects Fetched Successfully----------------------------","timestamp":"2024-04-02 02:21:23"}
{"level":"info","message":"---------------------Route accessed: //login--------------------------","timestamp":"2024-04-02 02:21:29"}
{"level":"info","message":{"password":"Sarthak123","userEmail":"sarthak@anymail.com"},"timestamp":"2024-04-02 02:21:29"}
{"level":"info","message":"--------------------------Logged In Successfully---------------------------------","timestamp":"2024-04-02 02:21:29"}
{"level":"info","message":"---------------------Route accessed: //projects/17--------------------------","timestamp":"2024-04-02 02:21:30"}
{"level":"info","message":"-------USerId: 17------------","timestamp":"2024-04-02 02:21:30"}
{"level":"info","message":"-------------------Projects Fetched Successfully----------------------------","timestamp":"2024-04-02 02:21:30"}
{"level":"info","message":"---------------------Route accessed: //users--------------------------","timestamp":"2024-04-02 02:21:58"}
{"level":"info","message":"---------Empty Body-----------------","timestamp":"2024-04-02 02:21:58"}
{"level":"info","message":"-------------------Successfully Fetched the Users--------------------------------","timestamp":"2024-04-02 02:21:58"}
{"level":"info","message":"---------------------Route accessed: //projects--------------------------","timestamp":"2024-04-02 02:22:11"}
{"level":"info","message":"-------------------Projects fetched Successfully----------------------------","timestamp":"2024-04-02 02:22:12"}
{"level":"info","message":"---------------------Route accessed: //login--------------------------","timestamp":"2024-04-02 02:23:20"}
{"level":"info","message":{"password":"Animesh123","userEmail":"animesh@anymail.com"},"timestamp":"2024-04-02 02:23:20"}
{"level":"error","message":"---------------------Error Logging the User--Username or password is incorrect---------------------------","timestamp":"2024-04-02 02:23:20"}
{"level":"info","message":"---------------------Route accessed: //projects--------------------------","timestamp":"2024-04-02 02:24:15"}
{"level":"info","message":"-------------------Projects fetched Successfully----------------------------","timestamp":"2024-04-02 02:24:15"}
{"level":"info","message":"---------------------Route accessed: //users--------------------------","timestamp":"2024-04-02 02:24:48"}
{"level":"info","message":"---------Empty Body-----------------","timestamp":"2024-04-02 02:24:48"}
{"level":"info","message":"-------------------Successfully Fetched the Users--------------------------------","timestamp":"2024-04-02 02:24:48"}
{"level":"info","message":"---------------------Route accessed: //login--------------------------","timestamp":"2024-04-02 02:25:26"}
{"level":"info","message":{"password":"David123","userEmail":"pdavid@anygmail.com"},"timestamp":"2024-04-02 02:25:26"}
{"level":"error","message":"---------------------Error Logging the User--Username or password is incorrect---------------------------","timestamp":"2024-04-02 02:25:27"}
{"level":"info","message":"---------------------Route accessed: //login--------------------------","timestamp":"2024-04-02 02:26:08"}
{"level":"info","message":{"password":"Animesh123","userEmail":"animesh@anygmail.com"},"timestamp":"2024-04-02 02:26:08"}
{"level":"info","message":"--------------------------Logged In Successfully---------------------------------","timestamp":"2024-04-02 02:26:08"}
{"level":"info","message":"---------------------Route accessed: //projects/6--------------------------","timestamp":"2024-04-02 02:26:10"}
{"level":"info","message":"-------USerId: 6------------","timestamp":"2024-04-02 02:26:10"}
{"level":"info","message":"-------------------Projects Fetched Successfully----------------------------","timestamp":"2024-04-02 02:26:10"}
{"level":"info","message":"---------------------Route accessed: //login--------------------------","timestamp":"2024-04-02 10:06:07"}
{"level":"info","message":{"password":"Sarthak123","userEmail":"sarthak@anymail.com"},"timestamp":"2024-04-02 10:06:07"}
{"level":"info","message":"--------------------------Logged In Successfully---------------------------------","timestamp":"2024-04-02 10:06:08"}
{"level":"info","message":"---------------------Route accessed: //projects/17--------------------------","timestamp":"2024-04-02 10:06:36"}
{"level":"info","message":"-------USerId: 17------------","timestamp":"2024-04-02 10:06:36"}
{"level":"info","message":"-------------------Projects Fetched Successfully----------------------------","timestamp":"2024-04-02 10:06:36"}
{"level":"info","message":"---------------------Route accessed: //login--------------------------","timestamp":"2024-04-02 10:12:29"}
{"level":"info","message":{"password":"","userEmail":""},"timestamp":"2024-04-02 10:12:29"}
{"level":"error","message":"---------------------Error Logging the User--Username or password is incorrect---------------------------","timestamp":"2024-04-02 10:12:29"}
{"level":"info","message":"---------------------Route accessed: //users--------------------------","timestamp":"2024-04-02 10:14:29"}
{"level":"info","message":"---------Empty Body-----------------","timestamp":"2024-04-02 10:14:29"}
{"level":"info","message":"-------------------Successfully Fetched the Users--------------------------------","timestamp":"2024-04-02 10:14:30"}
{"level":"info","message":"---------------------Route accessed: //user/102--------------------------","timestamp":"2024-04-02 10:15:12"}
{"level":"info","message":"---------------User RollNo: 102--------------------------------------","timestamp":"2024-04-02 10:15:12"}
{"level":"info","message":{"email":"sarthak@anymail.com","password":"1"},"timestamp":"2024-04-02 10:15:12"}
{"level":"info","message":"-------------------Successfully Updated the Given User------------------------------------------","timestamp":"2024-04-02 10:15:12"}
{"level":"info","message":"---------------------Route accessed: //login--------------------------","timestamp":"2024-04-02 10:15:25"}
{"level":"info","message":{"password":"1","userEmail":"sarthak@anymail.com"},"timestamp":"2024-04-02 10:15:25"}
{"level":"info","message":"--------------------------Logged In Successfully---------------------------------","timestamp":"2024-04-02 10:15:25"}
{"level":"info","message":"---------------------Route accessed: //login--------------------------","timestamp":"2024-04-02 10:38:38"}
{"level":"info","message":{"password":"1","userEmail":"sarthak@anymail.com"},"timestamp":"2024-04-02 10:38:38"}
{"level":"info","message":"--------------------------Logged In Successfully---------------------------------","timestamp":"2024-04-02 10:38:39"}
{"level":"info","message":"---------------------Route accessed: //login--------------------------","timestamp":"2024-04-02 10:38:55"}
{"level":"info","message":{"password":"q","userEmail":"sarthak@anymail.com"},"timestamp":"2024-04-02 10:38:55"}
{"level":"error","message":"---------------------Error Logging the User--Username or password is incorrect---------------------------","timestamp":"2024-04-02 10:38:55"}
{"level":"info","message":"---------------------Route accessed: //login--------------------------","timestamp":"2024-04-02 10:38:58"}
{"level":"info","message":{"password":"1","userEmail":"sarthak@anymail.com"},"timestamp":"2024-04-02 10:38:58"}
{"level":"info","message":"--------------------------Logged In Successfully---------------------------------","timestamp":"2024-04-02 10:38:58"}
{"level":"info","message":"---------------------Route accessed: //login--------------------------","timestamp":"2024-04-02 10:48:48"}
{"level":"info","message":{"password":"1","userEmail":"sarthak@anymail.com"},"timestamp":"2024-04-02 10:48:48"}
{"level":"info","message":"--------------------------Logged In Successfully---------------------------------","timestamp":"2024-04-02 10:48:48"}
{"level":"info","message":"---------------------Route accessed: //projects--------------------------","timestamp":"2024-04-02 10:55:41"}
{"level":"info","message":"-------------------Projects fetched Successfully----------------------------","timestamp":"2024-04-02 10:55:42"}
{"level":"info","message":"---------------------Route accessed: //login--------------------------","timestamp":"2024-04-02 11:03:42"}
{"level":"info","message":{"password":"1","userEmail":"sarthak@anymail.com"},"timestamp":"2024-04-02 11:03:42"}
{"level":"info","message":"--------------------------Logged In Successfully---------------------------------","timestamp":"2024-04-02 11:03:42"}
{"level":"info","message":"---------------------Route accessed: //login--------------------------","timestamp":"2024-04-02 11:04:44"}
{"level":"info","message":{"password":"1","userEmail":"sarthak@anymail.com"},"timestamp":"2024-04-02 11:04:44"}
{"level":"info","message":"--------------------------Logged In Successfully---------------------------------","timestamp":"2024-04-02 11:04:45"}
{"level":"info","message":"---------------------Route accessed: //login--------------------------","timestamp":"2024-04-02 11:05:47"}
{"level":"info","message":{"password":"1","userEmail":"sarthak@anymail.com"},"timestamp":"2024-04-02 11:05:47"}
{"level":"info","message":"--------------------------Logged In Successfully---------------------------------","timestamp":"2024-04-02 11:05:48"}
{"level":"info","message":"---------------------Route accessed: //login--------------------------","timestamp":"2024-04-02 11:06:51"}
{"level":"info","message":{"password":"1","userEmail":"sarthak@anymail.com"},"timestamp":"2024-04-02 11:06:51"}
{"level":"info","message":"--------------------------Logged In Successfully---------------------------------","timestamp":"2024-04-02 11:06:52"}
{"level":"info","message":"---------------------Route accessed: //login--------------------------","timestamp":"2024-04-02 11:08:14"}
{"level":"info","message":{"password":"1","userEmail":"sarthak@anymail.com"},"timestamp":"2024-04-02 11:08:14"}
{"level":"info","message":"--------------------------Logged In Successfully---------------------------------","timestamp":"2024-04-02 11:08:14"}
{"level":"info","message":"---------------------Route accessed: //project--------------------------","timestamp":"2024-04-02 11:08:38"}
{"level":"info","message":{"abstractUrl":"https://my-bucket-pg.s3.amazonaws.com/dummy.pdf","createdAt":null,"dateOfSubmission":"2023-02-28T00:00:00Z","projectAssetUrl":"https://my-bucket-pg.s3.amazonaws.com/WhatsApp%20Image%202024-03-22%20at%2010.59.12%20PM.jpeg","projectDescription":"Checking the project with m dev","projectName":"Checking the mobile app","submittedBy":"Sarthak","userId":"17"},"timestamp":"2024-04-02 11:08:38"}
{"level":"info","message":"-------------------Successfully Created the Project----------------------------","timestamp":"2024-04-02 11:08:38"}
{"level":"info","message":"---------------------Route accessed: //projects--------------------------","timestamp":"2024-04-02 11:08:48"}
{"level":"info","message":"-------------------Projects fetched Successfully----------------------------","timestamp":"2024-04-02 11:08:48"}
{"level":"info","message":"---------------------Route accessed: //projects/17--------------------------","timestamp":"2024-04-02 11:09:07"}
{"level":"info","message":"-------USerId: 17------------","timestamp":"2024-04-02 11:09:07"}
{"level":"info","message":"-------------------Projects Fetched Successfully----------------------------","timestamp":"2024-04-02 11:09:08"}
{"level":"info","message":"---------------------Route accessed: //projects/17--------------------------","timestamp":"2024-04-02 11:09:18"}
{"level":"info","message":"-------USerId: 17------------","timestamp":"2024-04-02 11:09:18"}
{"level":"info","message":"-------------------Projects Fetched Successfully----------------------------","timestamp":"2024-04-02 11:09:19"}
{"level":"info","message":"---------------------Route accessed: //users--------------------------","timestamp":"2024-04-02 11:10:36"}
{"level":"info","message":"---------Empty Body-----------------","timestamp":"2024-04-02 11:10:36"}
{"level":"info","message":"-------------------Successfully Fetched the Users--------------------------------","timestamp":"2024-04-02 11:10:37"}
{"level":"info","message":"---------------------Route accessed: //login--------------------------","timestamp":"2024-04-02 11:11:10"}
{"level":"info","message":{"password":"11111111","userEmail":"rahulspdf@gmail.com"},"timestamp":"2024-04-02 11:11:10"}
{"level":"info","message":"--------------------------Logged In Successfully---------------------------------","timestamp":"2024-04-02 11:11:10"}
{"level":"info","message":"---------------------Route accessed: //user/23--------------------------","timestamp":"2024-04-02 11:11:44"}
{"level":"info","message":"---------------User RollNo: 23--------------------------------------","timestamp":"2024-04-02 11:11:44"}
{"level":"info","message":{"email":"rahulspdf@gmail.com","password":"1"},"timestamp":"2024-04-02 11:11:44"}
{"level":"error","message":"---------------------Error updating user:, Validation error------------------------------------","timestamp":"2024-04-02 11:11:45"}
{"level":"info","message":"---------------------Route accessed: //user/185--------------------------","timestamp":"2024-04-02 11:12:35"}
{"level":"info","message":"---------------User RollNo: 185--------------------------------------","timestamp":"2024-04-02 11:12:35"}
{"level":"info","message":{"email":"rahulspdf@gmail.com","password":"1"},"timestamp":"2024-04-02 11:12:35"}
{"level":"info","message":"-------------------Successfully Updated the Given User------------------------------------------","timestamp":"2024-04-02 11:12:35"}
{"level":"info","message":"---------------------Route accessed: //login--------------------------","timestamp":"2024-04-02 11:13:07"}
{"level":"info","message":{"password":"1","userEmail":"rahulspdf@gmail.com"},"timestamp":"2024-04-02 11:13:07"}
{"level":"info","message":"--------------------------Logged In Successfully---------------------------------","timestamp":"2024-04-02 11:13:08"}
{"level":"info","message":"---------------------Route accessed: //login--------------------------","timestamp":"2024-04-02 11:20:45"}
{"level":"info","message":{"password":"q","userEmail":"rahulspdf@gmail.com"},"timestamp":"2024-04-02 11:20:45"}
{"level":"error","message":"---------------------Error Logging the User--Username or password is incorrect---------------------------","timestamp":"2024-04-02 11:20:45"}
{"level":"info","message":"---------------------Route accessed: //login--------------------------","timestamp":"2024-04-02 11:20:48"}
{"level":"info","message":{"password":"1","userEmail":"rahulspdf@gmail.com"},"timestamp":"2024-04-02 11:20:48"}
{"level":"info","message":"--------------------------Logged In Successfully---------------------------------","timestamp":"2024-04-02 11:20:48"}
