{"level":"info","message":"---------------------Route accessed: //projects--------------------------","timestamp":"2024-04-08 10:55:14"}
{"level":"info","message":"-------------------Projects fetched Successfully----------------------------","timestamp":"2024-04-08 10:55:15"}
{"level":"info","message":"---------------------Route accessed: //resetPassword/--------------------------","timestamp":"2024-04-08 10:55:34"}
{"level":"info","message":"-------------user email.:--------manish@mailinator.com------------------","timestamp":"2024-04-08 10:55:34"}
{"level":"error","message":"---------------------Error sending otp:, connect ETIMEDOUT 64.233.170.108:487------------------------------------","timestamp":"2024-04-08 10:55:55"}
{"level":"info","message":"---------------------Route accessed: //resetPassword/--------------------------","timestamp":"2024-04-08 10:56:34"}
{"level":"info","message":"-------------user email.:--------manish@mailinator.com------------------","timestamp":"2024-04-08 10:56:34"}
{"level":"info","message":"-------------------Successfully generated OTP------------------------------------------","timestamp":"2024-04-08 10:56:38"}
{"level":"info","message":"---------------------Route accessed: //resetPassword/--------------------------","timestamp":"2024-04-08 10:58:08"}
{"level":"info","message":"-------------user email.:--------manish@mailinator.com------------------","timestamp":"2024-04-08 10:58:08"}
{"level":"info","message":"-------------------Successfully generated OTP------------------------------------------","timestamp":"2024-04-08 10:58:12"}
{"level":"info","message":"---------------------Route accessed: //resetPassword/--------------------------","timestamp":"2024-04-08 11:00:41"}
{"level":"info","message":"-------------user email.:--------manish@mailinator.com------------------","timestamp":"2024-04-08 11:00:41"}
{"level":"info","message":"-------------------Successfully generated OTP------------------------------------------","timestamp":"2024-04-08 11:00:45"}
{"level":"info","message":"---------------------Route accessed: //resetPassword/--------------------------","timestamp":"2024-04-08 11:22:54"}
{"level":"info","message":"-------------user email.:--------manish@mailinator.com------------------","timestamp":"2024-04-08 11:22:54"}
{"level":"error","message":"---------------------Error sending otp:, res is not defined------------------------------------","timestamp":"2024-04-08 11:22:58"}
{"level":"info","message":"---------------------Route accessed: //resetPassword/--------------------------","timestamp":"2024-04-08 11:25:13"}
{"level":"info","message":"-------------user email.:--------manish@mailinator.com------------------","timestamp":"2024-04-08 11:25:13"}
{"level":"info","message":"-------------------Successfully generated OTP------------------------------------------","timestamp":"2024-04-08 11:25:17"}
{"level":"info","message":"---------------------Route accessed: //resetPassword/--------------------------","timestamp":"2024-04-08 11:27:56"}
{"level":"info","message":"-------------user email.:--------manish@mailinator.com------------------","timestamp":"2024-04-08 11:27:56"}
{"level":"info","message":"-------------------Successfully generated OTP------------------------------------------","timestamp":"2024-04-08 11:28:01"}
{"level":"info","message":"---------------------Route accessed: //resetPassword/--------------------------","timestamp":"2024-04-08 11:50:05"}
{"level":"info","message":"-------------user email.:--------manish@mailinator.com------------------","timestamp":"2024-04-08 11:50:05"}
{"level":"info","message":"-------------------Successfully generated OTP------------------------------------------","timestamp":"2024-04-08 11:50:09"}
{"level":"info","message":"---------------------Route accessed: //resetPassword/--------------------------","timestamp":"2024-04-08 11:55:44"}
{"level":"info","message":"-------------user email.:--------manish@mailinator.com------------------","timestamp":"2024-04-08 11:55:44"}
{"level":"info","message":"-------------------Successfully generated OTP------------------------------------------","timestamp":"2024-04-08 11:55:49"}
{"level":"info","message":"---------------------Route accessed: //resetPassword/--------------------------","timestamp":"2024-04-08 11:56:41"}
{"level":"info","message":"-------------user email.:--------manish@mailinator.com------------------","timestamp":"2024-04-08 11:56:41"}
{"level":"info","message":"-------------------Successfully generated OTP------------------------------------------","timestamp":"2024-04-08 11:56:44"}
{"level":"info","message":"---------------------Route accessed: //resetPassword/--------------------------","timestamp":"2024-04-08 11:56:47"}
{"level":"info","message":"-------------user email.:--------manish@mailinator.com------------------","timestamp":"2024-04-08 11:56:47"}
{"level":"info","message":"-------------------Successfully generated OTP------------------------------------------","timestamp":"2024-04-08 11:56:51"}
{"level":"info","message":"---------------------Route accessed: //resetPassword/--------------------------","timestamp":"2024-04-08 12:01:26"}
{"level":"info","message":"-------------user email.:--------manish@mailinator.com------------------","timestamp":"2024-04-08 12:01:26"}
{"level":"info","message":"-------------------Successfully generated OTP------------------------------------------","timestamp":"2024-04-08 12:01:30"}
{"level":"info","message":"---------------------Route accessed: //resetPassword/--------------------------","timestamp":"2024-04-08 12:01:54"}
{"level":"info","message":"-------------user email.:--------manish@mailinator.com------------------","timestamp":"2024-04-08 12:01:54"}
{"level":"info","message":"-------------------Successfully generated OTP------------------------------------------","timestamp":"2024-04-08 12:01:57"}
{"level":"info","message":"---------------------Route accessed: //otpVerify/--------------------------","timestamp":"2024-04-08 12:09:37"}
{"level":"info","message":"-------------user params.:--------[object Object]------------------","timestamp":"2024-04-08 12:09:37"}
{"level":"error","message":"---------------------Error sending otp:, Invalid value { otp: '763331' }------------------------------------","timestamp":"2024-04-08 12:09:37"}
{"level":"info","message":"---------------------Route accessed: //otpVerify/--------------------------","timestamp":"2024-04-08 12:10:35"}
{"level":"info","message":"-------------user params.:--------[object Object]------------------","timestamp":"2024-04-08 12:10:35"}
{"level":"error","message":"---------------------Error sending otp:, Cannot access 'params' before initialization------------------------------------","timestamp":"2024-04-08 12:10:35"}
{"level":"info","message":"---------------------Route accessed: //otpVerify/--------------------------","timestamp":"2024-04-08 12:12:06"}
{"level":"info","message":"-------------user params.:--------[object Object]------------------","timestamp":"2024-04-08 12:12:06"}
{"level":"info","message":"-------------------Successfully generated OTP------------------------------------------","timestamp":"2024-04-08 12:12:06"}
{"level":"info","message":"---------------------Route accessed: //otpVerify/--------------------------","timestamp":"2024-04-08 12:12:29"}
{"level":"info","message":"-------------user params.:--------[object Object]------------------","timestamp":"2024-04-08 12:12:29"}
{"level":"info","message":"-------------------Successfully generated OTP------------------------------------------","timestamp":"2024-04-08 12:12:29"}
{"level":"info","message":"---------------------Route accessed: //projects--------------------------","timestamp":"2024-04-08 12:17:58"}
{"level":"info","message":"-------------------Projects fetched Successfully----------------------------","timestamp":"2024-04-08 12:17:59"}
{"level":"info","message":"---------------------Route accessed: //user--------------------------","timestamp":"2024-04-08 12:18:22"}
{"level":"info","message":{"confirmPassword":"admin@123","email":"manish@mailinator.com","name":"Manish","password":"admin@123","role":"admin"},"timestamp":"2024-04-08 12:18:22"}
{"level":"info","message":"---------------------New User Created Successfully---------------------------------------","timestamp":"2024-04-08 12:18:23"}
{"level":"info","message":"---------------------Route accessed: //projects--------------------------","timestamp":"2024-04-08 12:18:23"}
{"level":"info","message":"-------------------Projects fetched Successfully----------------------------","timestamp":"2024-04-08 12:18:23"}
{"level":"info","message":"---------------------Route accessed: //resetPassword/--------------------------","timestamp":"2024-04-08 12:18:51"}
{"level":"info","message":"-------------user email.:--------manish@mailinator.com------------------","timestamp":"2024-04-08 12:18:51"}
{"level":"info","message":"-------------------Successfully generated OTP------------------------------------------","timestamp":"2024-04-08 12:18:55"}
{"level":"info","message":"---------------------Route accessed: //otpVerify/--------------------------","timestamp":"2024-04-08 12:19:18"}
{"level":"info","message":"-------------user params.:--------[object Object]------------------","timestamp":"2024-04-08 12:19:18"}
{"level":"error","message":"---------------------Error changing password:, OTP mismatch------------------------------------","timestamp":"2024-04-08 12:19:18"}
{"level":"info","message":"---------------------Route accessed: //otpVerify/--------------------------","timestamp":"2024-04-08 12:19:30"}
{"level":"info","message":"-------------user params.:--------[object Object]------------------","timestamp":"2024-04-08 12:19:30"}
{"level":"error","message":"---------------------Error changing password:, OTP mismatch------------------------------------","timestamp":"2024-04-08 12:19:30"}
{"level":"info","message":"---------------------Route accessed: //otpVerify/--------------------------","timestamp":"2024-04-08 12:20:01"}
{"level":"info","message":"-------------user params.:--------[object Object]------------------","timestamp":"2024-04-08 12:20:01"}
{"level":"info","message":"-------------------Successfully changed password------------------------------------------","timestamp":"2024-04-08 12:20:02"}
{"level":"info","message":"---------------------Route accessed: //otpVerify/--------------------------","timestamp":"2024-04-08 12:22:07"}
{"level":"info","message":"-------------user params.:--------[object Object]------------------","timestamp":"2024-04-08 12:22:07"}
{"level":"info","message":"-------------------Successfully changed password------------------------------------------","timestamp":"2024-04-08 12:22:08"}
{"level":"info","message":"---------------------Route accessed: //otpVerify/--------------------------","timestamp":"2024-04-08 12:25:01"}
{"level":"info","message":"-------------user params.:--------[object Object]------------------","timestamp":"2024-04-08 12:25:01"}
{"level":"info","message":"-------------------Successfully changed password------------------------------------------","timestamp":"2024-04-08 12:25:01"}
{"level":"info","message":"---------------------Route accessed: //resetPassword/--------------------------","timestamp":"2024-04-08 14:05:46"}
{"level":"info","message":"-------------user email.:--------manish@mailinator.com------------------","timestamp":"2024-04-08 14:05:46"}
{"level":"info","message":"-------------------Successfully generated OTP------------------------------------------","timestamp":"2024-04-08 14:05:51"}
{"level":"info","message":"---------------------Route accessed: //resetPassword/--------------------------","timestamp":"2024-04-08 14:07:11"}
{"level":"info","message":"-------------user email.:--------manish@mailinator.com------------------","timestamp":"2024-04-08 14:07:11"}
{"level":"info","message":"-------------------Successfully generated OTP------------------------------------------","timestamp":"2024-04-08 14:07:17"}
{"level":"info","message":"---------------------Route accessed: //otpVerify/--------------------------","timestamp":"2024-04-08 14:07:44"}
{"level":"info","message":"-------------user params.:--------[object Object]------------------","timestamp":"2024-04-08 14:07:44"}
{"level":"error","message":"---------------------Error changing password:, OTP mismatch------------------------------------","timestamp":"2024-04-08 14:07:45"}
{"level":"info","message":"---------------------Route accessed: //otpVerify/--------------------------","timestamp":"2024-04-08 14:07:48"}
{"level":"info","message":"-------------user params.:--------[object Object]------------------","timestamp":"2024-04-08 14:07:48"}
{"level":"info","message":"-------------------Successfully changed password------------------------------------------","timestamp":"2024-04-08 14:07:49"}
{"level":"info","message":"---------------------Route accessed: //projects--------------------------","timestamp":"2024-04-08 20:36:48"}
{"level":"info","message":"-------------------Projects fetched Successfully----------------------------","timestamp":"2024-04-08 20:36:49"}
{"level":"info","message":"---------------------Route accessed: //user--------------------------","timestamp":"2024-04-08 20:37:53"}
{"level":"info","message":{"confirmPassword":"admin","email":"reviewer@mailinator.com","name":"Reviewer","password":"admin","role":"reviewer"},"timestamp":"2024-04-08 20:37:53"}
{"level":"info","message":"---------------------New User Created Successfully---------------------------------------","timestamp":"2024-04-08 20:37:53"}
{"level":"info","message":"---------------------Route accessed: //projects--------------------------","timestamp":"2024-04-08 20:37:53"}
{"level":"info","message":"-------------------Projects fetched Successfully----------------------------","timestamp":"2024-04-08 20:37:53"}
{"level":"info","message":"---------------------Route accessed: //projects--------------------------","timestamp":"2024-04-08 20:38:16"}
{"level":"info","message":"-------------------Projects fetched Successfully----------------------------","timestamp":"2024-04-08 20:38:16"}
{"level":"info","message":"---------------------Route accessed: //user--------------------------","timestamp":"2024-04-08 20:38:38"}
{"level":"info","message":{"confirmPassword":"admin","email":"student@mailinator.com","name":"Student","password":"admin","role":"student","rollNo":"123456"},"timestamp":"2024-04-08 20:38:38"}
{"level":"info","message":"---------------------New User Created Successfully---------------------------------------","timestamp":"2024-04-08 20:38:38"}
{"level":"info","message":"---------------------Route accessed: //projects--------------------------","timestamp":"2024-04-08 20:38:38"}
{"level":"info","message":"-------------------Projects fetched Successfully----------------------------","timestamp":"2024-04-08 20:38:38"}
{"level":"info","message":"---------------------Route accessed: //user--------------------------","timestamp":"2024-04-08 20:40:23"}
{"level":"info","message":{"confirmPassword":"admin","email":"admin@mailinator.com","name":"Admin","password":"admin","role":"admin"},"timestamp":"2024-04-08 20:40:23"}
{"level":"info","message":"---------------------New User Created Successfully---------------------------------------","timestamp":"2024-04-08 20:40:23"}
{"level":"info","message":"---------------------Route accessed: //projects--------------------------","timestamp":"2024-04-08 20:40:24"}
{"level":"info","message":"-------------------Projects fetched Successfully----------------------------","timestamp":"2024-04-08 20:40:24"}
{"level":"info","message":"---------------------Route accessed: //login--------------------------","timestamp":"2024-04-08 20:40:38"}
{"level":"info","message":{"password":"admin","userEmail":"admin@mailinator.com"},"timestamp":"2024-04-08 20:40:38"}
{"level":"info","message":"--------------------------Logged In Successfully---------------------------------","timestamp":"2024-04-08 20:40:39"}
{"level":"info","message":"---------------------Route accessed: //projects--------------------------","timestamp":"2024-04-08 20:40:39"}
{"level":"info","message":"-------------------Projects fetched Successfully----------------------------","timestamp":"2024-04-08 20:40:39"}
{"level":"info","message":"---------------------Route accessed: //reviewers/--------------------------","timestamp":"2024-04-08 20:40:44"}
{"level":"info","message":"---------Empty Body-----------------","timestamp":"2024-04-08 20:40:44"}
{"level":"info","message":"-------------------Successfully Fetched the Reviewers------------------------------------------","timestamp":"2024-04-08 20:40:44"}
{"level":"info","message":"---------------------Route accessed: //projects--------------------------","timestamp":"2024-04-08 20:40:46"}
{"level":"info","message":"-------------------Projects fetched Successfully----------------------------","timestamp":"2024-04-08 20:40:46"}
{"level":"info","message":"---------------------Route accessed: //projects--------------------------","timestamp":"2024-04-08 20:40:47"}
{"level":"info","message":"-------------------Projects fetched Successfully----------------------------","timestamp":"2024-04-08 20:40:47"}
{"level":"info","message":"---------------------Route accessed: //projects--------------------------","timestamp":"2024-04-08 20:40:49"}
{"level":"info","message":"-------------------Projects fetched Successfully----------------------------","timestamp":"2024-04-08 20:40:49"}
{"level":"info","message":"---------------------Route accessed: //user/4--------------------------","timestamp":"2024-04-08 20:40:55"}
{"level":"info","message":"----------userRollNo: 4---------------------","timestamp":"2024-04-08 20:40:55"}
{"level":"info","message":"---------------------Route accessed: //login--------------------------","timestamp":"2024-04-08 20:41:15"}
{"level":"info","message":{"password":"admin","userEmail":"reviewer@mailinator.com"},"timestamp":"2024-04-08 20:41:15"}
{"level":"error","message":"---------------------Error Logging the User--Require Permission from admin for login---------------------------","timestamp":"2024-04-08 20:41:15"}
{"level":"info","message":"---------------------Route accessed: //login--------------------------","timestamp":"2024-04-08 20:41:47"}
{"level":"info","message":{"password":"admin","userEmail":"student@mailinator.com"},"timestamp":"2024-04-08 20:41:47"}
{"level":"info","message":"--------------------------Logged In Successfully---------------------------------","timestamp":"2024-04-08 20:41:47"}
{"level":"info","message":"---------------------Route accessed: //projects--------------------------","timestamp":"2024-04-08 20:41:48"}
{"level":"info","message":"-------------------Projects fetched Successfully----------------------------","timestamp":"2024-04-08 20:41:48"}
{"level":"info","message":"---------------------Route accessed: //projects/2--------------------------","timestamp":"2024-04-08 20:41:51"}
{"level":"info","message":"-------USerId: 2------------","timestamp":"2024-04-08 20:41:51"}
{"level":"info","message":"-------------------Projects Fetched Successfully----------------------------","timestamp":"2024-04-08 20:41:51"}
{"level":"info","message":"---------------------Route accessed: //projects--------------------------","timestamp":"2024-04-08 20:41:53"}
{"level":"info","message":"-------------------Projects fetched Successfully----------------------------","timestamp":"2024-04-08 20:41:53"}
{"level":"info","message":"---------------------Route accessed: //projects/2--------------------------","timestamp":"2024-04-08 20:41:55"}
{"level":"info","message":"-------USerId: 2------------","timestamp":"2024-04-08 20:41:55"}
{"level":"info","message":"-------------------Projects Fetched Successfully----------------------------","timestamp":"2024-04-08 20:41:55"}
{"level":"info","message":"---------------------Route accessed: //user/3--------------------------","timestamp":"2024-04-08 20:58:54"}
{"level":"info","message":"----------userRollNo: 3---------------------","timestamp":"2024-04-08 20:58:54"}
{"level":"info","message":"-------------------Successfully Fetched the USer------------------------------------------","timestamp":"2024-04-08 20:58:55"}
{"level":"info","message":"---------------------Route accessed: //login--------------------------","timestamp":"2024-04-08 21:00:15"}
{"level":"info","message":{"password":"admin","userEmail":"admin@mailinator.com"},"timestamp":"2024-04-08 21:00:15"}
{"level":"info","message":"--------------------------Logged In Successfully---------------------------------","timestamp":"2024-04-08 21:00:15"}
{"level":"info","message":"---------------------Route accessed: //projects--------------------------","timestamp":"2024-04-08 21:00:16"}
{"level":"info","message":"-------------------Projects fetched Successfully----------------------------","timestamp":"2024-04-08 21:00:16"}
{"level":"info","message":"---------------------Route accessed: //projects--------------------------","timestamp":"2024-04-08 21:00:24"}
{"level":"info","message":"-------------------Projects fetched Successfully----------------------------","timestamp":"2024-04-08 21:00:24"}
{"level":"info","message":"---------------------Route accessed: //reviewers/--------------------------","timestamp":"2024-04-08 21:00:26"}
{"level":"info","message":"---------Empty Body-----------------","timestamp":"2024-04-08 21:00:26"}
{"level":"info","message":"-------------------Successfully Fetched the Reviewers------------------------------------------","timestamp":"2024-04-08 21:00:26"}
{"level":"info","message":"---------------------Route accessed: //reviewer/1--------------------------","timestamp":"2024-04-08 21:00:45"}
{"level":"info","message":"-------------UserId: 1---------------------------","timestamp":"2024-04-08 21:00:45"}
{"level":"info","message":"-------------------Successfully Update the Reviewer Status------------------------------------------","timestamp":"2024-04-08 21:00:46"}
{"level":"info","message":"---------------------Route accessed: //reviewers/--------------------------","timestamp":"2024-04-08 21:00:46"}
{"level":"info","message":"---------Empty Body-----------------","timestamp":"2024-04-08 21:00:46"}
{"level":"info","message":"-------------------Successfully Fetched the Reviewers------------------------------------------","timestamp":"2024-04-08 21:00:46"}
{"level":"info","message":"---------------------Route accessed: //login--------------------------","timestamp":"2024-04-08 21:00:58"}
{"level":"info","message":{"password":"admin","userEmail":"reviewer@mailinator.com"},"timestamp":"2024-04-08 21:00:58"}
{"level":"info","message":"--------------------------Logged In Successfully---------------------------------","timestamp":"2024-04-08 21:00:58"}
{"level":"info","message":"---------------------Route accessed: //projects--------------------------","timestamp":"2024-04-08 21:00:59"}
{"level":"info","message":"-------------------Projects fetched Successfully----------------------------","timestamp":"2024-04-08 21:00:59"}
{"level":"info","message":"---------------------Route accessed: //projects--------------------------","timestamp":"2024-04-08 21:01:01"}
{"level":"info","message":"-------------------Projects fetched Successfully----------------------------","timestamp":"2024-04-08 21:01:01"}
{"level":"info","message":"---------------------Route accessed: //login--------------------------","timestamp":"2024-04-08 21:01:58"}
{"level":"info","message":{"password":"admin","userEmail":"student@mailinato.com"},"timestamp":"2024-04-08 21:01:58"}
{"level":"error","message":"---------------------Error Logging the User--Username or password is incorrect---------------------------","timestamp":"2024-04-08 21:01:58"}
{"level":"info","message":"---------------------Route accessed: //login--------------------------","timestamp":"2024-04-08 21:02:03"}
{"level":"info","message":{"password":"admin","userEmail":"student@mailinator.com"},"timestamp":"2024-04-08 21:02:03"}
{"level":"info","message":"--------------------------Logged In Successfully---------------------------------","timestamp":"2024-04-08 21:02:04"}
{"level":"info","message":"---------------------Route accessed: //projects--------------------------","timestamp":"2024-04-08 21:02:04"}
{"level":"info","message":"-------------------Projects fetched Successfully----------------------------","timestamp":"2024-04-08 21:02:04"}
{"level":"info","message":"---------------------Route accessed: //projects/2--------------------------","timestamp":"2024-04-08 21:02:07"}
{"level":"info","message":"-------USerId: 2------------","timestamp":"2024-04-08 21:02:07"}
{"level":"info","message":"-------------------Projects Fetched Successfully----------------------------","timestamp":"2024-04-08 21:02:07"}
{"level":"info","message":"---------------------Route accessed: //file/upload--------------------------","timestamp":"2024-04-08 21:02:44"}
{"level":"info","message":"---------------------Route accessed: //file/upload--------------------------","timestamp":"2024-04-08 21:02:47"}
{"level":"info","message":"---------------------Route accessed: //project--------------------------","timestamp":"2024-04-08 21:02:48"}
{"level":"info","message":{"abstractUrl":"https://my-bucket-pg.s3.amazonaws.com/Meredith%20Mooney%20Talon%20Anthony.pdf","createdAt":null,"dateOfSubmission":"08-04-2024","projectAssetUrl":"https://my-bucket-pg.s3.amazonaws.com/ManishUpdatedCV.pdf","projectDescription":"test description here","projectName":"Review project","submittedBy":"Student","userId":"2"},"timestamp":"2024-04-08 21:02:48"}
{"level":"info","message":"-------------------Successfully Created the Project----------------------------","timestamp":"2024-04-08 21:02:48"}
{"level":"info","message":"---------------------Route accessed: //projects--------------------------","timestamp":"2024-04-08 21:02:58"}
{"level":"info","message":"-------------------Projects fetched Successfully----------------------------","timestamp":"2024-04-08 21:02:59"}
{"level":"info","message":"---------------------Route accessed: //project/1--------------------------","timestamp":"2024-04-08 21:03:11"}
{"level":"info","message":"--------------ProjectId:1----------------------------------","timestamp":"2024-04-08 21:03:11"}
{"level":"info","message":"-------------------Project found Successfully----------------------------","timestamp":"2024-04-08 21:03:11"}
{"level":"info","message":"---------------------Route accessed: //project/1--------------------------","timestamp":"2024-04-08 21:03:14"}
{"level":"info","message":"--------------ProjectId:1----------------------------------","timestamp":"2024-04-08 21:03:14"}
{"level":"info","message":"-------------------Project found Successfully----------------------------","timestamp":"2024-04-08 21:03:14"}
{"level":"info","message":"---------------------Route accessed: //resetPassword/--------------------------","timestamp":"2024-04-08 21:04:16"}
{"level":"info","message":"-------------user email.:--------review@mailinator.com------------------","timestamp":"2024-04-08 21:04:16"}
{"level":"info","message":"-------------------Successfully generated OTP------------------------------------------","timestamp":"2024-04-08 21:04:20"}
{"level":"info","message":"---------------------Route accessed: //resetPassword/--------------------------","timestamp":"2024-04-08 21:05:21"}
{"level":"info","message":"-------------user email.:--------reviewer@mailinator.com------------------","timestamp":"2024-04-08 21:05:21"}
{"level":"info","message":"-------------------Successfully generated OTP------------------------------------------","timestamp":"2024-04-08 21:05:25"}
{"level":"info","message":"---------------------Route accessed: //otpVerify/--------------------------","timestamp":"2024-04-08 21:06:01"}
{"level":"info","message":"-------------user params.:--------[object Object]------------------","timestamp":"2024-04-08 21:06:01"}
{"level":"error","message":"---------------------Error changing password:, OTP mismatch------------------------------------","timestamp":"2024-04-08 21:06:02"}
{"level":"info","message":"---------------------Route accessed: //otpVerify/--------------------------","timestamp":"2024-04-08 21:06:09"}
{"level":"info","message":"-------------user params.:--------[object Object]------------------","timestamp":"2024-04-08 21:06:09"}
{"level":"info","message":"-------------------Successfully changed password------------------------------------------","timestamp":"2024-04-08 21:06:10"}
{"level":"info","message":"---------------------Route accessed: //login--------------------------","timestamp":"2024-04-08 21:06:26"}
{"level":"info","message":{"password":"admin@123","userEmail":"reviewer@mailinator.com"},"timestamp":"2024-04-08 21:06:26"}
{"level":"info","message":"--------------------------Logged In Successfully---------------------------------","timestamp":"2024-04-08 21:06:27"}
{"level":"info","message":"---------------------Route accessed: //projects--------------------------","timestamp":"2024-04-08 21:06:27"}
{"level":"info","message":"-------------------Projects fetched Successfully----------------------------","timestamp":"2024-04-08 21:06:27"}
{"level":"info","message":"---------------------Route accessed: //user/1--------------------------","timestamp":"2024-04-08 21:06:30"}
{"level":"info","message":"----------userRollNo: 1---------------------","timestamp":"2024-04-08 21:06:30"}
{"level":"info","message":"-------------------Successfully Fetched the USer------------------------------------------","timestamp":"2024-04-08 21:06:30"}
{"level":"info","message":"---------------------Route accessed: //projects--------------------------","timestamp":"2024-04-08 21:27:22"}
{"level":"info","message":"-------------------Projects fetched Successfully----------------------------","timestamp":"2024-04-08 21:27:22"}
