{"level":"info","message":"---------------------Route accessed: //login--------------------------","timestamp":"2024-04-12 01:21:22"}
{"level":"info","message":{"password":"admin","userEmail":"student@mailinator.com"},"timestamp":"2024-04-12 01:21:22"}
{"level":"info","message":"--------------------------Logged In Successfully---------------------------------","timestamp":"2024-04-12 01:21:22"}
{"level":"info","message":"---------------------Route accessed: //login--------------------------","timestamp":"2024-04-12 01:21:29"}
{"level":"info","message":{"password":"admin","userEmail":"student@mailinator.com"},"timestamp":"2024-04-12 01:21:29"}
{"level":"info","message":"--------------------------Logged In Successfully---------------------------------","timestamp":"2024-04-12 01:21:29"}
{"level":"info","message":"---------------------Route accessed: //projects/2--------------------------","timestamp":"2024-04-12 01:21:33"}
{"level":"info","message":"-------USerId: 2------------","timestamp":"2024-04-12 01:21:33"}
{"level":"info","message":"-------------------Projects Fetched Successfully----------------------------","timestamp":"2024-04-12 01:21:33"}
{"level":"info","message":"---------------------Route accessed: //login--------------------------","timestamp":"2024-04-12 01:24:33"}
{"level":"info","message":{"password":"admin","userEmail":"student@mailinator.com"},"timestamp":"2024-04-12 01:24:34"}
{"level":"info","message":"--------------------------Logged In Successfully---------------------------------","timestamp":"2024-04-12 01:24:34"}
{"level":"info","message":"---------------------Route accessed: //projects/2--------------------------","timestamp":"2024-04-12 01:24:36"}
{"level":"info","message":"-------USerId: 2------------","timestamp":"2024-04-12 01:24:36"}
{"level":"info","message":"-------------------Projects Fetched Successfully----------------------------","timestamp":"2024-04-12 01:24:37"}
{"level":"info","message":"---------------------Route accessed: //projects/2--------------------------","timestamp":"2024-04-12 01:27:27"}
{"level":"info","message":"-------USerId: 2------------","timestamp":"2024-04-12 01:27:27"}
{"level":"info","message":"-------------------Projects Fetched Successfully----------------------------","timestamp":"2024-04-12 01:27:28"}
{"level":"info","message":"---------------------Route accessed: //projects/2--------------------------","timestamp":"2024-04-12 01:37:03"}
{"level":"info","message":"-------USerId: 2------------","timestamp":"2024-04-12 01:37:03"}
{"level":"info","message":"-------------------Projects Fetched Successfully----------------------------","timestamp":"2024-04-12 01:37:03"}
{"level":"info","message":"---------------------Route accessed: //projects/2--------------------------","timestamp":"2024-04-12 01:39:42"}
{"level":"info","message":"-------USerId: 2------------","timestamp":"2024-04-12 01:39:42"}
{"level":"info","message":"-------------------Projects Fetched Successfully----------------------------","timestamp":"2024-04-12 01:39:43"}
{"level":"info","message":"---------------------Route accessed: //login--------------------------","timestamp":"2024-04-12 01:40:08"}
{"level":"info","message":{"password":"admin","userEmail":"student@mailinator.com"},"timestamp":"2024-04-12 01:40:08"}
{"level":"info","message":"--------------------------Logged In Successfully---------------------------------","timestamp":"2024-04-12 01:40:08"}
{"level":"info","message":"---------------------Route accessed: //projects/2--------------------------","timestamp":"2024-04-12 01:40:20"}
{"level":"info","message":"-------USerId: 2------------","timestamp":"2024-04-12 01:40:20"}
{"level":"info","message":"-------------------Projects Fetched Successfully----------------------------","timestamp":"2024-04-12 01:40:20"}
{"level":"info","message":"---------------------Route accessed: //login--------------------------","timestamp":"2024-04-12 01:41:14"}
{"level":"info","message":{"password":"admin","userEmail":"student@mailinator.com"},"timestamp":"2024-04-12 01:41:14"}
{"level":"info","message":"--------------------------Logged In Successfully---------------------------------","timestamp":"2024-04-12 01:41:14"}
{"level":"info","message":"---------------------Route accessed: //projects/2--------------------------","timestamp":"2024-04-12 01:41:16"}
{"level":"info","message":"-------USerId: 2------------","timestamp":"2024-04-12 01:41:16"}
{"level":"info","message":"-------------------Projects Fetched Successfully----------------------------","timestamp":"2024-04-12 01:41:16"}
{"level":"info","message":"---------------------Route accessed: //login--------------------------","timestamp":"2024-04-12 01:42:01"}
{"level":"info","message":{"password":"admin","userEmail":"student@mailinator.com"},"timestamp":"2024-04-12 01:42:01"}
{"level":"info","message":"--------------------------Logged In Successfully---------------------------------","timestamp":"2024-04-12 01:42:02"}
{"level":"info","message":"---------------------Route accessed: //projects/2--------------------------","timestamp":"2024-04-12 01:42:22"}
{"level":"info","message":"-------USerId: 2------------","timestamp":"2024-04-12 01:42:22"}
{"level":"info","message":"-------------------Projects Fetched Successfully----------------------------","timestamp":"2024-04-12 01:42:22"}
