{"level":"info","message":"---------------------Route accessed: //projects--------------------------","timestamp":"2024-04-13 22:07:39"}
{"level":"info","message":"-------------------Projects fetched Successfully----------------------------","timestamp":"2024-04-13 22:07:40"}
{"level":"info","message":"---------------------Route accessed: //login--------------------------","timestamp":"2024-04-13 22:13:27"}
{"level":"info","message":{"password":"admin","userEmail":"student@mailinator.com"},"timestamp":"2024-04-13 22:13:27"}
{"level":"info","message":"--------------------------Logged In Successfully---------------------------------","timestamp":"2024-04-13 22:13:27"}
{"level":"info","message":"---------------------Route accessed: //projects/2--------------------------","timestamp":"2024-04-13 22:13:29"}
{"level":"info","message":"-------USerId: 2------------","timestamp":"2024-04-13 22:13:29"}
{"level":"info","message":"-------------------Projects Fetched Successfully----------------------------","timestamp":"2024-04-13 22:13:29"}
{"level":"info","message":"---------------------Route accessed: //projects--------------------------","timestamp":"2024-04-13 22:16:10"}
{"level":"info","message":"-------------------Projects fetched Successfully----------------------------","timestamp":"2024-04-13 22:16:10"}
{"level":"info","message":"---------------------Route accessed: //project/1--------------------------","timestamp":"2024-04-13 22:16:12"}
{"level":"info","message":"-------ProjectId: 1------------","timestamp":"2024-04-13 22:16:12"}
{"level":"info","message":{"remark":"","status":"APPROVED"},"timestamp":"2024-04-13 22:16:12"}
{"level":"info","message":"-------------------Projects Status Updated Successfully----------------------------","timestamp":"2024-04-13 22:16:12"}
{"level":"info","message":"---------------------Route accessed: //projects--------------------------","timestamp":"2024-04-13 22:16:12"}
{"level":"info","message":"-------------------Projects fetched Successfully----------------------------","timestamp":"2024-04-13 22:16:12"}
{"level":"info","message":"---------------------Route accessed: //projects--------------------------","timestamp":"2024-04-13 22:16:14"}
{"level":"info","message":"-------------------Projects fetched Successfully----------------------------","timestamp":"2024-04-13 22:16:14"}
{"level":"info","message":"---------------------Route accessed: //project/1--------------------------","timestamp":"2024-04-13 22:16:18"}
{"level":"info","message":"--------------ProjectId:1----------------------------------","timestamp":"2024-04-13 22:16:18"}
{"level":"info","message":"-------------------Project found Successfully----------------------------","timestamp":"2024-04-13 22:16:18"}
{"level":"info","message":"---------------------Route accessed: //user/2--------------------------","timestamp":"2024-04-13 22:16:18"}
{"level":"info","message":"----------userRollNo: 2---------------------","timestamp":"2024-04-13 22:16:18"}
{"level":"info","message":"-------------------Successfully Fetched the USer------------------------------------------","timestamp":"2024-04-13 22:16:18"}
{"level":"info","message":"---------------------Route accessed: //project/1--------------------------","timestamp":"2024-04-13 22:16:19"}
{"level":"info","message":"--------------ProjectId:1----------------------------------","timestamp":"2024-04-13 22:16:19"}
{"level":"info","message":"-------------------Project found Successfully----------------------------","timestamp":"2024-04-13 22:16:19"}
{"level":"info","message":"---------------------Route accessed: //projects/2--------------------------","timestamp":"2024-04-13 22:16:45"}
{"level":"info","message":"-------USerId: 2------------","timestamp":"2024-04-13 22:16:45"}
{"level":"info","message":"-------------------Projects Fetched Successfully----------------------------","timestamp":"2024-04-13 22:16:45"}
{"level":"info","message":"---------------------Route accessed: //projects/2--------------------------","timestamp":"2024-04-13 22:16:57"}
{"level":"info","message":"-------USerId: 2------------","timestamp":"2024-04-13 22:16:57"}
{"level":"info","message":"-------------------Projects Fetched Successfully----------------------------","timestamp":"2024-04-13 22:16:57"}
{"level":"info","message":"---------------------Route accessed: //projects/2--------------------------","timestamp":"2024-04-13 22:17:01"}
{"level":"info","message":"-------USerId: 2------------","timestamp":"2024-04-13 22:17:01"}
{"level":"info","message":"-------------------Projects Fetched Successfully----------------------------","timestamp":"2024-04-13 22:17:01"}
{"level":"info","message":"---------------------Route accessed: //login--------------------------","timestamp":"2024-04-13 22:17:23"}
{"level":"info","message":{"password":"admin","userEmail":"student@mailinator.com"},"timestamp":"2024-04-13 22:17:23"}
{"level":"info","message":"--------------------------Logged In Successfully---------------------------------","timestamp":"2024-04-13 22:17:23"}
{"level":"info","message":"---------------------Route accessed: //login--------------------------","timestamp":"2024-04-13 22:28:40"}
{"level":"info","message":{"password":"admin","userEmail":"student@mailinator.com"},"timestamp":"2024-04-13 22:28:40"}
{"level":"info","message":"--------------------------Logged In Successfully---------------------------------","timestamp":"2024-04-13 22:28:40"}
{"level":"info","message":"---------------------Route accessed: //login--------------------------","timestamp":"2024-04-13 22:30:16"}
{"level":"info","message":{"password":"admin","userEmail":"student@mailinator.com"},"timestamp":"2024-04-13 22:30:16"}
{"level":"info","message":"--------------------------Logged In Successfully---------------------------------","timestamp":"2024-04-13 22:30:16"}
{"level":"info","message":"---------------------Route accessed: //login--------------------------","timestamp":"2024-04-13 22:46:26"}
{"level":"info","message":{"password":"admin","userEmail":"student@mailinator.com"},"timestamp":"2024-04-13 22:46:26"}
{"level":"info","message":"--------------------------Logged In Successfully---------------------------------","timestamp":"2024-04-13 22:46:26"}
{"level":"info","message":"---------------------Route accessed: //projects--------------------------","timestamp":"2024-04-13 22:49:27"}
{"level":"info","message":"-------------------Projects fetched Successfully----------------------------","timestamp":"2024-04-13 22:49:27"}
{"level":"info","message":"---------------------Route accessed: //login--------------------------","timestamp":"2024-04-13 22:50:23"}
{"level":"info","message":{"password":"admin","userEmail":"student@mailinator.com"},"timestamp":"2024-04-13 22:50:23"}
{"level":"info","message":"--------------------------Logged In Successfully---------------------------------","timestamp":"2024-04-13 22:50:23"}
{"level":"info","message":"---------------------Route accessed: //login--------------------------","timestamp":"2024-04-13 22:51:29"}
{"level":"info","message":{"password":"admin","userEmail":"student@mailinator.com"},"timestamp":"2024-04-13 22:51:29"}
{"level":"info","message":"--------------------------Logged In Successfully---------------------------------","timestamp":"2024-04-13 22:51:30"}
{"level":"info","message":"---------------------Route accessed: //login--------------------------","timestamp":"2024-04-13 22:53:15"}
{"level":"info","message":{"password":"admin","userEmail":"student@mailinator.com"},"timestamp":"2024-04-13 22:53:15"}
{"level":"info","message":"--------------------------Logged In Successfully---------------------------------","timestamp":"2024-04-13 22:53:15"}
{"level":"info","message":"---------------------Route accessed: //project/1--------------------------","timestamp":"2024-04-13 23:05:49"}
{"level":"info","message":"--------------ProjectId:1----------------------------------","timestamp":"2024-04-13 23:05:49"}
{"level":"info","message":"-------------------Project found Successfully----------------------------","timestamp":"2024-04-13 23:05:50"}
{"level":"info","message":"---------------------Route accessed: //user/2--------------------------","timestamp":"2024-04-13 23:05:50"}
{"level":"info","message":"----------userRollNo: 2---------------------","timestamp":"2024-04-13 23:05:50"}
{"level":"info","message":"-------------------Successfully Fetched the USer------------------------------------------","timestamp":"2024-04-13 23:05:50"}
{"level":"info","message":"---------------------Route accessed: //login--------------------------","timestamp":"2024-04-13 23:13:51"}
{"level":"info","message":{"password":"admin","userEmail":"student@mailinator.com"},"timestamp":"2024-04-13 23:13:51"}
{"level":"info","message":"--------------------------Logged In Successfully---------------------------------","timestamp":"2024-04-13 23:13:51"}
{"level":"info","message":"---------------------Route accessed: //login--------------------------","timestamp":"2024-04-13 23:15:26"}
{"level":"info","message":{"password":"admin","userEmail":"student@mailinator.com"},"timestamp":"2024-04-13 23:15:26"}
{"level":"info","message":"--------------------------Logged In Successfully---------------------------------","timestamp":"2024-04-13 23:15:27"}
{"level":"info","message":"---------------------Route accessed: //login--------------------------","timestamp":"2024-04-13 23:16:25"}
{"level":"info","message":{"password":"admin","userEmail":"student@mailinator.com"},"timestamp":"2024-04-13 23:16:25"}
{"level":"info","message":"--------------------------Logged In Successfully---------------------------------","timestamp":"2024-04-13 23:16:25"}
{"level":"info","message":"---------------------Route accessed: //login--------------------------","timestamp":"2024-04-13 23:18:15"}
{"level":"info","message":{"password":"admin","userEmail":"student@mailinator.com"},"timestamp":"2024-04-13 23:18:15"}
{"level":"info","message":"--------------------------Logged In Successfully---------------------------------","timestamp":"2024-04-13 23:18:15"}
{"level":"info","message":"---------------------Route accessed: //login--------------------------","timestamp":"2024-04-13 23:19:14"}
{"level":"info","message":{"password":"admin","userEmail":"student@mailinator.com"},"timestamp":"2024-04-13 23:19:14"}
{"level":"info","message":"--------------------------Logged In Successfully---------------------------------","timestamp":"2024-04-13 23:19:15"}
{"level":"info","message":"---------------------Route accessed: //login--------------------------","timestamp":"2024-04-13 23:22:50"}
{"level":"info","message":{"password":"admin","userEmail":"student@mailinator.com"},"timestamp":"2024-04-13 23:22:50"}
{"level":"info","message":"--------------------------Logged In Successfully---------------------------------","timestamp":"2024-04-13 23:22:50"}
{"level":"info","message":"---------------------Route accessed: //login--------------------------","timestamp":"2024-04-13 23:23:31"}
{"level":"info","message":{"password":"admin","userEmail":"student@mailinator.com"},"timestamp":"2024-04-13 23:23:31"}
{"level":"info","message":"--------------------------Logged In Successfully---------------------------------","timestamp":"2024-04-13 23:23:31"}
{"level":"info","message":"---------------------Route accessed: //login--------------------------","timestamp":"2024-04-13 23:25:48"}
{"level":"info","message":{"password":"admin","userEmail":"student@mailinator.com"},"timestamp":"2024-04-13 23:25:48"}
{"level":"info","message":"--------------------------Logged In Successfully---------------------------------","timestamp":"2024-04-13 23:25:48"}
{"level":"info","message":"---------------------Route accessed: //login--------------------------","timestamp":"2024-04-13 23:29:23"}
{"level":"info","message":{"password":"admin","userEmail":"student@mailinator.com"},"timestamp":"2024-04-13 23:29:23"}
{"level":"info","message":"--------------------------Logged In Successfully---------------------------------","timestamp":"2024-04-13 23:29:23"}
{"level":"info","message":"---------------------Route accessed: //login--------------------------","timestamp":"2024-04-13 23:31:56"}
{"level":"info","message":{"password":"admin","userEmail":"student@mailinator.com"},"timestamp":"2024-04-13 23:31:56"}
{"level":"info","message":"--------------------------Logged In Successfully---------------------------------","timestamp":"2024-04-13 23:31:56"}
{"level":"info","message":"---------------------Route accessed: //projects--------------------------","timestamp":"2024-04-14 00:12:38"}
{"level":"info","message":"-------------------Projects fetched Successfully----------------------------","timestamp":"2024-04-14 00:12:40"}
{"level":"info","message":"---------------------Route accessed: //projects--------------------------","timestamp":"2024-04-14 00:44:04"}
{"level":"info","message":"-------------------Projects fetched Successfully----------------------------","timestamp":"2024-04-14 00:44:05"}
