{"level":"info","message":"---------------------Route accessed: //projects--------------------------","timestamp":"2024-04-11 14:16:26"}
{"level":"info","message":"-------------------Projects fetched Successfully----------------------------","timestamp":"2024-04-11 14:16:27"}
{"level":"info","message":"---------------------Route accessed: //projects--------------------------","timestamp":"2024-04-11 14:16:29"}
{"level":"info","message":"-------------------Projects fetched Successfully----------------------------","timestamp":"2024-04-11 14:16:29"}
{"level":"info","message":"---------------------Route accessed: //projects--------------------------","timestamp":"2024-04-11 14:19:58"}
{"level":"info","message":"-------------------Projects fetched Successfully----------------------------","timestamp":"2024-04-11 14:19:58"}
{"level":"info","message":"---------------------Route accessed: //projects--------------------------","timestamp":"2024-04-11 14:20:05"}
{"level":"info","message":"-------------------Projects fetched Successfully----------------------------","timestamp":"2024-04-11 14:20:05"}
{"level":"info","message":"---------------------Route accessed: //projects--------------------------","timestamp":"2024-04-11 14:20:07"}
{"level":"info","message":"-------------------Projects fetched Successfully----------------------------","timestamp":"2024-04-11 14:20:07"}
{"level":"info","message":"---------------------Route accessed: //projects--------------------------","timestamp":"2024-04-11 14:20:14"}
{"level":"info","message":"-------------------Projects fetched Successfully----------------------------","timestamp":"2024-04-11 14:20:14"}
{"level":"info","message":"---------------------Route accessed: //projects--------------------------","timestamp":"2024-04-11 14:20:24"}
{"level":"info","message":"-------------------Projects fetched Successfully----------------------------","timestamp":"2024-04-11 14:20:24"}
{"level":"info","message":"---------------------Route accessed: //projects--------------------------","timestamp":"2024-04-11 14:20:28"}
{"level":"info","message":"-------------------Projects fetched Successfully----------------------------","timestamp":"2024-04-11 14:20:28"}
{"level":"info","message":"---------------------Route accessed: //projects--------------------------","timestamp":"2024-04-11 14:20:44"}
{"level":"info","message":"-------------------Projects fetched Successfully----------------------------","timestamp":"2024-04-11 14:20:44"}
{"level":"info","message":"---------------------Route accessed: //projects--------------------------","timestamp":"2024-04-11 14:20:50"}
{"level":"info","message":"-------------------Projects fetched Successfully----------------------------","timestamp":"2024-04-11 14:20:50"}
{"level":"info","message":"---------------------Route accessed: //projects--------------------------","timestamp":"2024-04-11 14:21:07"}
{"level":"info","message":"-------------------Projects fetched Successfully----------------------------","timestamp":"2024-04-11 14:21:07"}
{"level":"info","message":"---------------------Route accessed: //projects--------------------------","timestamp":"2024-04-11 14:21:10"}
{"level":"info","message":"-------------------Projects fetched Successfully----------------------------","timestamp":"2024-04-11 14:21:10"}
{"level":"info","message":"---------------------Route accessed: //projects--------------------------","timestamp":"2024-04-11 14:21:17"}
{"level":"info","message":"-------------------Projects fetched Successfully----------------------------","timestamp":"2024-04-11 14:21:17"}
{"level":"info","message":"---------------------Route accessed: //projects--------------------------","timestamp":"2024-04-11 14:21:28"}
{"level":"info","message":"-------------------Projects fetched Successfully----------------------------","timestamp":"2024-04-11 14:21:28"}
{"level":"info","message":"---------------------Route accessed: //projects--------------------------","timestamp":"2024-04-11 14:21:42"}
{"level":"info","message":"-------------------Projects fetched Successfully----------------------------","timestamp":"2024-04-11 14:21:42"}
{"level":"info","message":"---------------------Route accessed: //projects--------------------------","timestamp":"2024-04-11 14:53:05"}
{"level":"info","message":"-------------------Projects fetched Successfully----------------------------","timestamp":"2024-04-11 14:53:06"}
{"level":"info","message":"---------------------Route accessed: //projects--------------------------","timestamp":"2024-04-11 15:45:06"}
{"level":"info","message":"-------------------Projects fetched Successfully----------------------------","timestamp":"2024-04-11 15:45:06"}
{"level":"info","message":"---------------------Route accessed: //project/1--------------------------","timestamp":"2024-04-11 16:20:31"}
{"level":"info","message":"--------------ProjectId:1----------------------------------","timestamp":"2024-04-11 16:20:31"}
{"level":"info","message":"-------------------Project found Successfully----------------------------","timestamp":"2024-04-11 16:20:31"}
{"level":"info","message":"---------------------Route accessed: //project/1--------------------------","timestamp":"2024-04-11 16:20:33"}
{"level":"info","message":"--------------ProjectId:1----------------------------------","timestamp":"2024-04-11 16:20:33"}
{"level":"info","message":"-------------------Project found Successfully----------------------------","timestamp":"2024-04-11 16:20:33"}
{"level":"info","message":"---------------------Route accessed: //project/1--------------------------","timestamp":"2024-04-11 16:22:22"}
{"level":"info","message":"--------------ProjectId:1----------------------------------","timestamp":"2024-04-11 16:22:22"}
{"level":"info","message":"-------------------Project found Successfully----------------------------","timestamp":"2024-04-11 16:22:22"}
{"level":"info","message":"---------------------Route accessed: //project/1--------------------------","timestamp":"2024-04-11 16:22:27"}
{"level":"info","message":"--------------ProjectId:1----------------------------------","timestamp":"2024-04-11 16:22:27"}
{"level":"info","message":"-------------------Project found Successfully----------------------------","timestamp":"2024-04-11 16:22:27"}
{"level":"info","message":"---------------------Route accessed: //project/1--------------------------","timestamp":"2024-04-11 16:22:55"}
{"level":"info","message":"--------------ProjectId:1----------------------------------","timestamp":"2024-04-11 16:22:55"}
{"level":"info","message":"-------------------Project found Successfully----------------------------","timestamp":"2024-04-11 16:22:55"}
{"level":"info","message":"---------------------Route accessed: //projects--------------------------","timestamp":"2024-04-11 22:11:09"}
{"level":"info","message":"-------------------Projects fetched Successfully----------------------------","timestamp":"2024-04-11 22:11:09"}
{"level":"info","message":"---------------------Route accessed: //projects--------------------------","timestamp":"2024-04-11 22:11:11"}
{"level":"info","message":"-------------------Projects fetched Successfully----------------------------","timestamp":"2024-04-11 22:11:11"}
{"level":"info","message":"---------------------Route accessed: //project/1--------------------------","timestamp":"2024-04-11 22:11:13"}
{"level":"info","message":"--------------ProjectId:1----------------------------------","timestamp":"2024-04-11 22:11:13"}
{"level":"info","message":"-------------------Project found Successfully----------------------------","timestamp":"2024-04-11 22:11:13"}
{"level":"info","message":"---------------------Route accessed: //project/1--------------------------","timestamp":"2024-04-11 22:11:17"}
{"level":"info","message":"--------------ProjectId:1----------------------------------","timestamp":"2024-04-11 22:11:17"}
{"level":"info","message":"-------------------Project found Successfully----------------------------","timestamp":"2024-04-11 22:11:17"}
{"level":"info","message":"---------------------Route accessed: //project/1--------------------------","timestamp":"2024-04-11 22:11:34"}
{"level":"info","message":"--------------ProjectId:1----------------------------------","timestamp":"2024-04-11 22:11:34"}
{"level":"info","message":"-------------------Project found Successfully----------------------------","timestamp":"2024-04-11 22:11:34"}
{"level":"info","message":"---------------------Route accessed: //project/1--------------------------","timestamp":"2024-04-11 22:11:35"}
{"level":"info","message":"--------------ProjectId:1----------------------------------","timestamp":"2024-04-11 22:11:35"}
{"level":"info","message":"-------------------Project found Successfully----------------------------","timestamp":"2024-04-11 22:11:35"}
{"level":"info","message":"---------------------Route accessed: //project/1--------------------------","timestamp":"2024-04-11 22:11:59"}
{"level":"info","message":"--------------ProjectId:1----------------------------------","timestamp":"2024-04-11 22:11:59"}
{"level":"info","message":"-------------------Project found Successfully----------------------------","timestamp":"2024-04-11 22:12:00"}
{"level":"info","message":"---------------------Route accessed: //project/1--------------------------","timestamp":"2024-04-11 22:12:04"}
{"level":"info","message":"--------------ProjectId:1----------------------------------","timestamp":"2024-04-11 22:12:04"}
{"level":"info","message":"-------------------Project found Successfully----------------------------","timestamp":"2024-04-11 22:12:04"}
{"level":"info","message":"---------------------Route accessed: //project/1--------------------------","timestamp":"2024-04-11 22:12:26"}
{"level":"info","message":"--------------ProjectId:1----------------------------------","timestamp":"2024-04-11 22:12:26"}
{"level":"info","message":"-------------------Project found Successfully----------------------------","timestamp":"2024-04-11 22:12:26"}
{"level":"info","message":"---------------------Route accessed: //projects--------------------------","timestamp":"2024-04-11 22:12:37"}
{"level":"info","message":"-------------------Projects fetched Successfully----------------------------","timestamp":"2024-04-11 22:12:38"}
{"level":"info","message":"---------------------Route accessed: //project/1--------------------------","timestamp":"2024-04-11 22:14:24"}
{"level":"info","message":"--------------ProjectId:1----------------------------------","timestamp":"2024-04-11 22:14:24"}
{"level":"info","message":"-------------------Project found Successfully----------------------------","timestamp":"2024-04-11 22:14:24"}
{"level":"info","message":"---------------------Route accessed: //project/1--------------------------","timestamp":"2024-04-11 22:14:27"}
{"level":"info","message":"--------------ProjectId:1----------------------------------","timestamp":"2024-04-11 22:14:27"}
{"level":"info","message":"-------------------Project found Successfully----------------------------","timestamp":"2024-04-11 22:14:27"}
{"level":"info","message":"---------------------Route accessed: //project/1--------------------------","timestamp":"2024-04-11 22:16:28"}
{"level":"info","message":"--------------ProjectId:1----------------------------------","timestamp":"2024-04-11 22:16:28"}
{"level":"info","message":"-------------------Project found Successfully----------------------------","timestamp":"2024-04-11 22:16:29"}
{"level":"info","message":"---------------------Route accessed: //projects--------------------------","timestamp":"2024-04-11 22:16:41"}
{"level":"info","message":"-------------------Projects fetched Successfully----------------------------","timestamp":"2024-04-11 22:16:42"}
{"level":"info","message":"---------------------Route accessed: //projects--------------------------","timestamp":"2024-04-11 22:17:47"}
{"level":"info","message":"-------------------Projects fetched Successfully----------------------------","timestamp":"2024-04-11 22:17:47"}
{"level":"info","message":"---------------------Route accessed: //projects--------------------------","timestamp":"2024-04-11 22:17:49"}
{"level":"info","message":"-------------------Projects fetched Successfully----------------------------","timestamp":"2024-04-11 22:17:49"}
{"level":"info","message":"---------------------Route accessed: //projects--------------------------","timestamp":"2024-04-11 22:18:01"}
{"level":"info","message":"-------------------Projects fetched Successfully----------------------------","timestamp":"2024-04-11 22:18:01"}
{"level":"info","message":"---------------------Route accessed: //projects--------------------------","timestamp":"2024-04-11 22:18:19"}
{"level":"info","message":"-------------------Projects fetched Successfully----------------------------","timestamp":"2024-04-11 22:18:19"}
{"level":"info","message":"---------------------Route accessed: //projects--------------------------","timestamp":"2024-04-11 22:18:22"}
{"level":"info","message":"-------------------Projects fetched Successfully----------------------------","timestamp":"2024-04-11 22:18:22"}
{"level":"info","message":"---------------------Route accessed: //projects--------------------------","timestamp":"2024-04-11 22:18:24"}
{"level":"info","message":"-------------------Projects fetched Successfully----------------------------","timestamp":"2024-04-11 22:18:24"}
{"level":"info","message":"---------------------Route accessed: //projects--------------------------","timestamp":"2024-04-11 22:18:33"}
{"level":"info","message":"-------------------Projects fetched Successfully----------------------------","timestamp":"2024-04-11 22:18:33"}
{"level":"info","message":"---------------------Route accessed: //projects--------------------------","timestamp":"2024-04-11 22:29:59"}
{"level":"info","message":"-------------------Projects fetched Successfully----------------------------","timestamp":"2024-04-11 22:30:00"}
{"level":"info","message":"---------------------Route accessed: //projects--------------------------","timestamp":"2024-04-11 22:30:12"}
{"level":"info","message":"-------------------Projects fetched Successfully----------------------------","timestamp":"2024-04-11 22:30:13"}
{"level":"info","message":"---------------------Route accessed: //projects--------------------------","timestamp":"2024-04-11 22:30:22"}
{"level":"info","message":"-------------------Projects fetched Successfully----------------------------","timestamp":"2024-04-11 22:30:22"}
{"level":"info","message":"---------------------Route accessed: //project/1--------------------------","timestamp":"2024-04-11 22:30:54"}
{"level":"info","message":"--------------ProjectId:1----------------------------------","timestamp":"2024-04-11 22:30:54"}
{"level":"info","message":"-------------------Project found Successfully----------------------------","timestamp":"2024-04-11 22:30:54"}
{"level":"info","message":"---------------------Route accessed: //user/undefined--------------------------","timestamp":"2024-04-11 22:30:54"}
{"level":"info","message":"----------userRollNo: undefined---------------------","timestamp":"2024-04-11 22:30:54"}
{"level":"error","message":"---------------------Error fetching User:, invalid input syntax for type integer: \"undefined\"------------------------------------","timestamp":"2024-04-11 22:30:54"}
{"level":"info","message":"---------------------Route accessed: //project/1--------------------------","timestamp":"2024-04-11 22:30:58"}
{"level":"info","message":"--------------ProjectId:1----------------------------------","timestamp":"2024-04-11 22:30:58"}
{"level":"info","message":"-------------------Project found Successfully----------------------------","timestamp":"2024-04-11 22:30:58"}
{"level":"info","message":"---------------------Route accessed: //projects--------------------------","timestamp":"2024-04-11 22:31:56"}
{"level":"info","message":"-------------------Projects fetched Successfully----------------------------","timestamp":"2024-04-11 22:31:57"}
{"level":"info","message":"---------------------Route accessed: //project/1--------------------------","timestamp":"2024-04-11 22:32:02"}
{"level":"info","message":"--------------ProjectId:1----------------------------------","timestamp":"2024-04-11 22:32:02"}
{"level":"info","message":"-------------------Project found Successfully----------------------------","timestamp":"2024-04-11 22:32:02"}
{"level":"info","message":"---------------------Route accessed: //user/undefined--------------------------","timestamp":"2024-04-11 22:32:02"}
{"level":"info","message":"----------userRollNo: undefined---------------------","timestamp":"2024-04-11 22:32:02"}
{"level":"error","message":"---------------------Error fetching User:, invalid input syntax for type integer: \"undefined\"------------------------------------","timestamp":"2024-04-11 22:32:02"}
{"level":"info","message":"---------------------Route accessed: //project/1--------------------------","timestamp":"2024-04-11 22:32:20"}
{"level":"info","message":"--------------ProjectId:1----------------------------------","timestamp":"2024-04-11 22:32:20"}
{"level":"info","message":"-------------------Project found Successfully----------------------------","timestamp":"2024-04-11 22:32:20"}
{"level":"info","message":"---------------------Route accessed: //user/2--------------------------","timestamp":"2024-04-11 22:32:21"}
{"level":"info","message":"----------userRollNo: 2---------------------","timestamp":"2024-04-11 22:32:21"}
{"level":"info","message":"-------------------Successfully Fetched the USer------------------------------------------","timestamp":"2024-04-11 22:32:21"}
{"level":"info","message":"---------------------Route accessed: //project/1--------------------------","timestamp":"2024-04-11 22:32:29"}
{"level":"info","message":"--------------ProjectId:1----------------------------------","timestamp":"2024-04-11 22:32:29"}
{"level":"info","message":"-------------------Project found Successfully----------------------------","timestamp":"2024-04-11 22:32:29"}
{"level":"info","message":"---------------------Route accessed: //user/2--------------------------","timestamp":"2024-04-11 22:32:29"}
{"level":"info","message":"----------userRollNo: 2---------------------","timestamp":"2024-04-11 22:32:29"}
{"level":"info","message":"-------------------Successfully Fetched the USer------------------------------------------","timestamp":"2024-04-11 22:32:29"}
{"level":"info","message":"---------------------Route accessed: //project/1--------------------------","timestamp":"2024-04-11 22:32:36"}
{"level":"info","message":"--------------ProjectId:1----------------------------------","timestamp":"2024-04-11 22:32:36"}
{"level":"info","message":"-------------------Project found Successfully----------------------------","timestamp":"2024-04-11 22:32:36"}
