{"level":"info","message":"---------------------Route accessed: //login--------------------------","timestamp":"2024-04-27 13:17:19"}
{"level":"info","message":{"password":"1234","userEmail":"galla.sathvika123@gmail.com"},"timestamp":"2024-04-27 13:17:19"}
{"level":"info","message":"--------------------------Logged In Successfully---------------------------------","timestamp":"2024-04-27 13:17:19"}
{"level":"info","message":"---------------------Route accessed: //projects--------------------------","timestamp":"2024-04-27 13:17:19"}
{"level":"info","message":"-------------------Projects fetched Successfully----------------------------","timestamp":"2024-04-27 13:17:19"}
{"level":"info","message":"---------------------Route accessed: //projects--------------------------","timestamp":"2024-04-27 13:17:28"}
{"level":"info","message":"-------------------Projects fetched Successfully----------------------------","timestamp":"2024-04-27 13:17:28"}
{"level":"info","message":"---------------------Route accessed: //login--------------------------","timestamp":"2024-04-27 13:17:43"}
{"level":"info","message":{"password":"1234","userEmail":"galla.sathvika123@gmail.com"},"timestamp":"2024-04-27 13:17:43"}
{"level":"info","message":"--------------------------Logged In Successfully---------------------------------","timestamp":"2024-04-27 13:17:43"}
{"level":"info","message":"---------------------Route accessed: //projects--------------------------","timestamp":"2024-04-27 13:17:44"}
{"level":"info","message":"---------------------Route accessed: //projects--------------------------","timestamp":"2024-04-27 13:17:44"}
{"level":"info","message":"-------------------Projects fetched Successfully----------------------------","timestamp":"2024-04-27 13:17:44"}
{"level":"info","message":"-------------------Projects fetched Successfully----------------------------","timestamp":"2024-04-27 13:17:44"}
{"level":"info","message":"---------------------Route accessed: //login--------------------------","timestamp":"2024-04-27 13:18:39"}
{"level":"info","message":{"password":"1234","userEmail":"galla.sathvika123@gmail.com"},"timestamp":"2024-04-27 13:18:39"}
{"level":"info","message":"--------------------------Logged In Successfully---------------------------------","timestamp":"2024-04-27 13:18:39"}
{"level":"info","message":"---------------------Route accessed: //projects--------------------------","timestamp":"2024-04-27 13:18:39"}
{"level":"info","message":"---------------------Route accessed: //projects--------------------------","timestamp":"2024-04-27 13:18:39"}
{"level":"info","message":"-------------------Projects fetched Successfully----------------------------","timestamp":"2024-04-27 13:18:39"}
{"level":"info","message":"-------------------Projects fetched Successfully----------------------------","timestamp":"2024-04-27 13:18:39"}
{"level":"info","message":"---------------------Route accessed: //projects/1--------------------------","timestamp":"2024-04-27 13:18:41"}
{"level":"info","message":"-------USerId: 1------------","timestamp":"2024-04-27 13:18:41"}
{"level":"info","message":"-------------------Projects Fetched Successfully----------------------------","timestamp":"2024-04-27 13:18:41"}
{"level":"info","message":"---------------------Route accessed: //project/like/1/1--------------------------","timestamp":"2024-04-27 13:18:47"}
{"level":"info","message":{"projectId":"1","userId":"1"},"timestamp":"2024-04-27 13:18:47"}
{"level":"info","message":"-------------------Projects Liked Successfully----------------------------","timestamp":"2024-04-27 13:18:47"}
