{"level":"info","message":"---------------------Route accessed: //projects--------------------------","timestamp":"2024-04-16 14:08:42"}
{"level":"error","message":"-----------------Error fetching projects, message: password authentication failed for user \"postgres\"-------------------","timestamp":"2024-04-16 14:08:42"}
{"level":"info","message":"---------------------Route accessed: //projects--------------------------","timestamp":"2024-04-16 14:09:08"}
{"level":"info","message":"-------------------Projects fetched Successfully----------------------------","timestamp":"2024-04-16 14:09:08"}
{"level":"info","message":"---------------------Route accessed: //projects--------------------------","timestamp":"2024-04-16 14:13:31"}
{"level":"info","message":"-------------------Projects fetched Successfully----------------------------","timestamp":"2024-04-16 14:13:31"}
{"level":"info","message":"---------------------Route accessed: //login--------------------------","timestamp":"2024-04-16 14:13:45"}
{"level":"info","message":{"password":"12345678","userEmail":"kumbhani.bhavesh.1@gmail.com"},"timestamp":"2024-04-16 14:13:45"}
{"level":"info","message":"--------------------------Logged In Successfully---------------------------------","timestamp":"2024-04-16 14:13:45"}
{"level":"info","message":"---------------------Route accessed: //projects--------------------------","timestamp":"2024-04-16 14:13:45"}
{"level":"info","message":"-------------------Projects fetched Successfully----------------------------","timestamp":"2024-04-16 14:13:45"}
{"level":"info","message":"---------------------Route accessed: //projects/1--------------------------","timestamp":"2024-04-16 14:13:48"}
{"level":"info","message":"-------USerId: 1------------","timestamp":"2024-04-16 14:13:48"}
{"level":"info","message":"-------------------Projects Fetched Successfully----------------------------","timestamp":"2024-04-16 14:13:48"}
{"level":"info","message":"---------------------Route accessed: //file/upload--------------------------","timestamp":"2024-04-16 14:14:45"}
{"level":"info","message":"---------------------Route accessed: //file/upload--------------------------","timestamp":"2024-04-16 14:14:47"}
{"level":"info","message":"---------------------Route accessed: //project--------------------------","timestamp":"2024-04-16 14:14:49"}
{"level":"info","message":{"abstractUrl":"https://my-bucket-pg.s3.amazonaws.com/Image.jpg","createdAt":null,"dateOfSubmission":"16-04-2024","projectAssetUrl":"https://my-bucket-pg.s3.amazonaws.com/vegetarian-pizza.jpg","projectDescription":"Fav pizza","projectName":"Pizza","submittedBy":"bhavesh0070","userId":"1"},"timestamp":"2024-04-16 14:14:49"}
{"level":"info","message":"-------------------Successfully Created the Project----------------------------","timestamp":"2024-04-16 14:14:49"}
{"level":"info","message":"---------------------Route accessed: //projects/1--------------------------","timestamp":"2024-04-16 14:14:54"}
{"level":"info","message":"-------USerId: 1------------","timestamp":"2024-04-16 14:14:54"}
{"level":"info","message":"-------------------Projects Fetched Successfully----------------------------","timestamp":"2024-04-16 14:14:54"}
{"level":"info","message":"---------------------Route accessed: //projects/1--------------------------","timestamp":"2024-04-16 14:16:02"}
{"level":"info","message":"-------USerId: 1------------","timestamp":"2024-04-16 14:16:02"}
{"level":"info","message":"-------------------Projects Fetched Successfully----------------------------","timestamp":"2024-04-16 14:16:02"}
{"level":"info","message":"---------------------Route accessed: //projects/1--------------------------","timestamp":"2024-04-16 14:19:15"}
{"level":"info","message":"-------USerId: 1------------","timestamp":"2024-04-16 14:19:15"}
{"level":"info","message":"-------------------Projects Fetched Successfully----------------------------","timestamp":"2024-04-16 14:19:15"}
{"level":"info","message":"---------------------Route accessed: //projects/1--------------------------","timestamp":"2024-04-16 14:19:25"}
{"level":"info","message":"-------USerId: 1------------","timestamp":"2024-04-16 14:19:25"}
{"level":"info","message":"-------------------Projects Fetched Successfully----------------------------","timestamp":"2024-04-16 14:19:25"}
{"level":"info","message":"---------------------Route accessed: //projects/1--------------------------","timestamp":"2024-04-16 14:19:28"}
{"level":"info","message":"-------USerId: 1------------","timestamp":"2024-04-16 14:19:28"}
{"level":"info","message":"-------------------Projects Fetched Successfully----------------------------","timestamp":"2024-04-16 14:19:28"}
{"level":"info","message":"---------------------Route accessed: //projects/1--------------------------","timestamp":"2024-04-16 14:19:41"}
{"level":"info","message":"-------USerId: 1------------","timestamp":"2024-04-16 14:19:41"}
{"level":"info","message":"-------------------Projects Fetched Successfully----------------------------","timestamp":"2024-04-16 14:19:41"}
{"level":"info","message":"---------------------Route accessed: //projects/1--------------------------","timestamp":"2024-04-16 14:20:46"}
{"level":"info","message":"-------USerId: 1------------","timestamp":"2024-04-16 14:20:46"}
{"level":"info","message":"-------------------Projects Fetched Successfully----------------------------","timestamp":"2024-04-16 14:20:46"}
{"level":"info","message":"---------------------Route accessed: //projects/1--------------------------","timestamp":"2024-04-16 14:22:22"}
{"level":"info","message":"-------USerId: 1------------","timestamp":"2024-04-16 14:22:22"}
{"level":"info","message":"-------------------Projects Fetched Successfully----------------------------","timestamp":"2024-04-16 14:22:22"}
{"level":"info","message":"---------------------Route accessed: //projects/1--------------------------","timestamp":"2024-04-16 14:22:38"}
{"level":"info","message":"-------USerId: 1------------","timestamp":"2024-04-16 14:22:38"}
{"level":"info","message":"-------------------Projects Fetched Successfully----------------------------","timestamp":"2024-04-16 14:22:38"}
{"level":"info","message":"---------------------Route accessed: //projects/1--------------------------","timestamp":"2024-04-16 14:22:48"}
{"level":"info","message":"-------USerId: 1------------","timestamp":"2024-04-16 14:22:48"}
{"level":"info","message":"-------------------Projects Fetched Successfully----------------------------","timestamp":"2024-04-16 14:22:48"}
{"level":"info","message":"---------------------Route accessed: //projects/1--------------------------","timestamp":"2024-04-16 14:24:04"}
{"level":"info","message":"-------USerId: 1------------","timestamp":"2024-04-16 14:24:04"}
{"level":"info","message":"-------------------Projects Fetched Successfully----------------------------","timestamp":"2024-04-16 14:24:04"}
{"level":"info","message":"---------------------Route accessed: //projects/1--------------------------","timestamp":"2024-04-16 14:24:53"}
{"level":"info","message":"-------USerId: 1------------","timestamp":"2024-04-16 14:24:53"}
{"level":"info","message":"-------------------Projects Fetched Successfully----------------------------","timestamp":"2024-04-16 14:24:53"}
{"level":"info","message":"---------------------Route accessed: //projects/1--------------------------","timestamp":"2024-04-16 14:27:07"}
{"level":"info","message":"-------USerId: 1------------","timestamp":"2024-04-16 14:27:07"}
{"level":"info","message":"-------------------Projects Fetched Successfully----------------------------","timestamp":"2024-04-16 14:27:07"}
{"level":"info","message":"---------------------Route accessed: //projects/1--------------------------","timestamp":"2024-04-16 14:27:29"}
{"level":"info","message":"-------USerId: 1------------","timestamp":"2024-04-16 14:27:29"}
{"level":"info","message":"-------------------Projects Fetched Successfully----------------------------","timestamp":"2024-04-16 14:27:29"}
{"level":"info","message":"---------------------Route accessed: //projects/1--------------------------","timestamp":"2024-04-16 14:27:53"}
{"level":"info","message":"-------USerId: 1------------","timestamp":"2024-04-16 14:27:53"}
{"level":"info","message":"-------------------Projects Fetched Successfully----------------------------","timestamp":"2024-04-16 14:27:53"}
{"level":"info","message":"---------------------Route accessed: //projects/1--------------------------","timestamp":"2024-04-16 14:27:59"}
{"level":"info","message":"-------USerId: 1------------","timestamp":"2024-04-16 14:27:59"}
{"level":"info","message":"-------------------Projects Fetched Successfully----------------------------","timestamp":"2024-04-16 14:27:59"}
{"level":"info","message":"---------------------Route accessed: //projects/1--------------------------","timestamp":"2024-04-16 14:28:22"}
{"level":"info","message":"-------USerId: 1------------","timestamp":"2024-04-16 14:28:22"}
{"level":"info","message":"-------------------Projects Fetched Successfully----------------------------","timestamp":"2024-04-16 14:28:22"}
{"level":"info","message":"---------------------Route accessed: //projects/1--------------------------","timestamp":"2024-04-16 14:28:55"}
{"level":"info","message":"-------USerId: 1------------","timestamp":"2024-04-16 14:28:55"}
{"level":"info","message":"-------------------Projects Fetched Successfully----------------------------","timestamp":"2024-04-16 14:28:55"}
{"level":"info","message":"---------------------Route accessed: //projects/1--------------------------","timestamp":"2024-04-16 14:29:32"}
{"level":"info","message":"-------USerId: 1------------","timestamp":"2024-04-16 14:29:32"}
{"level":"info","message":"-------------------Projects Fetched Successfully----------------------------","timestamp":"2024-04-16 14:29:32"}
{"level":"info","message":"---------------------Route accessed: //projects/1--------------------------","timestamp":"2024-04-16 14:29:34"}
{"level":"info","message":"-------USerId: 1------------","timestamp":"2024-04-16 14:29:34"}
{"level":"info","message":"-------------------Projects Fetched Successfully----------------------------","timestamp":"2024-04-16 14:29:34"}
{"level":"info","message":"---------------------Route accessed: //projects/1--------------------------","timestamp":"2024-04-16 14:31:57"}
{"level":"info","message":"-------USerId: 1------------","timestamp":"2024-04-16 14:31:57"}
{"level":"info","message":"-------------------Projects Fetched Successfully----------------------------","timestamp":"2024-04-16 14:31:57"}
{"level":"info","message":"---------------------Route accessed: //file/upload--------------------------","timestamp":"2024-04-16 14:32:31"}
{"level":"info","message":"---------------------Route accessed: //file/upload--------------------------","timestamp":"2024-04-16 14:32:36"}
{"level":"info","message":"---------------------Route accessed: //project--------------------------","timestamp":"2024-04-16 14:32:37"}
{"level":"info","message":{"abstractUrl":"https://my-bucket-pg.s3.amazonaws.com/Image.jpg","createdAt":null,"dateOfSubmission":"16-04-2024","projectAssetUrl":"https://my-bucket-pg.s3.amazonaws.com/Image.jpg","projectDescription":"Hello","projectName":"Test","submittedBy":"bhavesh0070","userId":"1"},"timestamp":"2024-04-16 14:32:37"}
{"level":"info","message":"-------------------Successfully Created the Project----------------------------","timestamp":"2024-04-16 14:32:37"}
{"level":"info","message":"---------------------Route accessed: //projects/1--------------------------","timestamp":"2024-04-16 14:32:41"}
{"level":"info","message":"-------USerId: 1------------","timestamp":"2024-04-16 14:32:41"}
{"level":"info","message":"-------------------Projects Fetched Successfully----------------------------","timestamp":"2024-04-16 14:32:41"}
{"level":"info","message":"---------------------Route accessed: //projects/1--------------------------","timestamp":"2024-04-16 14:34:22"}
{"level":"info","message":"-------USerId: 1------------","timestamp":"2024-04-16 14:34:22"}
{"level":"info","message":"-------------------Projects Fetched Successfully----------------------------","timestamp":"2024-04-16 14:34:22"}
{"level":"info","message":"---------------------Route accessed: //projects/1--------------------------","timestamp":"2024-04-16 14:34:26"}
{"level":"info","message":"-------USerId: 1------------","timestamp":"2024-04-16 14:34:26"}
{"level":"info","message":"-------------------Projects Fetched Successfully----------------------------","timestamp":"2024-04-16 14:34:26"}
{"level":"info","message":"---------------------Route accessed: //projects/1--------------------------","timestamp":"2024-04-16 14:34:43"}
{"level":"info","message":"-------USerId: 1------------","timestamp":"2024-04-16 14:34:43"}
{"level":"info","message":"-------------------Projects Fetched Successfully----------------------------","timestamp":"2024-04-16 14:34:43"}
{"level":"info","message":"---------------------Route accessed: //projects/1--------------------------","timestamp":"2024-04-16 14:34:45"}
{"level":"info","message":"-------USerId: 1------------","timestamp":"2024-04-16 14:34:45"}
{"level":"info","message":"-------------------Projects Fetched Successfully----------------------------","timestamp":"2024-04-16 14:34:45"}
{"level":"info","message":"---------------------Route accessed: //projects/1--------------------------","timestamp":"2024-04-16 14:35:03"}
{"level":"info","message":"-------USerId: 1------------","timestamp":"2024-04-16 14:35:03"}
{"level":"info","message":"-------------------Projects Fetched Successfully----------------------------","timestamp":"2024-04-16 14:35:03"}
{"level":"info","message":"---------------------Route accessed: //projects/1--------------------------","timestamp":"2024-04-16 14:35:04"}
{"level":"info","message":"-------USerId: 1------------","timestamp":"2024-04-16 14:35:04"}
{"level":"info","message":"-------------------Projects Fetched Successfully----------------------------","timestamp":"2024-04-16 14:35:04"}
{"level":"info","message":"---------------------Route accessed: //projects/1--------------------------","timestamp":"2024-04-16 14:35:12"}
{"level":"info","message":"-------USerId: 1------------","timestamp":"2024-04-16 14:35:12"}
{"level":"info","message":"-------------------Projects Fetched Successfully----------------------------","timestamp":"2024-04-16 14:35:12"}
{"level":"info","message":"---------------------Route accessed: //projects/1--------------------------","timestamp":"2024-04-16 14:35:28"}
{"level":"info","message":"-------USerId: 1------------","timestamp":"2024-04-16 14:35:28"}
{"level":"info","message":"-------------------Projects Fetched Successfully----------------------------","timestamp":"2024-04-16 14:35:28"}
{"level":"info","message":"---------------------Route accessed: //projects/1--------------------------","timestamp":"2024-04-16 14:35:42"}
{"level":"info","message":"-------USerId: 1------------","timestamp":"2024-04-16 14:35:42"}
{"level":"info","message":"-------------------Projects Fetched Successfully----------------------------","timestamp":"2024-04-16 14:35:42"}
{"level":"info","message":"---------------------Route accessed: //projects/1--------------------------","timestamp":"2024-04-16 14:36:39"}
{"level":"info","message":"-------USerId: 1------------","timestamp":"2024-04-16 14:36:39"}
{"level":"info","message":"-------------------Projects Fetched Successfully----------------------------","timestamp":"2024-04-16 14:36:39"}
{"level":"info","message":"---------------------Route accessed: //projects/1--------------------------","timestamp":"2024-04-16 14:36:42"}
{"level":"info","message":"-------USerId: 1------------","timestamp":"2024-04-16 14:36:42"}
{"level":"info","message":"-------------------Projects Fetched Successfully----------------------------","timestamp":"2024-04-16 14:36:42"}
{"level":"info","message":"---------------------Route accessed: //projects/1--------------------------","timestamp":"2024-04-16 14:36:48"}
{"level":"info","message":"-------USerId: 1------------","timestamp":"2024-04-16 14:36:48"}
{"level":"info","message":"-------------------Projects Fetched Successfully----------------------------","timestamp":"2024-04-16 14:36:48"}
{"level":"info","message":"---------------------Route accessed: //projects/1--------------------------","timestamp":"2024-04-16 14:36:52"}
{"level":"info","message":"-------USerId: 1------------","timestamp":"2024-04-16 14:36:52"}
{"level":"info","message":"-------------------Projects Fetched Successfully----------------------------","timestamp":"2024-04-16 14:36:52"}
{"level":"info","message":"---------------------Route accessed: //login--------------------------","timestamp":"2024-04-16 18:52:18"}
{"level":"info","message":{"password":"12345678","userEmail":"kumbhani.bhavesh.1@gmail.com"},"timestamp":"2024-04-16 18:52:18"}
{"level":"info","message":"--------------------------Logged In Successfully---------------------------------","timestamp":"2024-04-16 18:52:18"}
{"level":"info","message":"---------------------Route accessed: //projects--------------------------","timestamp":"2024-04-16 18:52:18"}
{"level":"info","message":"-------------------Projects fetched Successfully----------------------------","timestamp":"2024-04-16 18:52:18"}
{"level":"info","message":"---------------------Route accessed: //projects/1--------------------------","timestamp":"2024-04-16 18:52:21"}
{"level":"info","message":"-------USerId: 1------------","timestamp":"2024-04-16 18:52:21"}
{"level":"info","message":"-------------------Projects Fetched Successfully----------------------------","timestamp":"2024-04-16 18:52:21"}
{"level":"info","message":"---------------------Route accessed: //projects/1--------------------------","timestamp":"2024-04-16 18:52:29"}
{"level":"info","message":"-------USerId: 1------------","timestamp":"2024-04-16 18:52:29"}
{"level":"info","message":"-------------------Projects Fetched Successfully----------------------------","timestamp":"2024-04-16 18:52:29"}
{"level":"info","message":"---------------------Route accessed: //projects/1--------------------------","timestamp":"2024-04-16 18:53:06"}
{"level":"info","message":"-------USerId: 1------------","timestamp":"2024-04-16 18:53:06"}
{"level":"info","message":"-------------------Projects Fetched Successfully----------------------------","timestamp":"2024-04-16 18:53:06"}
{"level":"info","message":"---------------------Route accessed: //projects/1--------------------------","timestamp":"2024-04-16 18:53:10"}
{"level":"info","message":"-------USerId: 1------------","timestamp":"2024-04-16 18:53:10"}
{"level":"info","message":"-------------------Projects Fetched Successfully----------------------------","timestamp":"2024-04-16 18:53:10"}
{"level":"info","message":"---------------------Route accessed: //projects--------------------------","timestamp":"2024-04-16 18:53:11"}
{"level":"info","message":"-------------------Projects fetched Successfully----------------------------","timestamp":"2024-04-16 18:53:11"}
{"level":"info","message":"---------------------Route accessed: //projects/1--------------------------","timestamp":"2024-04-16 18:53:11"}
{"level":"info","message":"-------USerId: 1------------","timestamp":"2024-04-16 18:53:11"}
{"level":"info","message":"-------------------Projects Fetched Successfully----------------------------","timestamp":"2024-04-16 18:53:11"}
{"level":"info","message":"---------------------Route accessed: //projects--------------------------","timestamp":"2024-04-16 18:53:12"}
{"level":"info","message":"-------------------Projects fetched Successfully----------------------------","timestamp":"2024-04-16 18:53:12"}
{"level":"info","message":"---------------------Route accessed: //projects/1--------------------------","timestamp":"2024-04-16 18:53:13"}
{"level":"info","message":"-------USerId: 1------------","timestamp":"2024-04-16 18:53:13"}
{"level":"info","message":"-------------------Projects Fetched Successfully----------------------------","timestamp":"2024-04-16 18:53:13"}
{"level":"info","message":"---------------------Route accessed: //projects/1--------------------------","timestamp":"2024-04-16 18:53:15"}
{"level":"info","message":"-------USerId: 1------------","timestamp":"2024-04-16 18:53:15"}
{"level":"info","message":"-------------------Projects Fetched Successfully----------------------------","timestamp":"2024-04-16 18:53:15"}
{"level":"info","message":"---------------------Route accessed: //projects/1--------------------------","timestamp":"2024-04-16 18:53:17"}
{"level":"info","message":"-------USerId: 1------------","timestamp":"2024-04-16 18:53:17"}
{"level":"info","message":"-------------------Projects Fetched Successfully----------------------------","timestamp":"2024-04-16 18:53:17"}
{"level":"info","message":"---------------------Route accessed: //projects--------------------------","timestamp":"2024-04-16 20:09:27"}
{"level":"info","message":"-------------------Projects fetched Successfully----------------------------","timestamp":"2024-04-16 20:09:27"}
{"level":"info","message":"---------------------Route accessed: //user--------------------------","timestamp":"2024-04-16 20:10:26"}
{"level":"info","message":{"confirmPassword":"12345678","email":"test@gmail.com","firstname":"Student 1","lastname":"Hello","name":"student1","password":"12345678","role":"student"},"timestamp":"2024-04-16 20:10:26"}
{"level":"info","message":"---------------------New User Created Successfully---------------------------------------","timestamp":"2024-04-16 20:10:26"}
{"level":"info","message":"---------------------Route accessed: //projects--------------------------","timestamp":"2024-04-16 20:10:26"}
{"level":"info","message":"-------------------Projects fetched Successfully----------------------------","timestamp":"2024-04-16 20:10:26"}
{"level":"info","message":"---------------------Route accessed: //login--------------------------","timestamp":"2024-04-16 20:10:36"}
{"level":"info","message":{"password":"12345678","userEmail":"test@gmail.com"},"timestamp":"2024-04-16 20:10:36"}
{"level":"info","message":"--------------------------Logged In Successfully---------------------------------","timestamp":"2024-04-16 20:10:36"}
{"level":"info","message":"---------------------Route accessed: //projects--------------------------","timestamp":"2024-04-16 20:10:36"}
{"level":"info","message":"-------------------Projects fetched Successfully----------------------------","timestamp":"2024-04-16 20:10:36"}
{"level":"info","message":"---------------------Route accessed: //projects/2--------------------------","timestamp":"2024-04-16 20:10:39"}
{"level":"info","message":"-------USerId: 2------------","timestamp":"2024-04-16 20:10:39"}
{"level":"info","message":"-------------------Projects Fetched Successfully----------------------------","timestamp":"2024-04-16 20:10:39"}
{"level":"info","message":"---------------------Route accessed: //file/upload--------------------------","timestamp":"2024-04-16 20:10:57"}
{"level":"info","message":"---------------------Route accessed: //file/upload--------------------------","timestamp":"2024-04-16 20:10:59"}
{"level":"info","message":"---------------------Route accessed: //project--------------------------","timestamp":"2024-04-16 20:11:03"}
{"level":"info","message":{"abstractUrl":"https://my-bucket-pg.s3.amazonaws.com/Image.jpg","createdAt":null,"dateOfSubmission":"16-04-2024","projectAssetUrl":"https://my-bucket-pg.s3.amazonaws.com/Image.jpg","projectDescription":"Student 1","projectName":"Test","submittedBy":"student1","userId":"2"},"timestamp":"2024-04-16 20:11:03"}
{"level":"info","message":"-------------------Successfully Created the Project----------------------------","timestamp":"2024-04-16 20:11:03"}
{"level":"info","message":"---------------------Route accessed: //projects/2--------------------------","timestamp":"2024-04-16 20:11:06"}
{"level":"info","message":"-------USerId: 2------------","timestamp":"2024-04-16 20:11:06"}
{"level":"info","message":"-------------------Projects Fetched Successfully----------------------------","timestamp":"2024-04-16 20:11:06"}
{"level":"info","message":"---------------------Route accessed: //projects/2--------------------------","timestamp":"2024-04-16 20:11:12"}
{"level":"info","message":"-------USerId: 2------------","timestamp":"2024-04-16 20:11:12"}
{"level":"info","message":"-------------------Projects Fetched Successfully----------------------------","timestamp":"2024-04-16 20:11:12"}
{"level":"info","message":"---------------------Route accessed: //login--------------------------","timestamp":"2024-04-16 20:11:28"}
{"level":"info","message":{"password":"12345678","userEmail":"kumbhani.bhavesh.1@gmail.com"},"timestamp":"2024-04-16 20:11:28"}
{"level":"info","message":"--------------------------Logged In Successfully---------------------------------","timestamp":"2024-04-16 20:11:28"}
{"level":"info","message":"---------------------Route accessed: //projects--------------------------","timestamp":"2024-04-16 20:11:28"}
{"level":"info","message":"-------------------Projects fetched Successfully----------------------------","timestamp":"2024-04-16 20:11:28"}
{"level":"info","message":"---------------------Route accessed: //projects/1--------------------------","timestamp":"2024-04-16 20:11:31"}
{"level":"info","message":"-------USerId: 1------------","timestamp":"2024-04-16 20:11:31"}
{"level":"info","message":"-------------------Projects Fetched Successfully----------------------------","timestamp":"2024-04-16 20:11:31"}
{"level":"info","message":"---------------------Route accessed: //projects/1--------------------------","timestamp":"2024-04-16 20:11:41"}
{"level":"info","message":"-------USerId: 1------------","timestamp":"2024-04-16 20:11:41"}
{"level":"info","message":"-------------------Projects Fetched Successfully----------------------------","timestamp":"2024-04-16 20:11:41"}
{"level":"info","message":"---------------------Route accessed: //projects/1--------------------------","timestamp":"2024-04-16 20:12:01"}
{"level":"info","message":"-------USerId: 1------------","timestamp":"2024-04-16 20:12:01"}
{"level":"info","message":"-------------------Projects Fetched Successfully----------------------------","timestamp":"2024-04-16 20:12:01"}
{"level":"info","message":"---------------------Route accessed: //projects/1--------------------------","timestamp":"2024-04-16 20:12:07"}
{"level":"info","message":"-------USerId: 1------------","timestamp":"2024-04-16 20:12:07"}
{"level":"info","message":"-------------------Projects Fetched Successfully----------------------------","timestamp":"2024-04-16 20:12:07"}
