{"level":"info","message":"---------------------Route accessed: //projects--------------------------","timestamp":"2024-04-23 01:37:27"}
{"level":"info","message":"-------------------Projects fetched Successfully----------------------------","timestamp":"2024-04-23 01:37:27"}
{"level":"info","message":"---------------------Route accessed: //projects--------------------------","timestamp":"2024-04-23 01:37:30"}
{"level":"info","message":"-------------------Projects fetched Successfully----------------------------","timestamp":"2024-04-23 01:37:30"}
{"level":"info","message":"---------------------Route accessed: //project/1/1--------------------------","timestamp":"2024-04-23 01:37:32"}
{"level":"info","message":"--------------ProjectId:1----------------------------------","timestamp":"2024-04-23 01:37:32"}
{"level":"info","message":"-------------------Project found Successfully----------------------------","timestamp":"2024-04-23 01:37:32"}
{"level":"info","message":"---------------------Route accessed: //user/3--------------------------","timestamp":"2024-04-23 01:37:32"}
{"level":"info","message":"----------userRollNo: 3---------------------","timestamp":"2024-04-23 01:37:32"}
{"level":"info","message":"-------------------Successfully Fetched the USer------------------------------------------","timestamp":"2024-04-23 01:37:32"}
{"level":"info","message":"---------------------Route accessed: //project/3/1--------------------------","timestamp":"2024-04-23 01:37:35"}
{"level":"info","message":"--------------ProjectId:3----------------------------------","timestamp":"2024-04-23 01:37:35"}
{"level":"info","message":"-------------------Project found Successfully----------------------------","timestamp":"2024-04-23 01:37:35"}
{"level":"info","message":"---------------------Route accessed: //user/3--------------------------","timestamp":"2024-04-23 01:37:35"}
{"level":"info","message":"----------userRollNo: 3---------------------","timestamp":"2024-04-23 01:37:35"}
{"level":"info","message":"-------------------Successfully Fetched the USer------------------------------------------","timestamp":"2024-04-23 01:37:35"}
{"level":"info","message":"---------------------Route accessed: //project/2/1--------------------------","timestamp":"2024-04-23 01:37:38"}
{"level":"info","message":"--------------ProjectId:2----------------------------------","timestamp":"2024-04-23 01:37:38"}
{"level":"info","message":"-------------------Project found Successfully----------------------------","timestamp":"2024-04-23 01:37:38"}
{"level":"info","message":"---------------------Route accessed: //user/6--------------------------","timestamp":"2024-04-23 01:37:38"}
{"level":"info","message":"----------userRollNo: 6---------------------","timestamp":"2024-04-23 01:37:38"}
{"level":"info","message":"-------------------Successfully Fetched the USer------------------------------------------","timestamp":"2024-04-23 01:37:38"}
{"level":"info","message":"---------------------Route accessed: //project/3/1--------------------------","timestamp":"2024-04-23 01:37:40"}
{"level":"info","message":"--------------ProjectId:3----------------------------------","timestamp":"2024-04-23 01:37:40"}
{"level":"info","message":"-------------------Project found Successfully----------------------------","timestamp":"2024-04-23 01:37:40"}
{"level":"info","message":"---------------------Route accessed: //user/3--------------------------","timestamp":"2024-04-23 01:37:40"}
{"level":"info","message":"----------userRollNo: 3---------------------","timestamp":"2024-04-23 01:37:40"}
{"level":"info","message":"-------------------Successfully Fetched the USer------------------------------------------","timestamp":"2024-04-23 01:37:40"}
{"level":"info","message":"---------------------Route accessed: //projects/1--------------------------","timestamp":"2024-04-23 15:33:39"}
{"level":"info","message":"-------USerId: 1------------","timestamp":"2024-04-23 15:33:39"}
{"level":"info","message":"-------------------Projects Fetched Successfully----------------------------","timestamp":"2024-04-23 15:33:39"}
{"level":"info","message":"---------------------Route accessed: //projects/1--------------------------","timestamp":"2024-04-23 15:33:40"}
{"level":"info","message":"-------USerId: 1------------","timestamp":"2024-04-23 15:33:40"}
{"level":"info","message":"-------------------Projects Fetched Successfully----------------------------","timestamp":"2024-04-23 15:33:40"}
{"level":"info","message":"---------------------Route accessed: //projects--------------------------","timestamp":"2024-04-23 15:33:45"}
{"level":"info","message":"-------------------Projects fetched Successfully----------------------------","timestamp":"2024-04-23 15:33:45"}
{"level":"info","message":"---------------------Route accessed: //login--------------------------","timestamp":"2024-04-23 15:34:02"}
{"level":"info","message":{"password":"1234","userEmail":"galla.sathvika123@gmail.com"},"timestamp":"2024-04-23 15:34:02"}
{"level":"info","message":"--------------------------Logged In Successfully---------------------------------","timestamp":"2024-04-23 15:34:03"}
{"level":"info","message":"---------------------Route accessed: //projects--------------------------","timestamp":"2024-04-23 15:34:03"}
{"level":"info","message":"-------------------Projects fetched Successfully----------------------------","timestamp":"2024-04-23 15:34:03"}
{"level":"info","message":"---------------------Route accessed: //projects--------------------------","timestamp":"2024-04-23 15:35:02"}
{"level":"info","message":"-------------------Projects fetched Successfully----------------------------","timestamp":"2024-04-23 15:35:03"}
{"level":"info","message":"---------------------Route accessed: //projects--------------------------","timestamp":"2024-04-23 15:35:16"}
{"level":"info","message":"-------------------Projects fetched Successfully----------------------------","timestamp":"2024-04-23 15:35:16"}
{"level":"info","message":"---------------------Route accessed: //projects--------------------------","timestamp":"2024-04-23 15:36:30"}
{"level":"info","message":"-------------------Projects fetched Successfully----------------------------","timestamp":"2024-04-23 15:36:31"}
{"level":"info","message":"---------------------Route accessed: //projects--------------------------","timestamp":"2024-04-23 15:38:34"}
{"level":"info","message":"-------------------Projects fetched Successfully----------------------------","timestamp":"2024-04-23 15:38:34"}
{"level":"info","message":"---------------------Route accessed: //project/7/1--------------------------","timestamp":"2024-04-23 15:38:37"}
{"level":"info","message":"--------------ProjectId:7----------------------------------","timestamp":"2024-04-23 15:38:37"}
{"level":"info","message":"-------------------Project found Successfully----------------------------","timestamp":"2024-04-23 15:38:37"}
{"level":"info","message":"---------------------Route accessed: //user/1--------------------------","timestamp":"2024-04-23 15:38:37"}
{"level":"info","message":"----------userRollNo: 1---------------------","timestamp":"2024-04-23 15:38:37"}
{"level":"info","message":"-------------------Successfully Fetched the USer------------------------------------------","timestamp":"2024-04-23 15:38:37"}
{"level":"info","message":"---------------------Route accessed: //projects--------------------------","timestamp":"2024-04-23 15:39:04"}
{"level":"info","message":"-------------------Projects fetched Successfully----------------------------","timestamp":"2024-04-23 15:39:04"}
{"level":"info","message":"---------------------Route accessed: //projects/1--------------------------","timestamp":"2024-04-23 15:39:07"}
{"level":"info","message":"-------USerId: 1------------","timestamp":"2024-04-23 15:39:07"}
{"level":"info","message":"-------------------Projects Fetched Successfully----------------------------","timestamp":"2024-04-23 15:39:07"}
{"level":"info","message":"---------------------Route accessed: //projects--------------------------","timestamp":"2024-04-23 15:39:09"}
{"level":"info","message":"-------------------Projects fetched Successfully----------------------------","timestamp":"2024-04-23 15:39:09"}
{"level":"info","message":"---------------------Route accessed: //projects/1--------------------------","timestamp":"2024-04-23 15:42:52"}
{"level":"info","message":"-------USerId: 1------------","timestamp":"2024-04-23 15:42:52"}
{"level":"info","message":"-------------------Projects Fetched Successfully----------------------------","timestamp":"2024-04-23 15:42:52"}
{"level":"info","message":"---------------------Route accessed: //projects--------------------------","timestamp":"2024-04-23 15:42:53"}
{"level":"info","message":"-------------------Projects fetched Successfully----------------------------","timestamp":"2024-04-23 15:42:53"}
{"level":"info","message":"---------------------Route accessed: //projects--------------------------","timestamp":"2024-04-23 15:43:04"}
{"level":"info","message":"-------------------Projects fetched Successfully----------------------------","timestamp":"2024-04-23 15:43:04"}
{"level":"info","message":"---------------------Route accessed: //projects/1--------------------------","timestamp":"2024-04-23 15:43:05"}
{"level":"info","message":"-------USerId: 1------------","timestamp":"2024-04-23 15:43:05"}
{"level":"info","message":"-------------------Projects Fetched Successfully----------------------------","timestamp":"2024-04-23 15:43:05"}
{"level":"info","message":"---------------------Route accessed: //projects--------------------------","timestamp":"2024-04-23 15:43:05"}
{"level":"info","message":"-------------------Projects fetched Successfully----------------------------","timestamp":"2024-04-23 15:43:05"}
{"level":"info","message":"---------------------Route accessed: //projects--------------------------","timestamp":"2024-04-23 15:44:16"}
{"level":"info","message":"-------------------Projects fetched Successfully----------------------------","timestamp":"2024-04-23 15:44:16"}
{"level":"info","message":"---------------------Route accessed: //projects--------------------------","timestamp":"2024-04-23 15:44:29"}
{"level":"info","message":"-------------------Projects fetched Successfully----------------------------","timestamp":"2024-04-23 15:44:29"}
{"level":"info","message":"---------------------Route accessed: //projects--------------------------","timestamp":"2024-04-23 15:44:32"}
{"level":"info","message":"-------------------Projects fetched Successfully----------------------------","timestamp":"2024-04-23 15:44:32"}
{"level":"info","message":"---------------------Route accessed: //projects/1--------------------------","timestamp":"2024-04-23 15:44:33"}
{"level":"info","message":"-------USerId: 1------------","timestamp":"2024-04-23 15:44:33"}
{"level":"info","message":"-------------------Projects Fetched Successfully----------------------------","timestamp":"2024-04-23 15:44:33"}
{"level":"info","message":"---------------------Route accessed: //projects--------------------------","timestamp":"2024-04-23 15:44:34"}
{"level":"info","message":"-------------------Projects fetched Successfully----------------------------","timestamp":"2024-04-23 15:44:34"}
{"level":"info","message":"---------------------Route accessed: //projects--------------------------","timestamp":"2024-04-23 15:44:39"}
{"level":"info","message":"-------------------Projects fetched Successfully----------------------------","timestamp":"2024-04-23 15:44:39"}
{"level":"info","message":"---------------------Route accessed: //projects--------------------------","timestamp":"2024-04-23 15:45:12"}
{"level":"info","message":"-------------------Projects fetched Successfully----------------------------","timestamp":"2024-04-23 15:45:12"}
{"level":"info","message":"---------------------Route accessed: //projects/1--------------------------","timestamp":"2024-04-23 15:45:13"}
{"level":"info","message":"-------USerId: 1------------","timestamp":"2024-04-23 15:45:13"}
{"level":"info","message":"-------------------Projects Fetched Successfully----------------------------","timestamp":"2024-04-23 15:45:13"}
{"level":"info","message":"---------------------Route accessed: //projects--------------------------","timestamp":"2024-04-23 15:45:36"}
{"level":"info","message":"-------------------Projects fetched Successfully----------------------------","timestamp":"2024-04-23 15:45:36"}
{"level":"info","message":"---------------------Route accessed: //projects--------------------------","timestamp":"2024-04-23 15:45:45"}
{"level":"info","message":"-------------------Projects fetched Successfully----------------------------","timestamp":"2024-04-23 15:45:45"}
{"level":"info","message":"---------------------Route accessed: //projects/1--------------------------","timestamp":"2024-04-23 15:45:46"}
{"level":"info","message":"-------USerId: 1------------","timestamp":"2024-04-23 15:45:46"}
{"level":"info","message":"-------------------Projects Fetched Successfully----------------------------","timestamp":"2024-04-23 15:45:46"}
{"level":"info","message":"---------------------Route accessed: //projects--------------------------","timestamp":"2024-04-23 15:45:48"}
{"level":"info","message":"-------------------Projects fetched Successfully----------------------------","timestamp":"2024-04-23 15:45:48"}
{"level":"info","message":"---------------------Route accessed: //projects/1--------------------------","timestamp":"2024-04-23 15:48:15"}
{"level":"info","message":"-------USerId: 1------------","timestamp":"2024-04-23 15:48:15"}
{"level":"info","message":"-------------------Projects Fetched Successfully----------------------------","timestamp":"2024-04-23 15:48:15"}
{"level":"info","message":"---------------------Route accessed: //projects--------------------------","timestamp":"2024-04-23 15:48:16"}
{"level":"info","message":"-------------------Projects fetched Successfully----------------------------","timestamp":"2024-04-23 15:48:16"}
{"level":"info","message":"---------------------Route accessed: //projects--------------------------","timestamp":"2024-04-23 15:48:21"}
{"level":"info","message":"-------------------Projects fetched Successfully----------------------------","timestamp":"2024-04-23 15:48:21"}
{"level":"info","message":"---------------------Route accessed: //project/7/1--------------------------","timestamp":"2024-04-23 15:49:30"}
{"level":"info","message":"--------------ProjectId:7----------------------------------","timestamp":"2024-04-23 15:49:30"}
{"level":"info","message":"-------------------Project found Successfully----------------------------","timestamp":"2024-04-23 15:49:30"}
{"level":"info","message":"---------------------Route accessed: //user/1--------------------------","timestamp":"2024-04-23 15:49:30"}
{"level":"info","message":"----------userRollNo: 1---------------------","timestamp":"2024-04-23 15:49:30"}
{"level":"info","message":"-------------------Successfully Fetched the USer------------------------------------------","timestamp":"2024-04-23 15:49:30"}
{"level":"info","message":"---------------------Route accessed: //projects--------------------------","timestamp":"2024-04-23 15:51:51"}
{"level":"info","message":"-------------------Projects fetched Successfully----------------------------","timestamp":"2024-04-23 15:51:51"}
{"level":"info","message":"---------------------Route accessed: //project/6/1--------------------------","timestamp":"2024-04-23 15:51:52"}
{"level":"info","message":"--------------ProjectId:6----------------------------------","timestamp":"2024-04-23 15:51:52"}
{"level":"info","message":"-------------------Project found Successfully----------------------------","timestamp":"2024-04-23 15:51:52"}
{"level":"info","message":"---------------------Route accessed: //user/1--------------------------","timestamp":"2024-04-23 15:51:52"}
{"level":"info","message":"----------userRollNo: 1---------------------","timestamp":"2024-04-23 15:51:52"}
{"level":"info","message":"-------------------Successfully Fetched the USer------------------------------------------","timestamp":"2024-04-23 15:51:52"}
{"level":"info","message":"---------------------Route accessed: //projects/1--------------------------","timestamp":"2024-04-23 15:53:38"}
{"level":"info","message":"-------USerId: 1------------","timestamp":"2024-04-23 15:53:38"}
{"level":"info","message":"-------------------Projects Fetched Successfully----------------------------","timestamp":"2024-04-23 15:53:38"}
{"level":"info","message":"---------------------Route accessed: //projects--------------------------","timestamp":"2024-04-23 15:53:39"}
{"level":"info","message":"-------------------Projects fetched Successfully----------------------------","timestamp":"2024-04-23 15:53:39"}
{"level":"info","message":"---------------------Route accessed: //projects/1--------------------------","timestamp":"2024-04-23 15:53:50"}
{"level":"info","message":"-------USerId: 1------------","timestamp":"2024-04-23 15:53:50"}
{"level":"info","message":"-------------------Projects Fetched Successfully----------------------------","timestamp":"2024-04-23 15:53:50"}
{"level":"info","message":"---------------------Route accessed: //login--------------------------","timestamp":"2024-04-23 15:54:12"}
{"level":"info","message":{"password":"1234","userEmail":"reviewer1expohub@gmail.com"},"timestamp":"2024-04-23 15:54:12"}
{"level":"info","message":"--------------------------Logged In Successfully---------------------------------","timestamp":"2024-04-23 15:54:12"}
{"level":"info","message":"---------------------Route accessed: //projects--------------------------","timestamp":"2024-04-23 15:54:12"}
{"level":"info","message":"-------------------Projects fetched Successfully----------------------------","timestamp":"2024-04-23 15:54:12"}
{"level":"info","message":"---------------------Route accessed: //projects--------------------------","timestamp":"2024-04-23 15:54:14"}
{"level":"info","message":"-------------------Projects fetched Successfully----------------------------","timestamp":"2024-04-23 15:54:14"}
{"level":"info","message":"---------------------Route accessed: //projects--------------------------","timestamp":"2024-04-23 15:54:14"}
{"level":"info","message":"-------------------Projects fetched Successfully----------------------------","timestamp":"2024-04-23 15:54:14"}
{"level":"info","message":"---------------------Route accessed: //projects--------------------------","timestamp":"2024-04-23 15:54:18"}
{"level":"info","message":"-------------------Projects fetched Successfully----------------------------","timestamp":"2024-04-23 15:54:18"}
{"level":"info","message":"---------------------Route accessed: //projects--------------------------","timestamp":"2024-04-23 15:54:21"}
{"level":"info","message":"-------------------Projects fetched Successfully----------------------------","timestamp":"2024-04-23 15:54:21"}
{"level":"info","message":"---------------------Route accessed: //login--------------------------","timestamp":"2024-04-23 15:55:36"}
{"level":"info","message":{"password":"1234","userEmail":"admin1expohub@gmail.com"},"timestamp":"2024-04-23 15:55:36"}
{"level":"info","message":"--------------------------Logged In Successfully---------------------------------","timestamp":"2024-04-23 15:55:36"}
{"level":"info","message":"---------------------Route accessed: //projects--------------------------","timestamp":"2024-04-23 15:55:36"}
{"level":"info","message":"-------------------Projects fetched Successfully----------------------------","timestamp":"2024-04-23 15:55:36"}
{"level":"info","message":"---------------------Route accessed: //reviewers/--------------------------","timestamp":"2024-04-23 15:55:38"}
{"level":"info","message":"---------Empty Body-----------------","timestamp":"2024-04-23 15:55:38"}
{"level":"info","message":"-------------------Successfully Fetched the Reviewers------------------------------------------","timestamp":"2024-04-23 15:55:38"}
{"level":"info","message":"---------------------Route accessed: //projects--------------------------","timestamp":"2024-04-23 15:55:42"}
{"level":"info","message":"-------------------Projects fetched Successfully----------------------------","timestamp":"2024-04-23 15:55:42"}
{"level":"info","message":"---------------------Route accessed: //projects--------------------------","timestamp":"2024-04-23 15:57:02"}
{"level":"info","message":"-------------------Projects fetched Successfully----------------------------","timestamp":"2024-04-23 15:57:02"}
{"level":"info","message":"---------------------Route accessed: //projects--------------------------","timestamp":"2024-04-23 15:57:05"}
{"level":"info","message":"-------------------Projects fetched Successfully----------------------------","timestamp":"2024-04-23 15:57:05"}
{"level":"info","message":"---------------------Route accessed: //reviewers/--------------------------","timestamp":"2024-04-23 15:57:06"}
{"level":"info","message":"---------Empty Body-----------------","timestamp":"2024-04-23 15:57:06"}
{"level":"info","message":"-------------------Successfully Fetched the Reviewers------------------------------------------","timestamp":"2024-04-23 15:57:06"}
{"level":"info","message":"---------------------Route accessed: //login--------------------------","timestamp":"2024-04-23 15:57:18"}
{"level":"info","message":{"password":"1234","userEmail":"galla.sathvika123@gmail.com"},"timestamp":"2024-04-23 15:57:18"}
{"level":"info","message":"--------------------------Logged In Successfully---------------------------------","timestamp":"2024-04-23 15:57:18"}
{"level":"info","message":"---------------------Route accessed: //projects--------------------------","timestamp":"2024-04-23 15:57:18"}
{"level":"info","message":"-------------------Projects fetched Successfully----------------------------","timestamp":"2024-04-23 15:57:18"}
{"level":"info","message":"---------------------Route accessed: //projects/1--------------------------","timestamp":"2024-04-23 15:57:20"}
{"level":"info","message":"-------USerId: 1------------","timestamp":"2024-04-23 15:57:20"}
{"level":"info","message":"-------------------Projects Fetched Successfully----------------------------","timestamp":"2024-04-23 15:57:20"}
{"level":"info","message":"---------------------Route accessed: //projects--------------------------","timestamp":"2024-04-23 15:57:21"}
{"level":"info","message":"-------------------Projects fetched Successfully----------------------------","timestamp":"2024-04-23 15:57:21"}
{"level":"info","message":"---------------------Route accessed: //projects--------------------------","timestamp":"2024-04-23 15:57:42"}
{"level":"info","message":"-------------------Projects fetched Successfully----------------------------","timestamp":"2024-04-23 15:57:42"}
{"level":"info","message":"---------------------Route accessed: //projects--------------------------","timestamp":"2024-04-23 15:57:43"}
{"level":"info","message":"-------------------Projects fetched Successfully----------------------------","timestamp":"2024-04-23 15:57:43"}
{"level":"info","message":"---------------------Route accessed: //projects--------------------------","timestamp":"2024-04-23 15:58:22"}
{"level":"info","message":"-------------------Projects fetched Successfully----------------------------","timestamp":"2024-04-23 15:58:22"}
{"level":"info","message":"---------------------Route accessed: //projects--------------------------","timestamp":"2024-04-23 15:58:35"}
{"level":"info","message":"-------------------Projects fetched Successfully----------------------------","timestamp":"2024-04-23 15:58:35"}
{"level":"info","message":"---------------------Route accessed: //projects--------------------------","timestamp":"2024-04-23 15:58:56"}
{"level":"info","message":"-------------------Projects fetched Successfully----------------------------","timestamp":"2024-04-23 15:58:56"}
{"level":"info","message":"---------------------Route accessed: //projects--------------------------","timestamp":"2024-04-23 15:58:59"}
{"level":"info","message":"-------------------Projects fetched Successfully----------------------------","timestamp":"2024-04-23 15:58:59"}
{"level":"info","message":"---------------------Route accessed: //projects--------------------------","timestamp":"2024-04-23 15:59:01"}
{"level":"info","message":"-------------------Projects fetched Successfully----------------------------","timestamp":"2024-04-23 15:59:01"}
{"level":"info","message":"---------------------Route accessed: //projects/1--------------------------","timestamp":"2024-04-23 15:59:03"}
{"level":"info","message":"-------USerId: 1------------","timestamp":"2024-04-23 15:59:03"}
{"level":"info","message":"-------------------Projects Fetched Successfully----------------------------","timestamp":"2024-04-23 15:59:03"}
{"level":"info","message":"---------------------Route accessed: //projects--------------------------","timestamp":"2024-04-23 15:59:09"}
{"level":"info","message":"-------------------Projects fetched Successfully----------------------------","timestamp":"2024-04-23 15:59:09"}
{"level":"info","message":"---------------------Route accessed: //projects/1--------------------------","timestamp":"2024-04-23 15:59:10"}
{"level":"info","message":"-------USerId: 1------------","timestamp":"2024-04-23 15:59:10"}
{"level":"info","message":"-------------------Projects Fetched Successfully----------------------------","timestamp":"2024-04-23 15:59:10"}
{"level":"info","message":"---------------------Route accessed: //projects--------------------------","timestamp":"2024-04-23 15:59:41"}
{"level":"info","message":"-------------------Projects fetched Successfully----------------------------","timestamp":"2024-04-23 15:59:41"}
{"level":"info","message":"---------------------Route accessed: //project/6/1--------------------------","timestamp":"2024-04-23 15:59:42"}
{"level":"info","message":"--------------ProjectId:6----------------------------------","timestamp":"2024-04-23 15:59:42"}
{"level":"info","message":"-------------------Project found Successfully----------------------------","timestamp":"2024-04-23 15:59:42"}
{"level":"info","message":"---------------------Route accessed: //user/1--------------------------","timestamp":"2024-04-23 15:59:42"}
{"level":"info","message":"----------userRollNo: 1---------------------","timestamp":"2024-04-23 15:59:42"}
{"level":"info","message":"-------------------Successfully Fetched the USer------------------------------------------","timestamp":"2024-04-23 15:59:42"}
{"level":"info","message":"---------------------Route accessed: //projects--------------------------","timestamp":"2024-04-23 15:59:46"}
{"level":"info","message":"-------------------Projects fetched Successfully----------------------------","timestamp":"2024-04-23 15:59:46"}
{"level":"info","message":"---------------------Route accessed: //project/like/6/1--------------------------","timestamp":"2024-04-23 15:59:48"}
{"level":"info","message":{"projectId":"6","userId":"1"},"timestamp":"2024-04-23 15:59:48"}
{"level":"error","message":"-----------------Error liking project: User has already liked the post.---------------------------","timestamp":"2024-04-23 15:59:48"}
{"level":"info","message":"---------------------Route accessed: //projects--------------------------","timestamp":"2024-04-23 15:59:50"}
{"level":"info","message":"-------------------Projects fetched Successfully----------------------------","timestamp":"2024-04-23 15:59:50"}
{"level":"info","message":"---------------------Route accessed: //project/10/1--------------------------","timestamp":"2024-04-23 15:59:53"}
{"level":"info","message":"--------------ProjectId:10----------------------------------","timestamp":"2024-04-23 15:59:53"}
{"level":"info","message":"-------------------Project found Successfully----------------------------","timestamp":"2024-04-23 15:59:53"}
{"level":"info","message":"---------------------Route accessed: //user/5--------------------------","timestamp":"2024-04-23 15:59:53"}
{"level":"info","message":"----------userRollNo: 5---------------------","timestamp":"2024-04-23 15:59:53"}
{"level":"info","message":"-------------------Successfully Fetched the USer------------------------------------------","timestamp":"2024-04-23 15:59:53"}
{"level":"info","message":"---------------------Route accessed: //projects--------------------------","timestamp":"2024-04-23 15:59:57"}
{"level":"info","message":"---------------------Route accessed: //project/6/1--------------------------","timestamp":"2024-04-23 15:59:57"}
{"level":"info","message":"--------------ProjectId:6----------------------------------","timestamp":"2024-04-23 15:59:57"}
{"level":"info","message":"-------------------Project found Successfully----------------------------","timestamp":"2024-04-23 15:59:57"}
{"level":"info","message":"-------------------Projects fetched Successfully----------------------------","timestamp":"2024-04-23 15:59:57"}
{"level":"info","message":"---------------------Route accessed: //user/1--------------------------","timestamp":"2024-04-23 15:59:57"}
{"level":"info","message":"----------userRollNo: 1---------------------","timestamp":"2024-04-23 15:59:57"}
{"level":"info","message":"-------------------Successfully Fetched the USer------------------------------------------","timestamp":"2024-04-23 15:59:57"}
{"level":"info","message":"---------------------Route accessed: //project/like/6/1--------------------------","timestamp":"2024-04-23 16:00:00"}
{"level":"info","message":{"projectId":"6","userId":"1"},"timestamp":"2024-04-23 16:00:00"}
{"level":"error","message":"-----------------Error liking project: User has already liked the post.---------------------------","timestamp":"2024-04-23 16:00:00"}
{"level":"info","message":"---------------------Route accessed: //projects--------------------------","timestamp":"2024-04-23 16:00:03"}
{"level":"info","message":"---------------------Route accessed: //project/7/1--------------------------","timestamp":"2024-04-23 16:00:03"}
{"level":"info","message":"--------------ProjectId:7----------------------------------","timestamp":"2024-04-23 16:00:03"}
{"level":"info","message":"-------------------Project found Successfully----------------------------","timestamp":"2024-04-23 16:00:03"}
{"level":"info","message":"---------------------Route accessed: //user/1--------------------------","timestamp":"2024-04-23 16:00:03"}
{"level":"info","message":"----------userRollNo: 1---------------------","timestamp":"2024-04-23 16:00:03"}
{"level":"info","message":"-------------------Successfully Fetched the USer------------------------------------------","timestamp":"2024-04-23 16:00:03"}
{"level":"info","message":"-------------------Projects fetched Successfully----------------------------","timestamp":"2024-04-23 16:00:03"}
{"level":"info","message":"---------------------Route accessed: //projects--------------------------","timestamp":"2024-04-23 16:00:14"}
{"level":"info","message":"---------------------Route accessed: //project/6/1--------------------------","timestamp":"2024-04-23 16:00:14"}
{"level":"info","message":"--------------ProjectId:6----------------------------------","timestamp":"2024-04-23 16:00:14"}
{"level":"info","message":"-------------------Project found Successfully----------------------------","timestamp":"2024-04-23 16:00:14"}
{"level":"info","message":"---------------------Route accessed: //user/1--------------------------","timestamp":"2024-04-23 16:00:14"}
{"level":"info","message":"----------userRollNo: 1---------------------","timestamp":"2024-04-23 16:00:14"}
{"level":"info","message":"-------------------Successfully Fetched the USer------------------------------------------","timestamp":"2024-04-23 16:00:14"}
{"level":"info","message":"-------------------Projects fetched Successfully----------------------------","timestamp":"2024-04-23 16:00:14"}
{"level":"info","message":"---------------------Route accessed: //project/like/6/1--------------------------","timestamp":"2024-04-23 16:00:16"}
{"level":"info","message":{"projectId":"6","userId":"1"},"timestamp":"2024-04-23 16:00:16"}
{"level":"error","message":"-----------------Error liking project: User has already liked the post.---------------------------","timestamp":"2024-04-23 16:00:16"}
{"level":"info","message":"---------------------Route accessed: //projects--------------------------","timestamp":"2024-04-23 16:00:17"}
{"level":"info","message":"-------------------Projects fetched Successfully----------------------------","timestamp":"2024-04-23 16:00:17"}
{"level":"info","message":"---------------------Route accessed: //projects/1--------------------------","timestamp":"2024-04-23 16:00:19"}
{"level":"info","message":"-------USerId: 1------------","timestamp":"2024-04-23 16:00:19"}
{"level":"info","message":"-------------------Projects Fetched Successfully----------------------------","timestamp":"2024-04-23 16:00:19"}
{"level":"info","message":"---------------------Route accessed: //projects--------------------------","timestamp":"2024-04-23 16:01:19"}
{"level":"info","message":"-------------------Projects fetched Successfully----------------------------","timestamp":"2024-04-23 16:01:19"}
{"level":"info","message":"---------------------Route accessed: //project/6/1--------------------------","timestamp":"2024-04-23 16:01:23"}
{"level":"info","message":"--------------ProjectId:6----------------------------------","timestamp":"2024-04-23 16:01:23"}
{"level":"info","message":"-------------------Project found Successfully----------------------------","timestamp":"2024-04-23 16:01:23"}
{"level":"info","message":"---------------------Route accessed: //user/1--------------------------","timestamp":"2024-04-23 16:01:23"}
{"level":"info","message":"----------userRollNo: 1---------------------","timestamp":"2024-04-23 16:01:23"}
{"level":"info","message":"-------------------Successfully Fetched the USer------------------------------------------","timestamp":"2024-04-23 16:01:23"}
{"level":"info","message":"---------------------Route accessed: //project/4/1--------------------------","timestamp":"2024-04-23 16:01:39"}
{"level":"info","message":"--------------ProjectId:4----------------------------------","timestamp":"2024-04-23 16:01:39"}
{"level":"info","message":"-------------------Project found Successfully----------------------------","timestamp":"2024-04-23 16:01:39"}
{"level":"info","message":"---------------------Route accessed: //user/1--------------------------","timestamp":"2024-04-23 16:01:39"}
{"level":"info","message":"----------userRollNo: 1---------------------","timestamp":"2024-04-23 16:01:39"}
{"level":"info","message":"-------------------Successfully Fetched the USer------------------------------------------","timestamp":"2024-04-23 16:01:39"}
{"level":"info","message":"---------------------Route accessed: //project/11/1--------------------------","timestamp":"2024-04-23 16:01:41"}
{"level":"info","message":"--------------ProjectId:11----------------------------------","timestamp":"2024-04-23 16:01:41"}
{"level":"info","message":"-------------------Project found Successfully----------------------------","timestamp":"2024-04-23 16:01:41"}
{"level":"info","message":"---------------------Route accessed: //user/6--------------------------","timestamp":"2024-04-23 16:01:41"}
{"level":"info","message":"----------userRollNo: 6---------------------","timestamp":"2024-04-23 16:01:41"}
{"level":"info","message":"-------------------Successfully Fetched the USer------------------------------------------","timestamp":"2024-04-23 16:01:41"}
{"level":"info","message":"---------------------Route accessed: //project/10/1--------------------------","timestamp":"2024-04-23 16:02:03"}
{"level":"info","message":"--------------ProjectId:10----------------------------------","timestamp":"2024-04-23 16:02:03"}
{"level":"info","message":"-------------------Project found Successfully----------------------------","timestamp":"2024-04-23 16:02:03"}
{"level":"info","message":"---------------------Route accessed: //user/5--------------------------","timestamp":"2024-04-23 16:02:03"}
{"level":"info","message":"----------userRollNo: 5---------------------","timestamp":"2024-04-23 16:02:03"}
{"level":"info","message":"-------------------Successfully Fetched the USer------------------------------------------","timestamp":"2024-04-23 16:02:03"}
{"level":"info","message":"---------------------Route accessed: //projects--------------------------","timestamp":"2024-04-23 16:02:12"}
{"level":"info","message":"-------------------Projects fetched Successfully----------------------------","timestamp":"2024-04-23 16:02:12"}
{"level":"info","message":"---------------------Route accessed: //projects/1--------------------------","timestamp":"2024-04-23 16:02:14"}
{"level":"info","message":"-------USerId: 1------------","timestamp":"2024-04-23 16:02:14"}
{"level":"info","message":"-------------------Projects Fetched Successfully----------------------------","timestamp":"2024-04-23 16:02:14"}
{"level":"info","message":"---------------------Route accessed: //projects--------------------------","timestamp":"2024-04-23 16:02:17"}
{"level":"info","message":"-------------------Projects fetched Successfully----------------------------","timestamp":"2024-04-23 16:02:17"}
{"level":"info","message":"---------------------Route accessed: //projects/1--------------------------","timestamp":"2024-04-23 16:02:18"}
{"level":"info","message":"-------USerId: 1------------","timestamp":"2024-04-23 16:02:18"}
{"level":"info","message":"-------------------Projects Fetched Successfully----------------------------","timestamp":"2024-04-23 16:02:18"}
{"level":"info","message":"---------------------Route accessed: //login--------------------------","timestamp":"2024-04-23 16:04:15"}
{"level":"info","message":{"password":"1234","userEmail":"galla.sathvika123@gmail.com"},"timestamp":"2024-04-23 16:04:15"}
{"level":"info","message":"--------------------------Logged In Successfully---------------------------------","timestamp":"2024-04-23 16:04:15"}
{"level":"info","message":"---------------------Route accessed: //projects--------------------------","timestamp":"2024-04-23 16:04:15"}
{"level":"info","message":"-------------------Projects fetched Successfully----------------------------","timestamp":"2024-04-23 16:04:15"}
{"level":"info","message":"---------------------Route accessed: //projects/1--------------------------","timestamp":"2024-04-23 16:04:17"}
{"level":"info","message":"-------USerId: 1------------","timestamp":"2024-04-23 16:04:17"}
{"level":"info","message":"-------------------Projects Fetched Successfully----------------------------","timestamp":"2024-04-23 16:04:17"}
{"level":"info","message":"---------------------Route accessed: //projects/1--------------------------","timestamp":"2024-04-23 16:04:47"}
{"level":"info","message":"-------USerId: 1------------","timestamp":"2024-04-23 16:04:47"}
{"level":"info","message":"-------------------Projects Fetched Successfully----------------------------","timestamp":"2024-04-23 16:04:47"}
{"level":"info","message":"---------------------Route accessed: //projects/1--------------------------","timestamp":"2024-04-23 16:04:53"}
{"level":"info","message":"-------USerId: 1------------","timestamp":"2024-04-23 16:04:53"}
{"level":"info","message":"-------------------Projects Fetched Successfully----------------------------","timestamp":"2024-04-23 16:04:53"}
{"level":"info","message":"---------------------Route accessed: //projects--------------------------","timestamp":"2024-04-23 16:04:54"}
{"level":"info","message":"-------------------Projects fetched Successfully----------------------------","timestamp":"2024-04-23 16:04:54"}
{"level":"info","message":"---------------------Route accessed: //projects/1--------------------------","timestamp":"2024-04-23 16:04:55"}
{"level":"info","message":"-------USerId: 1------------","timestamp":"2024-04-23 16:04:55"}
{"level":"info","message":"-------------------Projects Fetched Successfully----------------------------","timestamp":"2024-04-23 16:04:55"}
{"level":"info","message":"---------------------Route accessed: //projects--------------------------","timestamp":"2024-04-23 16:04:56"}
{"level":"info","message":"-------------------Projects fetched Successfully----------------------------","timestamp":"2024-04-23 16:04:56"}
{"level":"info","message":"---------------------Route accessed: //projects--------------------------","timestamp":"2024-04-23 16:04:57"}
{"level":"info","message":"-------------------Projects fetched Successfully----------------------------","timestamp":"2024-04-23 16:04:57"}
{"level":"info","message":"---------------------Route accessed: //projects/1--------------------------","timestamp":"2024-04-23 16:05:01"}
{"level":"info","message":"-------USerId: 1------------","timestamp":"2024-04-23 16:05:01"}
{"level":"info","message":"-------------------Projects Fetched Successfully----------------------------","timestamp":"2024-04-23 16:05:01"}
{"level":"info","message":"---------------------Route accessed: //projects--------------------------","timestamp":"2024-04-23 16:05:02"}
{"level":"info","message":"-------------------Projects fetched Successfully----------------------------","timestamp":"2024-04-23 16:05:02"}
{"level":"info","message":"---------------------Route accessed: //projects/1--------------------------","timestamp":"2024-04-23 16:05:03"}
{"level":"info","message":"-------USerId: 1------------","timestamp":"2024-04-23 16:05:03"}
{"level":"info","message":"-------------------Projects Fetched Successfully----------------------------","timestamp":"2024-04-23 16:05:03"}
{"level":"info","message":"---------------------Route accessed: //projects/1--------------------------","timestamp":"2024-04-23 16:05:06"}
{"level":"info","message":"-------USerId: 1------------","timestamp":"2024-04-23 16:05:06"}
{"level":"info","message":"-------------------Projects Fetched Successfully----------------------------","timestamp":"2024-04-23 16:05:06"}
{"level":"info","message":"---------------------Route accessed: //project/4/1--------------------------","timestamp":"2024-04-23 16:05:11"}
{"level":"info","message":"--------------ProjectId:4----------------------------------","timestamp":"2024-04-23 16:05:11"}
{"level":"info","message":"-------------------Project found Successfully----------------------------","timestamp":"2024-04-23 16:05:11"}
{"level":"info","message":"---------------------Route accessed: //user/1--------------------------","timestamp":"2024-04-23 16:05:11"}
{"level":"info","message":"----------userRollNo: 1---------------------","timestamp":"2024-04-23 16:05:11"}
{"level":"info","message":"-------------------Successfully Fetched the USer------------------------------------------","timestamp":"2024-04-23 16:05:11"}
{"level":"info","message":"---------------------Route accessed: //projects/1--------------------------","timestamp":"2024-04-23 16:05:30"}
{"level":"info","message":"-------USerId: 1------------","timestamp":"2024-04-23 16:05:30"}
{"level":"info","message":"-------------------Projects Fetched Successfully----------------------------","timestamp":"2024-04-23 16:05:30"}
{"level":"info","message":"---------------------Route accessed: //projects/1--------------------------","timestamp":"2024-04-23 16:05:33"}
{"level":"info","message":"-------USerId: 1------------","timestamp":"2024-04-23 16:05:33"}
{"level":"info","message":"-------------------Projects Fetched Successfully----------------------------","timestamp":"2024-04-23 16:05:33"}
{"level":"info","message":"---------------------Route accessed: //projects--------------------------","timestamp":"2024-04-23 16:07:33"}
{"level":"info","message":"-------------------Projects fetched Successfully----------------------------","timestamp":"2024-04-23 16:07:33"}
{"level":"info","message":"---------------------Route accessed: //projects/1--------------------------","timestamp":"2024-04-23 16:07:37"}
{"level":"info","message":"-------USerId: 1------------","timestamp":"2024-04-23 16:07:37"}
{"level":"info","message":"-------------------Projects Fetched Successfully----------------------------","timestamp":"2024-04-23 16:07:37"}
{"level":"info","message":"---------------------Route accessed: //projects--------------------------","timestamp":"2024-04-23 16:07:38"}
{"level":"info","message":"-------------------Projects fetched Successfully----------------------------","timestamp":"2024-04-23 16:07:38"}
{"level":"info","message":"---------------------Route accessed: //projects--------------------------","timestamp":"2024-04-23 16:07:43"}
{"level":"info","message":"-------------------Projects fetched Successfully----------------------------","timestamp":"2024-04-23 16:07:43"}
{"level":"info","message":"---------------------Route accessed: //projects/1--------------------------","timestamp":"2024-04-23 16:07:50"}
{"level":"info","message":"-------USerId: 1------------","timestamp":"2024-04-23 16:07:50"}
{"level":"info","message":"-------------------Projects Fetched Successfully----------------------------","timestamp":"2024-04-23 16:07:50"}
{"level":"info","message":"---------------------Route accessed: //projects--------------------------","timestamp":"2024-04-23 16:07:52"}
{"level":"info","message":"-------------------Projects fetched Successfully----------------------------","timestamp":"2024-04-23 16:07:52"}
{"level":"info","message":"---------------------Route accessed: //projects--------------------------","timestamp":"2024-04-23 16:08:06"}
{"level":"info","message":"-------------------Projects fetched Successfully----------------------------","timestamp":"2024-04-23 16:08:06"}
{"level":"info","message":"---------------------Route accessed: //projects/1--------------------------","timestamp":"2024-04-23 16:08:15"}
{"level":"info","message":"-------USerId: 1------------","timestamp":"2024-04-23 16:08:15"}
{"level":"info","message":"-------------------Projects Fetched Successfully----------------------------","timestamp":"2024-04-23 16:08:15"}
{"level":"info","message":"---------------------Route accessed: //projects--------------------------","timestamp":"2024-04-23 16:08:19"}
{"level":"info","message":"-------------------Projects fetched Successfully----------------------------","timestamp":"2024-04-23 16:08:19"}
{"level":"info","message":"---------------------Route accessed: //projects/1--------------------------","timestamp":"2024-04-23 16:08:20"}
{"level":"info","message":"-------USerId: 1------------","timestamp":"2024-04-23 16:08:20"}
{"level":"info","message":"-------------------Projects Fetched Successfully----------------------------","timestamp":"2024-04-23 16:08:20"}
{"level":"info","message":"---------------------Route accessed: //projects--------------------------","timestamp":"2024-04-23 16:08:27"}
{"level":"info","message":"-------------------Projects fetched Successfully----------------------------","timestamp":"2024-04-23 16:08:27"}
{"level":"info","message":"---------------------Route accessed: //projects--------------------------","timestamp":"2024-04-23 16:10:17"}
{"level":"info","message":"-------------------Projects fetched Successfully----------------------------","timestamp":"2024-04-23 16:10:18"}
{"level":"info","message":"---------------------Route accessed: //login--------------------------","timestamp":"2024-04-23 16:10:52"}
{"level":"info","message":{"password":"1234","userEmail":"galla.sathvika123@gmail.com"},"timestamp":"2024-04-23 16:10:52"}
{"level":"info","message":"--------------------------Logged In Successfully---------------------------------","timestamp":"2024-04-23 16:10:52"}
{"level":"info","message":"---------------------Route accessed: //projects--------------------------","timestamp":"2024-04-23 16:10:52"}
{"level":"info","message":"-------------------Projects fetched Successfully----------------------------","timestamp":"2024-04-23 16:10:52"}
{"level":"info","message":"---------------------Route accessed: //project/7/1--------------------------","timestamp":"2024-04-23 16:10:54"}
{"level":"info","message":"--------------ProjectId:7----------------------------------","timestamp":"2024-04-23 16:10:54"}
{"level":"info","message":"-------------------Project found Successfully----------------------------","timestamp":"2024-04-23 16:10:54"}
{"level":"info","message":"---------------------Route accessed: //user/1--------------------------","timestamp":"2024-04-23 16:10:54"}
{"level":"info","message":"----------userRollNo: 1---------------------","timestamp":"2024-04-23 16:10:54"}
{"level":"info","message":"-------------------Successfully Fetched the USer------------------------------------------","timestamp":"2024-04-23 16:10:54"}
{"level":"info","message":"---------------------Route accessed: //projects/1--------------------------","timestamp":"2024-04-23 16:12:27"}
{"level":"info","message":"-------USerId: 1------------","timestamp":"2024-04-23 16:12:27"}
{"level":"info","message":"-------------------Projects Fetched Successfully----------------------------","timestamp":"2024-04-23 16:12:27"}
{"level":"info","message":"---------------------Route accessed: //file/upload--------------------------","timestamp":"2024-04-23 16:13:11"}
{"level":"info","message":"---------------------Route accessed: //file/upload--------------------------","timestamp":"2024-04-23 16:13:13"}
{"level":"info","message":"---------------------Route accessed: //project--------------------------","timestamp":"2024-04-23 16:13:13"}
{"level":"info","message":{"abstractUrl":"https://my-bucket-pg.s3.amazonaws.com/dummy%20%281%29%20%284%29.pdf","createdAt":null,"dateOfSubmission":"23-04-2024","projectAssetUrl":"https://my-bucket-pg.s3.amazonaws.com/sample-5s.mp4","projectDescription":"testing testingtestingtestingtesting testing testing","projectName":"testing","submittedBy":"sathvika","userId":"1"},"timestamp":"2024-04-23 16:13:13"}
{"level":"info","message":"-------------------Successfully Created the Project----------------------------","timestamp":"2024-04-23 16:13:13"}
{"level":"info","message":"---------------------Route accessed: //projects/1--------------------------","timestamp":"2024-04-23 16:13:20"}
{"level":"info","message":"-------USerId: 1------------","timestamp":"2024-04-23 16:13:20"}
{"level":"info","message":"-------------------Projects Fetched Successfully----------------------------","timestamp":"2024-04-23 16:13:20"}
{"level":"info","message":"---------------------Route accessed: //project/14/1--------------------------","timestamp":"2024-04-23 16:13:24"}
{"level":"info","message":"--------------ProjectId:14----------------------------------","timestamp":"2024-04-23 16:13:24"}
{"level":"info","message":"-------------------Project found Successfully----------------------------","timestamp":"2024-04-23 16:13:24"}
{"level":"info","message":"---------------------Route accessed: //user/1--------------------------","timestamp":"2024-04-23 16:13:24"}
{"level":"info","message":"----------userRollNo: 1---------------------","timestamp":"2024-04-23 16:13:24"}
{"level":"info","message":"-------------------Successfully Fetched the USer------------------------------------------","timestamp":"2024-04-23 16:13:24"}
{"level":"info","message":"---------------------Route accessed: //projects--------------------------","timestamp":"2024-04-23 16:13:43"}
{"level":"info","message":"-------------------Projects fetched Successfully----------------------------","timestamp":"2024-04-23 16:13:43"}
{"level":"info","message":"---------------------Route accessed: //login--------------------------","timestamp":"2024-04-23 16:14:16"}
{"level":"info","message":{"password":"1234","userEmail":"reviewer1expohub@gmail.com"},"timestamp":"2024-04-23 16:14:16"}
{"level":"info","message":"--------------------------Logged In Successfully---------------------------------","timestamp":"2024-04-23 16:14:16"}
{"level":"info","message":"---------------------Route accessed: //projects--------------------------","timestamp":"2024-04-23 16:14:16"}
{"level":"info","message":"-------------------Projects fetched Successfully----------------------------","timestamp":"2024-04-23 16:14:16"}
{"level":"info","message":"---------------------Route accessed: //projects--------------------------","timestamp":"2024-04-23 16:14:17"}
{"level":"info","message":"-------------------Projects fetched Successfully----------------------------","timestamp":"2024-04-23 16:14:17"}
{"level":"info","message":"---------------------Route accessed: //projects--------------------------","timestamp":"2024-04-23 16:14:17"}
{"level":"info","message":"-------------------Projects fetched Successfully----------------------------","timestamp":"2024-04-23 16:14:17"}
{"level":"info","message":"---------------------Route accessed: //project/12/2--------------------------","timestamp":"2024-04-23 16:14:22"}
{"level":"info","message":"--------------ProjectId:12----------------------------------","timestamp":"2024-04-23 16:14:22"}
{"level":"info","message":"-------------------Project found Successfully----------------------------","timestamp":"2024-04-23 16:14:22"}
{"level":"info","message":"---------------------Route accessed: //user/1--------------------------","timestamp":"2024-04-23 16:14:22"}
{"level":"info","message":"----------userRollNo: 1---------------------","timestamp":"2024-04-23 16:14:22"}
{"level":"info","message":"-------------------Successfully Fetched the USer------------------------------------------","timestamp":"2024-04-23 16:14:22"}
{"level":"info","message":"---------------------Route accessed: //project/14/2--------------------------","timestamp":"2024-04-23 16:14:26"}
{"level":"info","message":"--------------ProjectId:14----------------------------------","timestamp":"2024-04-23 16:14:26"}
{"level":"info","message":"-------------------Project found Successfully----------------------------","timestamp":"2024-04-23 16:14:26"}
{"level":"info","message":"---------------------Route accessed: //user/1--------------------------","timestamp":"2024-04-23 16:14:26"}
{"level":"info","message":"----------userRollNo: 1---------------------","timestamp":"2024-04-23 16:14:26"}
{"level":"info","message":"-------------------Successfully Fetched the USer------------------------------------------","timestamp":"2024-04-23 16:14:26"}
{"level":"info","message":"---------------------Route accessed: //project/14--------------------------","timestamp":"2024-04-23 16:14:51"}
{"level":"info","message":"-------ProjectId: 14------------","timestamp":"2024-04-23 16:14:51"}
{"level":"info","message":{"remark":"","status":"APPROVED"},"timestamp":"2024-04-23 16:14:51"}
{"level":"info","message":"-------------------Projects Status Updated Successfully----------------------------","timestamp":"2024-04-23 16:14:51"}
{"level":"info","message":"---------------------Route accessed: //projects--------------------------","timestamp":"2024-04-23 16:14:51"}
{"level":"info","message":"-------------------Projects fetched Successfully----------------------------","timestamp":"2024-04-23 16:14:51"}
{"level":"info","message":"---------------------Route accessed: //projects--------------------------","timestamp":"2024-04-23 16:14:51"}
{"level":"info","message":"-------------------Projects fetched Successfully----------------------------","timestamp":"2024-04-23 16:14:51"}
{"level":"info","message":"---------------------Route accessed: //projects--------------------------","timestamp":"2024-04-23 16:14:54"}
{"level":"info","message":"-------------------Projects fetched Successfully----------------------------","timestamp":"2024-04-23 16:14:54"}
{"level":"info","message":"---------------------Route accessed: //project/14/2--------------------------","timestamp":"2024-04-23 16:15:00"}
{"level":"info","message":"--------------ProjectId:14----------------------------------","timestamp":"2024-04-23 16:15:00"}
{"level":"info","message":"-------------------Project found Successfully----------------------------","timestamp":"2024-04-23 16:15:00"}
{"level":"info","message":"---------------------Route accessed: //user/1--------------------------","timestamp":"2024-04-23 16:15:00"}
{"level":"info","message":"----------userRollNo: 1---------------------","timestamp":"2024-04-23 16:15:00"}
{"level":"info","message":"-------------------Successfully Fetched the USer------------------------------------------","timestamp":"2024-04-23 16:15:00"}
{"level":"info","message":"---------------------Route accessed: //project/rate/14/2/4--------------------------","timestamp":"2024-04-23 16:15:07"}
{"level":"info","message":{"projectId":"14","rating":"4","userId":"2"},"timestamp":"2024-04-23 16:15:07"}
{"level":"info","message":"-------------------Projects Liked Successfully----------------------------","timestamp":"2024-04-23 16:15:08"}
{"level":"info","message":"---------------------Route accessed: //projects--------------------------","timestamp":"2024-04-23 16:15:08"}
{"level":"info","message":"-------------------Projects fetched Successfully----------------------------","timestamp":"2024-04-23 16:15:08"}
{"level":"info","message":"---------------------Route accessed: //project/like/14/2--------------------------","timestamp":"2024-04-23 16:15:11"}
{"level":"info","message":{"projectId":"14","userId":"2"},"timestamp":"2024-04-23 16:15:11"}
{"level":"info","message":"-------------------Projects Liked Successfully----------------------------","timestamp":"2024-04-23 16:15:11"}
{"level":"info","message":"---------------------Route accessed: //projects--------------------------","timestamp":"2024-04-23 16:15:24"}
{"level":"info","message":"-------------------Projects fetched Successfully----------------------------","timestamp":"2024-04-23 16:15:24"}
{"level":"info","message":"---------------------Route accessed: //project/14/2--------------------------","timestamp":"2024-04-23 16:15:29"}
{"level":"info","message":"--------------ProjectId:14----------------------------------","timestamp":"2024-04-23 16:15:29"}
{"level":"info","message":"-------------------Project found Successfully----------------------------","timestamp":"2024-04-23 16:15:29"}
{"level":"info","message":"---------------------Route accessed: //user/1--------------------------","timestamp":"2024-04-23 16:15:29"}
{"level":"info","message":"----------userRollNo: 1---------------------","timestamp":"2024-04-23 16:15:29"}
{"level":"info","message":"-------------------Successfully Fetched the USer------------------------------------------","timestamp":"2024-04-23 16:15:29"}
{"level":"info","message":"---------------------Route accessed: //project/14/2--------------------------","timestamp":"2024-04-23 16:15:30"}
{"level":"info","message":"--------------ProjectId:14----------------------------------","timestamp":"2024-04-23 16:15:30"}
{"level":"info","message":"-------------------Project found Successfully----------------------------","timestamp":"2024-04-23 16:15:30"}
{"level":"info","message":"---------------------Route accessed: //project/comment/14--------------------------","timestamp":"2024-04-23 16:15:34"}
{"level":"info","message":"-------------------Comment Addded Successfully----------------------------","timestamp":"2024-04-23 16:15:34"}
{"level":"info","message":"---------------------Route accessed: //projects--------------------------","timestamp":"2024-04-23 16:15:47"}
{"level":"info","message":"-------------------Projects fetched Successfully----------------------------","timestamp":"2024-04-23 16:15:47"}
{"level":"info","message":"---------------------Route accessed: //project/6/0--------------------------","timestamp":"2024-04-23 16:15:56"}
{"level":"info","message":"--------------ProjectId:6----------------------------------","timestamp":"2024-04-23 16:15:56"}
{"level":"info","message":"-------------------Project found Successfully----------------------------","timestamp":"2024-04-23 16:15:56"}
{"level":"info","message":"---------------------Route accessed: //user/1--------------------------","timestamp":"2024-04-23 16:15:56"}
{"level":"info","message":"----------userRollNo: 1---------------------","timestamp":"2024-04-23 16:15:56"}
{"level":"info","message":"-------------------Successfully Fetched the USer------------------------------------------","timestamp":"2024-04-23 16:15:56"}
{"level":"info","message":"---------------------Route accessed: //projects/1--------------------------","timestamp":"2024-04-23 16:16:42"}
{"level":"info","message":"-------USerId: 1------------","timestamp":"2024-04-23 16:16:42"}
{"level":"info","message":"-------------------Projects Fetched Successfully----------------------------","timestamp":"2024-04-23 16:16:42"}
{"level":"info","message":"---------------------Route accessed: //login--------------------------","timestamp":"2024-04-23 16:17:50"}
{"level":"info","message":{"password":"1234","userEmail":"galla.sathvika123@gmail.com"},"timestamp":"2024-04-23 16:17:50"}
{"level":"info","message":"--------------------------Logged In Successfully---------------------------------","timestamp":"2024-04-23 16:17:50"}
{"level":"info","message":"---------------------Route accessed: //projects--------------------------","timestamp":"2024-04-23 16:17:50"}
{"level":"info","message":"-------------------Projects fetched Successfully----------------------------","timestamp":"2024-04-23 16:17:51"}
{"level":"info","message":"---------------------Route accessed: //projects/1--------------------------","timestamp":"2024-04-23 16:17:52"}
{"level":"info","message":"-------USerId: 1------------","timestamp":"2024-04-23 16:17:52"}
{"level":"info","message":"-------------------Projects Fetched Successfully----------------------------","timestamp":"2024-04-23 16:17:52"}
{"level":"info","message":"---------------------Route accessed: //projects--------------------------","timestamp":"2024-04-23 18:18:40"}
{"level":"info","message":"-------------------Projects fetched Successfully----------------------------","timestamp":"2024-04-23 18:18:40"}
{"level":"info","message":"---------------------Route accessed: //login--------------------------","timestamp":"2024-04-23 18:18:47"}
{"level":"info","message":{"password":"1234","userEmail":"galla.sathvika123@gmail.com"},"timestamp":"2024-04-23 18:18:47"}
{"level":"info","message":"--------------------------Logged In Successfully---------------------------------","timestamp":"2024-04-23 18:18:47"}
{"level":"info","message":"---------------------Route accessed: //projects--------------------------","timestamp":"2024-04-23 18:18:47"}
{"level":"info","message":"-------------------Projects fetched Successfully----------------------------","timestamp":"2024-04-23 18:18:47"}
{"level":"info","message":"---------------------Route accessed: //projects--------------------------","timestamp":"2024-04-23 18:18:47"}
{"level":"info","message":"---------------------Route accessed: //projects--------------------------","timestamp":"2024-04-23 18:18:47"}
{"level":"info","message":"-------------------Projects fetched Successfully----------------------------","timestamp":"2024-04-23 18:18:47"}
{"level":"info","message":"-------------------Projects fetched Successfully----------------------------","timestamp":"2024-04-23 18:18:47"}
{"level":"info","message":"---------------------Route accessed: //projects/1--------------------------","timestamp":"2024-04-23 18:19:16"}
{"level":"info","message":"-------USerId: 1------------","timestamp":"2024-04-23 18:19:16"}
{"level":"info","message":"-------------------Projects Fetched Successfully----------------------------","timestamp":"2024-04-23 18:19:16"}
{"level":"info","message":"---------------------Route accessed: //projects/1--------------------------","timestamp":"2024-04-23 18:19:43"}
{"level":"info","message":"-------USerId: 1------------","timestamp":"2024-04-23 18:19:43"}
{"level":"info","message":"-------------------Projects Fetched Successfully----------------------------","timestamp":"2024-04-23 18:19:43"}
{"level":"info","message":"---------------------Route accessed: //project/like/4/1--------------------------","timestamp":"2024-04-23 18:20:07"}
{"level":"info","message":{"projectId":"4","userId":"1"},"timestamp":"2024-04-23 18:20:07"}
{"level":"error","message":"-----------------Error liking project: User has already liked the post.---------------------------","timestamp":"2024-04-23 18:20:07"}
{"level":"info","message":"---------------------Route accessed: //project/like/4/1--------------------------","timestamp":"2024-04-23 18:20:08"}
{"level":"info","message":{"projectId":"4","userId":"1"},"timestamp":"2024-04-23 18:20:08"}
{"level":"error","message":"-----------------Error liking project: User has already liked the post.---------------------------","timestamp":"2024-04-23 18:20:08"}
{"level":"info","message":"---------------------Route accessed: //project/like/6/1--------------------------","timestamp":"2024-04-23 18:20:09"}
{"level":"info","message":{"projectId":"6","userId":"1"},"timestamp":"2024-04-23 18:20:09"}
{"level":"error","message":"-----------------Error liking project: User has already liked the post.---------------------------","timestamp":"2024-04-23 18:20:09"}
{"level":"info","message":"---------------------Route accessed: //project/like/14/1--------------------------","timestamp":"2024-04-23 18:20:10"}
{"level":"info","message":{"projectId":"14","userId":"1"},"timestamp":"2024-04-23 18:20:10"}
{"level":"info","message":"-------------------Projects Liked Successfully----------------------------","timestamp":"2024-04-23 18:20:10"}
{"level":"info","message":"---------------------Route accessed: //project/like/12/1--------------------------","timestamp":"2024-04-23 18:20:11"}
{"level":"info","message":{"projectId":"12","userId":"1"},"timestamp":"2024-04-23 18:20:11"}
{"level":"error","message":"-----------------Error liking project: User has already liked the post.---------------------------","timestamp":"2024-04-23 18:20:11"}
{"level":"info","message":"---------------------Route accessed: //login--------------------------","timestamp":"2024-04-23 18:20:49"}
{"level":"info","message":{"password":"1234","userEmail":"galla.sathvika123@gmail.com"},"timestamp":"2024-04-23 18:20:49"}
{"level":"info","message":"--------------------------Logged In Successfully---------------------------------","timestamp":"2024-04-23 18:20:50"}
{"level":"info","message":"---------------------Route accessed: //projects--------------------------","timestamp":"2024-04-23 18:20:50"}
{"level":"info","message":"---------------------Route accessed: //projects--------------------------","timestamp":"2024-04-23 18:20:50"}
{"level":"info","message":"---------------------Route accessed: //projects--------------------------","timestamp":"2024-04-23 18:20:50"}
{"level":"info","message":"-------------------Projects fetched Successfully----------------------------","timestamp":"2024-04-23 18:20:50"}
{"level":"info","message":"-------------------Projects fetched Successfully----------------------------","timestamp":"2024-04-23 18:20:50"}
{"level":"info","message":"-------------------Projects fetched Successfully----------------------------","timestamp":"2024-04-23 18:20:50"}
{"level":"info","message":"---------------------Route accessed: //login--------------------------","timestamp":"2024-04-23 18:21:36"}
{"level":"info","message":{"password":"1234","userEmail":"vishnupriyakunapareedy@gmail.com"},"timestamp":"2024-04-23 18:21:36"}
{"level":"info","message":"--------------------------Logged In Successfully---------------------------------","timestamp":"2024-04-23 18:21:36"}
{"level":"info","message":"---------------------Route accessed: //projects--------------------------","timestamp":"2024-04-23 18:21:37"}
{"level":"info","message":"---------------------Route accessed: //projects--------------------------","timestamp":"2024-04-23 18:21:37"}
{"level":"info","message":"---------------------Route accessed: //projects--------------------------","timestamp":"2024-04-23 18:21:37"}
{"level":"info","message":"-------------------Projects fetched Successfully----------------------------","timestamp":"2024-04-23 18:21:37"}
{"level":"info","message":"-------------------Projects fetched Successfully----------------------------","timestamp":"2024-04-23 18:21:37"}
{"level":"info","message":"-------------------Projects fetched Successfully----------------------------","timestamp":"2024-04-23 18:21:37"}
{"level":"info","message":"---------------------Route accessed: //projects/4--------------------------","timestamp":"2024-04-23 18:21:48"}
{"level":"info","message":"-------USerId: 4------------","timestamp":"2024-04-23 18:21:48"}
{"level":"info","message":"-------------------Projects Fetched Successfully----------------------------","timestamp":"2024-04-23 18:21:48"}
{"level":"info","message":"---------------------Route accessed: //project/7/NaN--------------------------","timestamp":"2024-04-23 18:22:54"}
{"level":"info","message":"--------------ProjectId:7----------------------------------","timestamp":"2024-04-23 18:22:54"}
{"level":"info","message":"---------------------Route accessed: //projects--------------------------","timestamp":"2024-04-23 18:22:54"}
{"level":"error","message":"-----------------Error fetching given project, message: invalid input syntax for type integer: \"NaN\"-------------------","timestamp":"2024-04-23 18:22:54"}
{"level":"info","message":"-------------------Projects fetched Successfully----------------------------","timestamp":"2024-04-23 18:22:54"}
{"level":"info","message":"---------------------Route accessed: //project/like/7/sg1744--------------------------","timestamp":"2024-04-23 18:23:02"}
{"level":"info","message":{"projectId":"7","userId":"sg1744"},"timestamp":"2024-04-23 18:23:02"}
{"level":"error","message":"-----------------Error liking project: invalid input syntax for type integer: \"sg1744\"---------------------------","timestamp":"2024-04-23 18:23:02"}
{"level":"info","message":"---------------------Route accessed: //projects--------------------------","timestamp":"2024-04-23 18:23:03"}
{"level":"info","message":"-------------------Projects fetched Successfully----------------------------","timestamp":"2024-04-23 18:23:03"}
{"level":"info","message":"---------------------Route accessed: //project/7/NaN--------------------------","timestamp":"2024-04-23 18:23:05"}
{"level":"info","message":"--------------ProjectId:7----------------------------------","timestamp":"2024-04-23 18:23:05"}
{"level":"error","message":"-----------------Error fetching given project, message: invalid input syntax for type integer: \"NaN\"-------------------","timestamp":"2024-04-23 18:23:05"}
{"level":"info","message":"---------------------Route accessed: //projects--------------------------","timestamp":"2024-04-23 18:23:10"}
{"level":"info","message":"-------------------Projects fetched Successfully----------------------------","timestamp":"2024-04-23 18:23:11"}
{"level":"info","message":"---------------------Route accessed: //projects--------------------------","timestamp":"2024-04-23 18:23:11"}
{"level":"info","message":"-------------------Projects fetched Successfully----------------------------","timestamp":"2024-04-23 18:23:11"}
{"level":"info","message":"---------------------Route accessed: //project/4/NaN--------------------------","timestamp":"2024-04-23 18:23:13"}
{"level":"info","message":"--------------ProjectId:4----------------------------------","timestamp":"2024-04-23 18:23:13"}
{"level":"error","message":"-----------------Error fetching given project, message: invalid input syntax for type integer: \"NaN\"-------------------","timestamp":"2024-04-23 18:23:13"}
{"level":"info","message":"---------------------Route accessed: //login--------------------------","timestamp":"2024-04-23 18:23:35"}
{"level":"info","message":{"password":"1234","userEmail":"galla.sathvika123@gmail.com"},"timestamp":"2024-04-23 18:23:35"}
{"level":"info","message":"--------------------------Logged In Successfully---------------------------------","timestamp":"2024-04-23 18:23:35"}
{"level":"info","message":"---------------------Route accessed: //projects--------------------------","timestamp":"2024-04-23 18:23:35"}
{"level":"info","message":"-------------------Projects fetched Successfully----------------------------","timestamp":"2024-04-23 18:23:35"}
{"level":"info","message":"---------------------Route accessed: //project/6/1--------------------------","timestamp":"2024-04-23 18:23:36"}
{"level":"info","message":"--------------ProjectId:6----------------------------------","timestamp":"2024-04-23 18:23:36"}
{"level":"info","message":"-------------------Project found Successfully----------------------------","timestamp":"2024-04-23 18:23:36"}
{"level":"info","message":"---------------------Route accessed: //user/1--------------------------","timestamp":"2024-04-23 18:23:36"}
{"level":"info","message":"----------userRollNo: 1---------------------","timestamp":"2024-04-23 18:23:36"}
{"level":"info","message":"-------------------Successfully Fetched the USer------------------------------------------","timestamp":"2024-04-23 18:23:36"}
{"level":"info","message":"---------------------Route accessed: //projects/1--------------------------","timestamp":"2024-04-23 18:23:45"}
{"level":"info","message":"-------USerId: 1------------","timestamp":"2024-04-23 18:23:45"}
{"level":"info","message":"-------------------Projects Fetched Successfully----------------------------","timestamp":"2024-04-23 18:23:45"}
{"level":"info","message":"---------------------Route accessed: //project/4/1--------------------------","timestamp":"2024-04-23 18:23:47"}
{"level":"info","message":"--------------ProjectId:4----------------------------------","timestamp":"2024-04-23 18:23:47"}
{"level":"info","message":"-------------------Project found Successfully----------------------------","timestamp":"2024-04-23 18:23:47"}
{"level":"info","message":"---------------------Route accessed: //user/1--------------------------","timestamp":"2024-04-23 18:23:47"}
{"level":"info","message":"----------userRollNo: 1---------------------","timestamp":"2024-04-23 18:23:47"}
{"level":"info","message":"-------------------Successfully Fetched the USer------------------------------------------","timestamp":"2024-04-23 18:23:47"}
{"level":"info","message":"---------------------Route accessed: //projects--------------------------","timestamp":"2024-04-23 18:23:49"}
{"level":"info","message":"-------------------Projects fetched Successfully----------------------------","timestamp":"2024-04-23 18:23:49"}
{"level":"info","message":"---------------------Route accessed: //projects--------------------------","timestamp":"2024-04-23 18:23:50"}
{"level":"info","message":"-------------------Projects fetched Successfully----------------------------","timestamp":"2024-04-23 18:23:50"}
{"level":"info","message":"---------------------Route accessed: //projects--------------------------","timestamp":"2024-04-23 18:23:54"}
{"level":"info","message":"-------------------Projects fetched Successfully----------------------------","timestamp":"2024-04-23 18:23:54"}
{"level":"info","message":"---------------------Route accessed: //project/6/0--------------------------","timestamp":"2024-04-23 18:23:56"}
{"level":"info","message":"--------------ProjectId:6----------------------------------","timestamp":"2024-04-23 18:23:56"}
{"level":"info","message":"-------------------Project found Successfully----------------------------","timestamp":"2024-04-23 18:23:56"}
{"level":"info","message":"---------------------Route accessed: //user/1--------------------------","timestamp":"2024-04-23 18:23:56"}
{"level":"info","message":"----------userRollNo: 1---------------------","timestamp":"2024-04-23 18:23:56"}
{"level":"info","message":"-------------------Successfully Fetched the USer------------------------------------------","timestamp":"2024-04-23 18:23:56"}
{"level":"info","message":"---------------------Route accessed: //projects--------------------------","timestamp":"2024-04-23 18:24:11"}
{"level":"info","message":"-------------------Projects fetched Successfully----------------------------","timestamp":"2024-04-23 18:24:11"}
{"level":"info","message":"---------------------Route accessed: //project/7/0--------------------------","timestamp":"2024-04-23 18:24:14"}
{"level":"info","message":"--------------ProjectId:7----------------------------------","timestamp":"2024-04-23 18:24:14"}
{"level":"info","message":"-------------------Project found Successfully----------------------------","timestamp":"2024-04-23 18:24:14"}
{"level":"info","message":"---------------------Route accessed: //user/1--------------------------","timestamp":"2024-04-23 18:24:14"}
{"level":"info","message":"----------userRollNo: 1---------------------","timestamp":"2024-04-23 18:24:14"}
{"level":"info","message":"-------------------Successfully Fetched the USer------------------------------------------","timestamp":"2024-04-23 18:24:14"}
{"level":"info","message":"---------------------Route accessed: //login--------------------------","timestamp":"2024-04-23 18:30:18"}
{"level":"info","message":{"password":"1234","userEmail":"galla.sathvika123@gmail.com"},"timestamp":"2024-04-23 18:30:18"}
{"level":"info","message":"--------------------------Logged In Successfully---------------------------------","timestamp":"2024-04-23 18:30:18"}
{"level":"info","message":"---------------------Route accessed: //projects--------------------------","timestamp":"2024-04-23 18:30:18"}
{"level":"info","message":"---------------------Route accessed: //projects--------------------------","timestamp":"2024-04-23 18:30:18"}
{"level":"info","message":"---------------------Route accessed: //projects--------------------------","timestamp":"2024-04-23 18:30:18"}
{"level":"info","message":"-------------------Projects fetched Successfully----------------------------","timestamp":"2024-04-23 18:30:18"}
{"level":"info","message":"-------------------Projects fetched Successfully----------------------------","timestamp":"2024-04-23 18:30:18"}
{"level":"info","message":"-------------------Projects fetched Successfully----------------------------","timestamp":"2024-04-23 18:30:18"}
{"level":"info","message":"---------------------Route accessed: //login--------------------------","timestamp":"2024-04-23 18:31:17"}
{"level":"info","message":{"password":"1234","userEmail":"galla.sathvika123@gmail.com"},"timestamp":"2024-04-23 18:31:17"}
{"level":"info","message":"--------------------------Logged In Successfully---------------------------------","timestamp":"2024-04-23 18:31:17"}
{"level":"info","message":"---------------------Route accessed: //projects--------------------------","timestamp":"2024-04-23 18:31:17"}
{"level":"info","message":"---------------------Route accessed: //projects--------------------------","timestamp":"2024-04-23 18:31:17"}
{"level":"info","message":"---------------------Route accessed: //projects--------------------------","timestamp":"2024-04-23 18:31:17"}
{"level":"info","message":"-------------------Projects fetched Successfully----------------------------","timestamp":"2024-04-23 18:31:17"}
{"level":"info","message":"-------------------Projects fetched Successfully----------------------------","timestamp":"2024-04-23 18:31:17"}
{"level":"info","message":"-------------------Projects fetched Successfully----------------------------","timestamp":"2024-04-23 18:31:17"}
{"level":"info","message":"---------------------Route accessed: //login--------------------------","timestamp":"2024-04-23 18:32:11"}
{"level":"info","message":{"password":"1234","userEmail":"galla.sathvika123@gmail.com"},"timestamp":"2024-04-23 18:32:11"}
{"level":"info","message":"--------------------------Logged In Successfully---------------------------------","timestamp":"2024-04-23 18:32:11"}
{"level":"info","message":"---------------------Route accessed: //projects--------------------------","timestamp":"2024-04-23 18:32:12"}
{"level":"info","message":"---------------------Route accessed: //projects--------------------------","timestamp":"2024-04-23 18:32:12"}
{"level":"info","message":"---------------------Route accessed: //projects--------------------------","timestamp":"2024-04-23 18:32:12"}
{"level":"info","message":"-------------------Projects fetched Successfully----------------------------","timestamp":"2024-04-23 18:32:12"}
{"level":"info","message":"-------------------Projects fetched Successfully----------------------------","timestamp":"2024-04-23 18:32:12"}
{"level":"info","message":"-------------------Projects fetched Successfully----------------------------","timestamp":"2024-04-23 18:32:12"}
{"level":"info","message":"---------------------Route accessed: //projects/1--------------------------","timestamp":"2024-04-23 18:32:13"}
{"level":"info","message":"-------USerId: 1------------","timestamp":"2024-04-23 18:32:13"}
{"level":"info","message":"-------------------Projects Fetched Successfully----------------------------","timestamp":"2024-04-23 18:32:13"}
{"level":"info","message":"---------------------Route accessed: //user--------------------------","timestamp":"2024-04-23 22:07:54"}
{"level":"info","message":{"confirmPassword":"1234","email":"galla.sathvika123@gmail.com","firstname":"sathvika","lastname":"galla","name":"sg","password":"1234","role":"student","rollNo":"sg1744"},"timestamp":"2024-04-23 22:07:54"}
{"level":"info","message":"---------------------New User Created Successfully---------------------------------------","timestamp":"2024-04-23 22:07:54"}
{"level":"info","message":"---------------------Route accessed: //projects--------------------------","timestamp":"2024-04-23 22:07:54"}
{"level":"info","message":"-------------------Projects fetched Successfully----------------------------","timestamp":"2024-04-23 22:07:54"}
{"level":"info","message":"---------------------Route accessed: //login--------------------------","timestamp":"2024-04-23 22:08:09"}
{"level":"info","message":{"password":"1234","userEmail":"galla.sathvika123@gmail.com"},"timestamp":"2024-04-23 22:08:09"}
{"level":"info","message":"--------------------------Logged In Successfully---------------------------------","timestamp":"2024-04-23 22:08:09"}
{"level":"info","message":"---------------------Route accessed: //projects--------------------------","timestamp":"2024-04-23 22:08:09"}
{"level":"info","message":"-------------------Projects fetched Successfully----------------------------","timestamp":"2024-04-23 22:08:09"}
{"level":"info","message":"---------------------Route accessed: //projects--------------------------","timestamp":"2024-04-23 22:08:12"}
{"level":"info","message":"-------------------Projects fetched Successfully----------------------------","timestamp":"2024-04-23 22:08:12"}
{"level":"info","message":"---------------------Route accessed: //projects--------------------------","timestamp":"2024-04-23 22:08:13"}
{"level":"info","message":"-------------------Projects fetched Successfully----------------------------","timestamp":"2024-04-23 22:08:13"}
{"level":"info","message":"---------------------Route accessed: //projects/1--------------------------","timestamp":"2024-04-23 22:08:14"}
{"level":"info","message":"-------USerId: 1------------","timestamp":"2024-04-23 22:08:14"}
{"level":"info","message":"-------------------Projects Fetched Successfully----------------------------","timestamp":"2024-04-23 22:08:14"}
{"level":"info","message":"---------------------Route accessed: //file/upload--------------------------","timestamp":"2024-04-23 22:08:41"}
{"level":"info","message":"---------------------Route accessed: //file/upload--------------------------","timestamp":"2024-04-23 22:08:45"}
{"level":"info","message":"---------------------Route accessed: //project--------------------------","timestamp":"2024-04-23 22:08:45"}
{"level":"info","message":{"abstractUrl":"https://my-bucket-pg.s3.amazonaws.com/dummy%20%281%29%20%283%29.pdf","createdAt":null,"dateOfSubmission":"23-04-2024","projectAssetUrl":"https://my-bucket-pg.s3.amazonaws.com/sample-5s.mp4","projectDescription":"sample sample sample","projectName":"sample","submittedBy":"sg","userId":"1"},"timestamp":"2024-04-23 22:08:45"}
{"level":"info","message":"-------------------Successfully Created the Project----------------------------","timestamp":"2024-04-23 22:08:45"}
{"level":"info","message":"---------------------Route accessed: //projects/1--------------------------","timestamp":"2024-04-23 22:08:49"}
{"level":"info","message":"-------USerId: 1------------","timestamp":"2024-04-23 22:08:49"}
{"level":"info","message":"-------------------Projects Fetched Successfully----------------------------","timestamp":"2024-04-23 22:08:49"}
{"level":"info","message":"---------------------Route accessed: //project/1/1--------------------------","timestamp":"2024-04-23 22:08:51"}
{"level":"info","message":"--------------ProjectId:1----------------------------------","timestamp":"2024-04-23 22:08:51"}
{"level":"info","message":"-------------------Project found Successfully----------------------------","timestamp":"2024-04-23 22:08:51"}
{"level":"info","message":"---------------------Route accessed: //user/1--------------------------","timestamp":"2024-04-23 22:08:51"}
{"level":"info","message":"----------userRollNo: 1---------------------","timestamp":"2024-04-23 22:08:51"}
{"level":"info","message":"-------------------Successfully Fetched the USer------------------------------------------","timestamp":"2024-04-23 22:08:51"}
{"level":"info","message":"---------------------Route accessed: //projects--------------------------","timestamp":"2024-04-23 22:09:06"}
{"level":"info","message":"-------------------Projects fetched Successfully----------------------------","timestamp":"2024-04-23 22:09:06"}
