{"level":"info","message":"---------------------Route accessed: //projects--------------------------","timestamp":"2024-04-07 15:32:32"}
{"level":"error","message":"-----------------Error fetching projects, message: -------------------","timestamp":"2024-04-07 15:32:32"}
{"level":"info","message":"---------------------Route accessed: //user--------------------------","timestamp":"2024-04-07 16:37:58"}
{"level":"info","message":{"confirmPassword":"123456","email":"dheeraj@yopmail.com","name":"dheeraj","password":"123456","role":"student","rollNo":"12547"},"timestamp":"2024-04-07 16:37:58"}
{"level":"info","message":"---------------------New User Created Successfully---------------------------------------","timestamp":"2024-04-07 16:37:58"}
{"level":"info","message":"---------------------Route accessed: //projects--------------------------","timestamp":"2024-04-07 16:37:59"}
{"level":"info","message":"-------------------Projects fetched Successfully----------------------------","timestamp":"2024-04-07 16:37:59"}
{"level":"info","message":"---------------------Route accessed: //login--------------------------","timestamp":"2024-04-07 16:38:21"}
{"level":"info","message":{"password":"123456","userEmail":"dheeraj@yopmail.com"},"timestamp":"2024-04-07 16:38:21"}
{"level":"info","message":"--------------------------Logged In Successfully---------------------------------","timestamp":"2024-04-07 16:38:21"}
{"level":"info","message":"---------------------Route accessed: //projects--------------------------","timestamp":"2024-04-07 16:38:21"}
{"level":"info","message":"-------------------Projects fetched Successfully----------------------------","timestamp":"2024-04-07 16:38:21"}
{"level":"info","message":"---------------------Route accessed: //projects/1--------------------------","timestamp":"2024-04-07 16:38:24"}
{"level":"info","message":"-------USerId: 1------------","timestamp":"2024-04-07 16:38:24"}
{"level":"info","message":"-------------------Projects Fetched Successfully----------------------------","timestamp":"2024-04-07 16:38:24"}
{"level":"info","message":"---------------------Route accessed: //user--------------------------","timestamp":"2024-04-07 16:40:10"}
{"level":"info","message":{"confirmPassword":"123456","email":"admin@yopmail.com","name":"admin","password":"123456","role":"admin","rollNo":"884544"},"timestamp":"2024-04-07 16:40:10"}
{"level":"info","message":"---------------------New User Created Successfully---------------------------------------","timestamp":"2024-04-07 16:40:10"}
{"level":"info","message":"---------------------Route accessed: //projects--------------------------","timestamp":"2024-04-07 16:40:10"}
{"level":"info","message":"-------------------Projects fetched Successfully----------------------------","timestamp":"2024-04-07 16:40:10"}
{"level":"info","message":"---------------------Route accessed: //login--------------------------","timestamp":"2024-04-07 16:40:29"}
{"level":"info","message":{"password":"123456","userEmail":"admin@yopmail.com"},"timestamp":"2024-04-07 16:40:29"}
{"level":"info","message":"--------------------------Logged In Successfully---------------------------------","timestamp":"2024-04-07 16:40:29"}
{"level":"info","message":"---------------------Route accessed: //projects--------------------------","timestamp":"2024-04-07 16:40:29"}
{"level":"info","message":"-------------------Projects fetched Successfully----------------------------","timestamp":"2024-04-07 16:40:29"}
{"level":"info","message":"---------------------Route accessed: //projects--------------------------","timestamp":"2024-04-07 16:40:32"}
{"level":"info","message":"-------------------Projects fetched Successfully----------------------------","timestamp":"2024-04-07 16:40:32"}
{"level":"info","message":"---------------------Route accessed: //reviewers/--------------------------","timestamp":"2024-04-07 16:40:35"}
{"level":"info","message":"---------Empty Body-----------------","timestamp":"2024-04-07 16:40:35"}
{"level":"info","message":"-------------------Successfully Fetched the Reviewers------------------------------------------","timestamp":"2024-04-07 16:40:35"}
{"level":"info","message":"---------------------Route accessed: //projects--------------------------","timestamp":"2024-04-07 16:41:03"}
{"level":"info","message":"-------------------Projects fetched Successfully----------------------------","timestamp":"2024-04-07 16:41:03"}
{"level":"info","message":"---------------------Route accessed: //user--------------------------","timestamp":"2024-04-07 16:41:35"}
{"level":"info","message":{"confirmPassword":"123456","email":"reviwier@yopmail.com","name":"reviwier","password":"123456","role":"reviewer","rollNo":"45455"},"timestamp":"2024-04-07 16:41:35"}
{"level":"info","message":"---------------------New User Created Successfully---------------------------------------","timestamp":"2024-04-07 16:41:35"}
{"level":"info","message":"---------------------Route accessed: //projects--------------------------","timestamp":"2024-04-07 16:41:35"}
{"level":"info","message":"-------------------Projects fetched Successfully----------------------------","timestamp":"2024-04-07 16:41:35"}
{"level":"info","message":"---------------------Route accessed: //login--------------------------","timestamp":"2024-04-07 16:41:47"}
{"level":"info","message":{"password":"123456","userEmail":"reviwier@yopmail.com"},"timestamp":"2024-04-07 16:41:47"}
{"level":"error","message":"---------------------Error Logging the User--Require Permission from admin for login---------------------------","timestamp":"2024-04-07 16:41:47"}
{"level":"info","message":"---------------------Route accessed: //login--------------------------","timestamp":"2024-04-07 16:41:51"}
{"level":"info","message":{"password":"123456","userEmail":"reviwier@yopmail.com"},"timestamp":"2024-04-07 16:41:51"}
{"level":"error","message":"---------------------Error Logging the User--Require Permission from admin for login---------------------------","timestamp":"2024-04-07 16:41:51"}
{"level":"info","message":"---------------------Route accessed: //login--------------------------","timestamp":"2024-04-07 16:41:51"}
{"level":"info","message":{"password":"123456","userEmail":"reviwier@yopmail.com"},"timestamp":"2024-04-07 16:41:51"}
{"level":"error","message":"---------------------Error Logging the User--Require Permission from admin for login---------------------------","timestamp":"2024-04-07 16:41:51"}
{"level":"info","message":"---------------------Route accessed: //login--------------------------","timestamp":"2024-04-07 16:41:52"}
{"level":"info","message":{"password":"123456","userEmail":"reviwier@yopmail.com"},"timestamp":"2024-04-07 16:41:52"}
{"level":"error","message":"---------------------Error Logging the User--Require Permission from admin for login---------------------------","timestamp":"2024-04-07 16:41:52"}
{"level":"info","message":"---------------------Route accessed: //login--------------------------","timestamp":"2024-04-07 16:41:52"}
{"level":"info","message":{"password":"123456","userEmail":"reviwier@yopmail.com"},"timestamp":"2024-04-07 16:41:52"}
{"level":"error","message":"---------------------Error Logging the User--Require Permission from admin for login---------------------------","timestamp":"2024-04-07 16:41:52"}
{"level":"info","message":"---------------------Route accessed: //login--------------------------","timestamp":"2024-04-07 16:41:52"}
{"level":"info","message":{"password":"123456","userEmail":"reviwier@yopmail.com"},"timestamp":"2024-04-07 16:41:52"}
{"level":"error","message":"---------------------Error Logging the User--Require Permission from admin for login---------------------------","timestamp":"2024-04-07 16:41:52"}
{"level":"info","message":"---------------------Route accessed: //login--------------------------","timestamp":"2024-04-07 16:41:52"}
{"level":"info","message":{"password":"123456","userEmail":"reviwier@yopmail.com"},"timestamp":"2024-04-07 16:41:52"}
{"level":"error","message":"---------------------Error Logging the User--Require Permission from admin for login---------------------------","timestamp":"2024-04-07 16:41:53"}
{"level":"info","message":"---------------------Route accessed: //login--------------------------","timestamp":"2024-04-07 16:41:53"}
{"level":"info","message":{"password":"123456","userEmail":"reviwier@yopmail.com"},"timestamp":"2024-04-07 16:41:53"}
{"level":"error","message":"---------------------Error Logging the User--Require Permission from admin for login---------------------------","timestamp":"2024-04-07 16:41:53"}
{"level":"info","message":"---------------------Route accessed: //login--------------------------","timestamp":"2024-04-07 16:41:53"}
{"level":"info","message":{"password":"123456","userEmail":"reviwier@yopmail.com"},"timestamp":"2024-04-07 16:41:53"}
{"level":"error","message":"---------------------Error Logging the User--Require Permission from admin for login---------------------------","timestamp":"2024-04-07 16:41:53"}
{"level":"info","message":"---------------------Route accessed: //login--------------------------","timestamp":"2024-04-07 16:41:53"}
{"level":"info","message":{"password":"123456","userEmail":"reviwier@yopmail.com"},"timestamp":"2024-04-07 16:41:53"}
{"level":"error","message":"---------------------Error Logging the User--Require Permission from admin for login---------------------------","timestamp":"2024-04-07 16:41:53"}
{"level":"info","message":"---------------------Route accessed: //login--------------------------","timestamp":"2024-04-07 16:41:53"}
{"level":"info","message":{"password":"123456","userEmail":"reviwier@yopmail.com"},"timestamp":"2024-04-07 16:41:53"}
{"level":"error","message":"---------------------Error Logging the User--Require Permission from admin for login---------------------------","timestamp":"2024-04-07 16:41:53"}
{"level":"info","message":"---------------------Route accessed: //login--------------------------","timestamp":"2024-04-07 16:41:53"}
{"level":"info","message":{"password":"123456","userEmail":"reviwier@yopmail.com"},"timestamp":"2024-04-07 16:41:53"}
{"level":"error","message":"---------------------Error Logging the User--Require Permission from admin for login---------------------------","timestamp":"2024-04-07 16:41:54"}
{"level":"info","message":"---------------------Route accessed: //login--------------------------","timestamp":"2024-04-07 16:41:54"}
{"level":"info","message":{"password":"123456","userEmail":"reviwier@yopmail.com"},"timestamp":"2024-04-07 16:41:54"}
{"level":"error","message":"---------------------Error Logging the User--Require Permission from admin for login---------------------------","timestamp":"2024-04-07 16:41:54"}
{"level":"info","message":"---------------------Route accessed: //reviewers/--------------------------","timestamp":"2024-04-07 16:42:00"}
{"level":"info","message":"---------Empty Body-----------------","timestamp":"2024-04-07 16:42:00"}
{"level":"info","message":"-------------------Successfully Fetched the Reviewers------------------------------------------","timestamp":"2024-04-07 16:42:00"}
{"level":"info","message":"---------------------Route accessed: //projects--------------------------","timestamp":"2024-04-07 16:42:06"}
{"level":"info","message":"-------------------Projects fetched Successfully----------------------------","timestamp":"2024-04-07 16:42:06"}
{"level":"info","message":"---------------------Route accessed: //projects/1--------------------------","timestamp":"2024-04-07 16:44:47"}
{"level":"info","message":"-------USerId: 1------------","timestamp":"2024-04-07 16:44:47"}
{"level":"info","message":"-------------------Projects Fetched Successfully----------------------------","timestamp":"2024-04-07 16:44:47"}
{"level":"info","message":"---------------------Route accessed: //projects/1--------------------------","timestamp":"2024-04-07 16:45:00"}
{"level":"info","message":"-------USerId: 1------------","timestamp":"2024-04-07 16:45:00"}
{"level":"info","message":"-------------------Projects Fetched Successfully----------------------------","timestamp":"2024-04-07 16:45:00"}
{"level":"info","message":"---------------------Route accessed: //projects/1--------------------------","timestamp":"2024-04-07 16:48:08"}
{"level":"info","message":"-------USerId: 1------------","timestamp":"2024-04-07 16:48:08"}
{"level":"info","message":"-------------------Projects Fetched Successfully----------------------------","timestamp":"2024-04-07 16:48:08"}
{"level":"info","message":"---------------------Route accessed: //projects/1--------------------------","timestamp":"2024-04-07 16:48:36"}
{"level":"info","message":"-------USerId: 1------------","timestamp":"2024-04-07 16:48:36"}
{"level":"info","message":"-------------------Projects Fetched Successfully----------------------------","timestamp":"2024-04-07 16:48:36"}
{"level":"info","message":"---------------------Route accessed: //projects/1--------------------------","timestamp":"2024-04-07 16:50:04"}
{"level":"info","message":"-------USerId: 1------------","timestamp":"2024-04-07 16:50:04"}
{"level":"info","message":"-------------------Projects Fetched Successfully----------------------------","timestamp":"2024-04-07 16:50:04"}
{"level":"info","message":"---------------------Route accessed: //projects/1--------------------------","timestamp":"2024-04-07 16:51:29"}
{"level":"info","message":"-------USerId: 1------------","timestamp":"2024-04-07 16:51:29"}
{"level":"info","message":"-------------------Projects Fetched Successfully----------------------------","timestamp":"2024-04-07 16:51:29"}
{"level":"info","message":"---------------------Route accessed: //file/upload--------------------------","timestamp":"2024-04-07 16:52:02"}
{"level":"info","message":"---------------------Route accessed: //file/upload--------------------------","timestamp":"2024-04-07 16:52:04"}
{"level":"info","message":"---------------------Route accessed: //project--------------------------","timestamp":"2024-04-07 16:52:06"}
{"level":"info","message":{"abstractUrl":"https://my-bucket-pg.s3.amazonaws.com/changes%20%281%29.pdf","createdAt":null,"dateOfSubmission":"07-04-2024","projectAssetUrl":"https://my-bucket-pg.s3.amazonaws.com/changes%20%281%29.pdf","projectDescription":"hello this is testing msg","projectName":"Project","submittedBy":"dheeraj","userId":"1"},"timestamp":"2024-04-07 16:52:06"}
{"level":"info","message":"-------------------Successfully Created the Project----------------------------","timestamp":"2024-04-07 16:52:06"}
{"level":"info","message":"---------------------Route accessed: //projects/1--------------------------","timestamp":"2024-04-07 16:52:14"}
{"level":"info","message":"-------USerId: 1------------","timestamp":"2024-04-07 16:52:14"}
{"level":"info","message":"-------------------Projects Fetched Successfully----------------------------","timestamp":"2024-04-07 16:52:14"}
{"level":"info","message":"---------------------Route accessed: //project/1--------------------------","timestamp":"2024-04-07 16:52:19"}
{"level":"info","message":"--------------ProjectId:1----------------------------------","timestamp":"2024-04-07 16:52:19"}
{"level":"info","message":"-------------------Project found Successfully----------------------------","timestamp":"2024-04-07 16:52:19"}
{"level":"info","message":"---------------------Route accessed: //project/1--------------------------","timestamp":"2024-04-07 16:52:37"}
{"level":"info","message":"--------------ProjectId:1----------------------------------","timestamp":"2024-04-07 16:52:37"}
{"level":"info","message":"-------------------Project found Successfully----------------------------","timestamp":"2024-04-07 16:52:37"}
{"level":"info","message":"---------------------Route accessed: //projects/1--------------------------","timestamp":"2024-04-07 16:52:59"}
{"level":"info","message":"-------USerId: 1------------","timestamp":"2024-04-07 16:52:59"}
{"level":"info","message":"-------------------Projects Fetched Successfully----------------------------","timestamp":"2024-04-07 16:52:59"}
{"level":"info","message":"---------------------Route accessed: //project/1--------------------------","timestamp":"2024-04-07 16:53:01"}
{"level":"info","message":"--------------ProjectId:1----------------------------------","timestamp":"2024-04-07 16:53:01"}
{"level":"info","message":"-------------------Project found Successfully----------------------------","timestamp":"2024-04-07 16:53:01"}
{"level":"info","message":"---------------------Route accessed: //project/1--------------------------","timestamp":"2024-04-07 16:53:03"}
{"level":"info","message":"--------------ProjectId:1----------------------------------","timestamp":"2024-04-07 16:53:03"}
{"level":"info","message":"-------------------Project found Successfully----------------------------","timestamp":"2024-04-07 16:53:03"}
{"level":"info","message":"---------------------Route accessed: //login--------------------------","timestamp":"2024-04-07 16:53:37"}
{"level":"info","message":{"password":"123456","userEmail":"reviwier@yopmail.com"},"timestamp":"2024-04-07 16:53:37"}
{"level":"error","message":"---------------------Error Logging the User--Require Permission from admin for login---------------------------","timestamp":"2024-04-07 16:53:37"}
{"level":"info","message":"---------------------Route accessed: //reviewers/--------------------------","timestamp":"2024-04-07 16:53:43"}
{"level":"info","message":"---------Empty Body-----------------","timestamp":"2024-04-07 16:53:43"}
{"level":"info","message":"-------------------Successfully Fetched the Reviewers------------------------------------------","timestamp":"2024-04-07 16:53:43"}
{"level":"info","message":"---------------------Route accessed: //reviewer/3--------------------------","timestamp":"2024-04-07 16:53:45"}
{"level":"info","message":"-------------UserId: 3---------------------------","timestamp":"2024-04-07 16:53:45"}
{"level":"info","message":"-------------------Successfully Update the Reviewer Status------------------------------------------","timestamp":"2024-04-07 16:53:45"}
{"level":"info","message":"---------------------Route accessed: //reviewers/--------------------------","timestamp":"2024-04-07 16:53:45"}
{"level":"info","message":"---------Empty Body-----------------","timestamp":"2024-04-07 16:53:45"}
{"level":"info","message":"-------------------Successfully Fetched the Reviewers------------------------------------------","timestamp":"2024-04-07 16:53:45"}
{"level":"info","message":"---------------------Route accessed: //login--------------------------","timestamp":"2024-04-07 16:53:52"}
{"level":"info","message":{"password":"123456","userEmail":"reviwier@yopmail.com"},"timestamp":"2024-04-07 16:53:52"}
{"level":"info","message":"--------------------------Logged In Successfully---------------------------------","timestamp":"2024-04-07 16:53:52"}
{"level":"info","message":"---------------------Route accessed: //projects--------------------------","timestamp":"2024-04-07 16:53:52"}
{"level":"info","message":"-------------------Projects fetched Successfully----------------------------","timestamp":"2024-04-07 16:53:52"}
{"level":"info","message":"---------------------Route accessed: //projects--------------------------","timestamp":"2024-04-07 16:53:55"}
{"level":"info","message":"-------------------Projects fetched Successfully----------------------------","timestamp":"2024-04-07 16:53:55"}
{"level":"info","message":"---------------------Route accessed: //project/1--------------------------","timestamp":"2024-04-07 16:54:01"}
{"level":"info","message":"--------------ProjectId:1----------------------------------","timestamp":"2024-04-07 16:54:01"}
{"level":"info","message":"-------------------Project found Successfully----------------------------","timestamp":"2024-04-07 16:54:01"}
{"level":"info","message":"---------------------Route accessed: //project/1--------------------------","timestamp":"2024-04-07 16:54:08"}
{"level":"info","message":"--------------ProjectId:1----------------------------------","timestamp":"2024-04-07 16:54:08"}
{"level":"info","message":"-------------------Project found Successfully----------------------------","timestamp":"2024-04-07 16:54:08"}
{"level":"info","message":"---------------------Route accessed: //projects--------------------------","timestamp":"2024-04-07 22:01:56"}
{"level":"info","message":"-------------------Projects fetched Successfully----------------------------","timestamp":"2024-04-07 22:01:56"}
{"level":"info","message":"---------------------Route accessed: //login--------------------------","timestamp":"2024-04-07 22:04:48"}
{"level":"info","message":{},"timestamp":"2024-04-07 22:04:48"}
{"level":"error","message":"---------------------Error Logging the User--WHERE parameter \"email\" has invalid \"undefined\" value---------------------------","timestamp":"2024-04-07 22:04:48"}
{"level":"info","message":"---------------------Route accessed: //resetPassword/--------------------------","timestamp":"2024-04-07 22:08:55"}
{"level":"info","message":"-------------user email.:--------undefined------------------","timestamp":"2024-04-07 22:08:55"}
{"level":"error","message":"---------------------Error sending otp:, WHERE parameter \"email\" has invalid \"undefined\" value------------------------------------","timestamp":"2024-04-07 22:08:55"}
{"level":"info","message":"---------------------Route accessed: //resetPassword/--------------------------","timestamp":"2024-04-07 22:09:10"}
{"level":"info","message":"-------------user email.:--------undefined------------------","timestamp":"2024-04-07 22:09:10"}
{"level":"error","message":"---------------------Error sending otp:, WHERE parameter \"email\" has invalid \"undefined\" value------------------------------------","timestamp":"2024-04-07 22:09:10"}
{"level":"info","message":"---------------------Route accessed: //resetPassword/--------------------------","timestamp":"2024-04-07 22:09:34"}
{"level":"info","message":"-------------user email.:--------undefined------------------","timestamp":"2024-04-07 22:09:34"}
{"level":"error","message":"---------------------Error sending otp:, WHERE parameter \"email\" has invalid \"undefined\" value------------------------------------","timestamp":"2024-04-07 22:09:34"}
{"level":"info","message":"---------------------Route accessed: //resetPassword/--------------------------","timestamp":"2024-04-07 22:11:24"}
{"level":"info","message":"-------------user email.:--------undefined------------------","timestamp":"2024-04-07 22:11:24"}
{"level":"info","message":"-------------------Successfully generated OTP------------------------------------------","timestamp":"2024-04-07 22:11:24"}
{"level":"info","message":"---------------------Route accessed: //resetPassword/--------------------------","timestamp":"2024-04-07 22:12:39"}
{"level":"info","message":"-------------user email.:--------undefined------------------","timestamp":"2024-04-07 22:12:39"}
{"level":"info","message":"-------------------Successfully generated OTP------------------------------------------","timestamp":"2024-04-07 22:12:39"}
{"level":"info","message":"---------------------Route accessed: //resetPassword/--------------------------","timestamp":"2024-04-07 22:13:20"}
{"level":"info","message":"-------------user email.:--------undefined------------------","timestamp":"2024-04-07 22:13:20"}
{"level":"info","message":"-------------------Successfully generated OTP------------------------------------------","timestamp":"2024-04-07 22:13:20"}
{"level":"info","message":"---------------------Route accessed: //resetPassword/--------------------------","timestamp":"2024-04-07 22:14:00"}
{"level":"info","message":"-------------user email.:--------manish@mailinator.com------------------","timestamp":"2024-04-07 22:14:00"}
{"level":"info","message":"-------------------Successfully generated OTP------------------------------------------","timestamp":"2024-04-07 22:14:00"}
{"level":"info","message":"---------------------Route accessed: //resetPassword/--------------------------","timestamp":"2024-04-07 22:14:46"}
{"level":"info","message":"-------------user email.:--------manish@mailinator.com------------------","timestamp":"2024-04-07 22:14:46"}
{"level":"error","message":"---------------------Error sending otp:, moment is not defined------------------------------------","timestamp":"2024-04-07 22:14:46"}
{"level":"info","message":"---------------------Route accessed: //resetPassword/--------------------------","timestamp":"2024-04-07 22:17:26"}
{"level":"info","message":"-------------user email.:--------manish@mailinator.com------------------","timestamp":"2024-04-07 22:17:26"}
{"level":"error","message":"---------------------Error sending otp:, 604C0000:error:0A00010B:SSL routines:ssl3_get_record:wrong version number:c:\\ws\\deps\\openssl\\openssl\\ssl\\record\\ssl3_record.c:355:\n------------------------------------","timestamp":"2024-04-07 22:17:27"}
{"level":"info","message":"---------------------Route accessed: //resetPassword/--------------------------","timestamp":"2024-04-07 22:18:19"}
{"level":"info","message":"-------------user email.:--------manish@mailinator.com------------------","timestamp":"2024-04-07 22:18:19"}
{"level":"error","message":"---------------------Error sending otp:, E01D0000:error:0A00010B:SSL routines:ssl3_get_record:wrong version number:c:\\ws\\deps\\openssl\\openssl\\ssl\\record\\ssl3_record.c:355:\n------------------------------------","timestamp":"2024-04-07 22:18:20"}
{"level":"info","message":"---------------------Route accessed: //resetPassword/--------------------------","timestamp":"2024-04-07 22:20:12"}
{"level":"info","message":"-------------user email.:--------manish@mailinator.com------------------","timestamp":"2024-04-07 22:20:12"}
{"level":"error","message":"---------------------Error sending otp:, F04C0000:error:0A00010B:SSL routines:ssl3_get_record:wrong version number:c:\\ws\\deps\\openssl\\openssl\\ssl\\record\\ssl3_record.c:355:\n------------------------------------","timestamp":"2024-04-07 22:20:13"}
{"level":"info","message":"---------------------Route accessed: //resetPassword/--------------------------","timestamp":"2024-04-07 22:20:54"}
{"level":"info","message":"-------------user email.:--------manish@mailinator.com------------------","timestamp":"2024-04-07 22:20:54"}
{"level":"error","message":"---------------------Error sending otp:, 1C070000:error:0A00010B:SSL routines:ssl3_get_record:wrong version number:c:\\ws\\deps\\openssl\\openssl\\ssl\\record\\ssl3_record.c:355:\n------------------------------------","timestamp":"2024-04-07 22:20:55"}
