{"level":"info","message":"---------------------Route accessed: //login--------------------------","timestamp":"2024-03-31 14:25:41"}
{"level":"info","message":"---------------------Route accessed: //projects/23--------------------------","timestamp":"2024-03-31 22:16:23"}
{"level":"info","message":"-------USerId: 23------------","timestamp":"2024-03-31 22:16:23"}
{"level":"info","message":"-------------------Projects Fetched Successfully----------------------------","timestamp":"2024-03-31 22:16:23"}
{"level":"info","message":"---------------------Route accessed: //projects/23--------------------------","timestamp":"2024-03-31 22:19:23"}
{"level":"info","message":"-------USerId: 23------------","timestamp":"2024-03-31 22:19:23"}
{"level":"info","message":"-------------------Projects Fetched Successfully----------------------------","timestamp":"2024-03-31 22:19:23"}
{"level":"info","message":"---------------------Route accessed: //projects/23--------------------------","timestamp":"2024-03-31 22:21:03"}
{"level":"info","message":"-------USerId: 23------------","timestamp":"2024-03-31 22:21:03"}
{"level":"info","message":"-------------------Projects Fetched Successfully----------------------------","timestamp":"2024-03-31 22:21:04"}
{"level":"info","message":"---------------------Route accessed: //projects/23--------------------------","timestamp":"2024-03-31 22:22:42"}
{"level":"info","message":"-------USerId: 23------------","timestamp":"2024-03-31 22:22:42"}
{"level":"info","message":"-------------------Projects Fetched Successfully----------------------------","timestamp":"2024-03-31 22:22:43"}
{"level":"info","message":"---------------------Route accessed: //projects/23--------------------------","timestamp":"2024-03-31 22:25:34"}
{"level":"info","message":"-------USerId: 23------------","timestamp":"2024-03-31 22:25:34"}
{"level":"info","message":"-------------------Projects Fetched Successfully----------------------------","timestamp":"2024-03-31 22:25:35"}
{"level":"info","message":"---------------------Route accessed: //projects/23--------------------------","timestamp":"2024-03-31 22:26:21"}
{"level":"info","message":"-------USerId: 23------------","timestamp":"2024-03-31 22:26:21"}
{"level":"info","message":"-------------------Projects Fetched Successfully----------------------------","timestamp":"2024-03-31 22:26:22"}
{"level":"info","message":"---------------------Route accessed: //project/6--------------------------","timestamp":"2024-03-31 22:27:07"}
{"level":"info","message":"-------ProjectId: 6------------","timestamp":"2024-03-31 22:27:07"}
{"level":"info","message":{"remak":"approving this project for check","status":"PENDING"},"timestamp":"2024-03-31 22:27:07"}
{"level":"info","message":"-------------------Projects Status Updated Successfully----------------------------","timestamp":"2024-03-31 22:27:08"}
{"level":"info","message":"---------------------Route accessed: //project/6--------------------------","timestamp":"2024-03-31 22:27:32"}
{"level":"info","message":"-------ProjectId: 6------------","timestamp":"2024-03-31 22:27:32"}
{"level":"info","message":{"remark":"approving this project for check","status":"PENDING"},"timestamp":"2024-03-31 22:27:32"}
{"level":"info","message":"-------------------Projects Status Updated Successfully----------------------------","timestamp":"2024-03-31 22:27:32"}
{"level":"info","message":"---------------------Route accessed: //projects/23--------------------------","timestamp":"2024-03-31 22:29:15"}
{"level":"info","message":"-------USerId: 23------------","timestamp":"2024-03-31 22:29:15"}
{"level":"info","message":"-------------------Projects Fetched Successfully----------------------------","timestamp":"2024-03-31 22:29:16"}
{"level":"info","message":"---------------------Route accessed: //projects/23--------------------------","timestamp":"2024-03-31 22:30:08"}
{"level":"info","message":"-------USerId: 23------------","timestamp":"2024-03-31 22:30:08"}
{"level":"info","message":"-------------------Projects Fetched Successfully----------------------------","timestamp":"2024-03-31 22:30:09"}
{"level":"info","message":"---------------------Route accessed: //projects/23--------------------------","timestamp":"2024-03-31 22:30:32"}
{"level":"info","message":"-------USerId: 23------------","timestamp":"2024-03-31 22:30:32"}
{"level":"info","message":"-------------------Projects Fetched Successfully----------------------------","timestamp":"2024-03-31 22:30:33"}
{"level":"info","message":"---------------------Route accessed: //projects/23--------------------------","timestamp":"2024-03-31 22:32:31"}
{"level":"info","message":"-------USerId: 23------------","timestamp":"2024-03-31 22:32:31"}
{"level":"info","message":"-------------------Projects Fetched Successfully----------------------------","timestamp":"2024-03-31 22:32:32"}
{"level":"info","message":"---------------------Route accessed: //projects/23--------------------------","timestamp":"2024-03-31 22:33:53"}
{"level":"info","message":"-------USerId: 23------------","timestamp":"2024-03-31 22:33:53"}
{"level":"info","message":"-------------------Projects Fetched Successfully----------------------------","timestamp":"2024-03-31 22:33:54"}
{"level":"info","message":"---------------------Route accessed: //projects/23--------------------------","timestamp":"2024-03-31 22:35:10"}
{"level":"info","message":"-------USerId: 23------------","timestamp":"2024-03-31 22:35:10"}
{"level":"info","message":"-------------------Projects Fetched Successfully----------------------------","timestamp":"2024-03-31 22:35:11"}
{"level":"info","message":"---------------------Route accessed: //projects/23--------------------------","timestamp":"2024-03-31 22:36:30"}
{"level":"info","message":"-------USerId: 23------------","timestamp":"2024-03-31 22:36:30"}
{"level":"info","message":"-------------------Projects Fetched Successfully----------------------------","timestamp":"2024-03-31 22:36:31"}
{"level":"info","message":"---------------------Route accessed: //projects/23--------------------------","timestamp":"2024-03-31 22:39:09"}
{"level":"info","message":"-------USerId: 23------------","timestamp":"2024-03-31 22:39:09"}
{"level":"info","message":"-------------------Projects Fetched Successfully----------------------------","timestamp":"2024-03-31 22:39:10"}
{"level":"info","message":"---------------------Route accessed: //projects/23--------------------------","timestamp":"2024-03-31 22:42:02"}
{"level":"info","message":"-------USerId: 23------------","timestamp":"2024-03-31 22:42:02"}
{"level":"info","message":"-------------------Projects Fetched Successfully----------------------------","timestamp":"2024-03-31 22:42:03"}
{"level":"info","message":"---------------------Route accessed: //projects/23--------------------------","timestamp":"2024-03-31 22:42:41"}
{"level":"info","message":"-------USerId: 23------------","timestamp":"2024-03-31 22:42:41"}
{"level":"info","message":"-------------------Projects Fetched Successfully----------------------------","timestamp":"2024-03-31 22:42:42"}
{"level":"info","message":"---------------------Route accessed: //projects/23--------------------------","timestamp":"2024-03-31 22:45:35"}
{"level":"info","message":"-------USerId: 23------------","timestamp":"2024-03-31 22:45:35"}
{"level":"info","message":"-------------------Projects Fetched Successfully----------------------------","timestamp":"2024-03-31 22:45:36"}
{"level":"info","message":"---------------------Route accessed: //projects/23--------------------------","timestamp":"2024-03-31 22:46:54"}
{"level":"info","message":"-------USerId: 23------------","timestamp":"2024-03-31 22:46:54"}
{"level":"info","message":"-------------------Projects Fetched Successfully----------------------------","timestamp":"2024-03-31 22:46:55"}
{"level":"info","message":"---------------------Route accessed: //projects/23--------------------------","timestamp":"2024-03-31 22:48:55"}
{"level":"info","message":"-------USerId: 23------------","timestamp":"2024-03-31 22:48:55"}
{"level":"info","message":"-------------------Projects Fetched Successfully----------------------------","timestamp":"2024-03-31 22:48:56"}
{"level":"info","message":"---------------------Route accessed: //projects/23--------------------------","timestamp":"2024-03-31 23:27:55"}
{"level":"info","message":"-------USerId: 23------------","timestamp":"2024-03-31 23:27:55"}
{"level":"info","message":"-------------------Projects Fetched Successfully----------------------------","timestamp":"2024-03-31 23:27:56"}
{"level":"info","message":"---------------------Route accessed: //projects/23--------------------------","timestamp":"2024-03-31 23:28:32"}
{"level":"info","message":"-------USerId: 23------------","timestamp":"2024-03-31 23:28:32"}
{"level":"info","message":"-------------------Projects Fetched Successfully----------------------------","timestamp":"2024-03-31 23:28:33"}
{"level":"info","message":"---------------------Route accessed: //projects/23--------------------------","timestamp":"2024-03-31 23:30:13"}
{"level":"info","message":"-------USerId: 23------------","timestamp":"2024-03-31 23:30:13"}
{"level":"info","message":"-------------------Projects Fetched Successfully----------------------------","timestamp":"2024-03-31 23:30:14"}
{"level":"info","message":"---------------------Route accessed: //projects/23--------------------------","timestamp":"2024-03-31 23:30:48"}
{"level":"info","message":"-------USerId: 23------------","timestamp":"2024-03-31 23:30:48"}
{"level":"info","message":"-------------------Projects Fetched Successfully----------------------------","timestamp":"2024-03-31 23:30:49"}
{"level":"info","message":"---------------------Route accessed: //projects--------------------------","timestamp":"2024-03-31 23:31:14"}
{"level":"info","message":"-------------------Projects fetched Successfully----------------------------","timestamp":"2024-03-31 23:31:14"}
{"level":"info","message":"---------------------Route accessed: //projects--------------------------","timestamp":"2024-03-31 23:37:32"}
{"level":"info","message":"-------------------Projects fetched Successfully----------------------------","timestamp":"2024-03-31 23:37:32"}
{"level":"info","message":"---------------------Route accessed: //login--------------------------","timestamp":"2024-04-01 09:09:45"}
{"level":"info","message":{"password":"12345678","username":"david@anymail.com"},"timestamp":"2024-04-01 09:09:45"}
{"level":"error","message":"---------------------Error Logging the User--WHERE parameter \"email\" has invalid \"undefined\" value---------------------------","timestamp":"2024-04-01 09:09:45"}
{"level":"info","message":"---------------------Route accessed: //login--------------------------","timestamp":"2024-04-01 09:09:55"}
{"level":"info","message":{"password":"David123","username":"david@anymail.com"},"timestamp":"2024-04-01 09:09:55"}
{"level":"error","message":"---------------------Error Logging the User--WHERE parameter \"email\" has invalid \"undefined\" value---------------------------","timestamp":"2024-04-01 09:09:55"}
